#
# There is insufficient memory for the Java Runtime Environment to continue.
# Native memory allocation (malloc) failed to allocate 1485456 bytes. Error detail: Chunk::new
# Possible reasons:
#   The system is out of physical RAM or swap space
#   This process is running with CompressedOops enabled, and the Java Heap may be blocking the growth of the native heap
# Possible solutions:
#   Reduce memory load on the system
#   Increase physical memory or swap space
#   Check if swap backing store is full
#   Decrease Java heap size (-Xmx/-Xms)
#   Decrease number of Java threads
#   Decrease Java thread stack sizes (-Xss)
#   Set larger code cache with -XX:ReservedCodeCacheSize=
#   JVM is running with Unscaled Compressed Oops mode in which the Java heap is
#     placed in the first 4GB address space. The Java Heap base address is the
#     maximum limit for the native heap growth. Please use -XX:HeapBaseMinAddress
#     to set the Java Heap base and to place the Java Heap above 4GB virtual address.
# This output file may be truncated or incomplete.
#
#  Out of Memory Error (arena.cpp:168), pid=18380, tid=13624
#
# JRE version: OpenJDK Runtime Environment Temurin-21.0.5+11 (21.0.5+11) (build 21.0.5+11-LTS)
# Java VM: OpenJDK 64-Bit Server VM Temurin-21.0.5+11 (21.0.5+11-LTS, mixed mode, sharing, tiered, compressed oops, compressed class ptrs, parallel gc, windows-amd64)
# No core dump will be written. Minidumps are not enabled by default on client versions of Windows
#

---------------  S U M M A R Y ------------

Command Line: --add-modules=ALL-SYSTEM --add-opens=java.base/java.util=ALL-UNNAMED --add-opens=java.base/java.lang=ALL-UNNAMED --add-opens=java.base/sun.nio.fs=ALL-UNNAMED -Declipse.application=org.eclipse.jdt.ls.core.id1 -Dosgi.bundles.defaultStartLevel=4 -Declipse.product=org.eclipse.jdt.ls.core.product -Djava.import.generatesMetadataFilesAtProjectRoot=false -DDetectVMInstallationsJob.disabled=true -Dfile.encoding=utf8 -XX:+UseParallelGC -XX:GCTimeRatio=4 -XX:AdaptiveSizePolicyWeight=90 -Dsun.zip.disableMemoryMapping=true -Xmx1G -Xms100m -Xlog:disable -javaagent:c:\Users\Namra\.vscode\extensions\redhat.java-1.39.0-win32-x64\lombok\lombok-1.18.34.jar -XX:+HeapDumpOnOutOfMemoryError -XX:HeapDumpPath=c:\Users\Namra\AppData\Roaming\Code\User\workspaceStorage\2d43af48f09009ed875a0223dc814b0b\redhat.java -Daether.dependencyCollector.impl=bf c:\Users\Namra\.vscode\extensions\redhat.java-1.39.0-win32-x64\server\plugins\org.eclipse.equinox.launcher_1.6.900.v20240613-2009.jar -configuration c:\Users\Namra\AppData\Roaming\Code\User\globalStorage\redhat.java\1.39.0\config_win -data c:\Users\Namra\AppData\Roaming\Code\User\workspaceStorage\2d43af48f09009ed875a0223dc814b0b\redhat.java\jdt_ws --pipe=\\.\pipe\lsp-fe4a552cd224c386cccd766362734976-sock

Host: AMD Ryzen 5 5600H with Radeon Graphics         , 12 cores, 3G,  Windows 11 , 64 bit Build 22621 (10.0.22621.4391)
Time: Sun Feb  9 11:37:02 2025 India Standard Time elapsed time: 6.165624 seconds (0d 0h 0m 6s)

---------------  T H R E A D  ---------------

Current thread (0x000001eae79d4dd0):  JavaThread "C2 CompilerThread0" daemon [_thread_in_native, id=13624, stack(0x000000e8a7a00000,0x000000e8a7b00000) (1024K)]


Current CompileTask:
C2:6165 3268       4       java.lang.invoke.MethodType::makeImpl (109 bytes)

Stack: [0x000000e8a7a00000,0x000000e8a7b00000]
Native frames: (J=compiled Java code, j=interpreted, Vv=VM code, C=native code)
V  [jvm.dll+0x6cd4e9]
V  [jvm.dll+0x8a7941]
V  [jvm.dll+0x8a9e6e]
V  [jvm.dll+0x8aa543]
V  [jvm.dll+0x27f6d6]
V  [jvm.dll+0xc500d]
V  [jvm.dll+0xc5543]
V  [jvm.dll+0x3b65d2]
V  [jvm.dll+0x382835]
V  [jvm.dll+0x381c9a]
V  [jvm.dll+0x2479d0]
V  [jvm.dll+0x246faf]
V  [jvm.dll+0x1c75ce]
V  [jvm.dll+0x25682a]
V  [jvm.dll+0x254dca]
V  [jvm.dll+0x3f00d6]
V  [jvm.dll+0x8514fb]
V  [jvm.dll+0x6cbbed]
C  [ucrtbase.dll+0x29333]
C  [KERNEL32.DLL+0x1259d]
C  [ntdll.dll+0x5af38]


---------------  P R O C E S S  ---------------

Threads class SMR info:
_java_thread_list=0x000001eaeca7cd10, length=22, elements={
0x000001eacf128760, 0x000001eae58be310, 0x000001eae79c49e0, 0x000001eae79c8930,
0x000001eae79c9580, 0x000001eae79cac60, 0x000001eae79d3830, 0x000001eae79d4dd0,
0x000001eae79d81d0, 0x000001eae7ab3f50, 0x000001eae7ab3230, 0x000001eae7ab45e0,
0x000001eae7ab1e80, 0x000001eae7ab17f0, 0x000001eae7ab4c70, 0x000001eae7ab38c0,
0x000001eae7ab2510, 0x000001eae7ab2ba0, 0x000001eaeccff3c0, 0x000001eaeccffa50,
0x000001eaecd000e0, 0x000001eaeccfd2f0
}

Java Threads: ( => current thread )
  0x000001eacf128760 JavaThread "main"                              [_thread_blocked, id=2300, stack(0x000000e8a7000000,0x000000e8a7100000) (1024K)]
  0x000001eae58be310 JavaThread "Reference Handler"          daemon [_thread_blocked, id=5432, stack(0x000000e8a7400000,0x000000e8a7500000) (1024K)]
  0x000001eae79c49e0 JavaThread "Finalizer"                  daemon [_thread_blocked, id=3548, stack(0x000000e8a7500000,0x000000e8a7600000) (1024K)]
  0x000001eae79c8930 JavaThread "Signal Dispatcher"          daemon [_thread_blocked, id=13384, stack(0x000000e8a7600000,0x000000e8a7700000) (1024K)]
  0x000001eae79c9580 JavaThread "Attach Listener"            daemon [_thread_blocked, id=14628, stack(0x000000e8a7700000,0x000000e8a7800000) (1024K)]
  0x000001eae79cac60 JavaThread "Service Thread"             daemon [_thread_blocked, id=6368, stack(0x000000e8a7800000,0x000000e8a7900000) (1024K)]
  0x000001eae79d3830 JavaThread "Monitor Deflation Thread"   daemon [_thread_blocked, id=16492, stack(0x000000e8a7900000,0x000000e8a7a00000) (1024K)]
=>0x000001eae79d4dd0 JavaThread "C2 CompilerThread0"         daemon [_thread_in_native, id=13624, stack(0x000000e8a7a00000,0x000000e8a7b00000) (1024K)]
  0x000001eae79d81d0 JavaThread "C1 CompilerThread0"         daemon [_thread_in_native, id=16496, stack(0x000000e8a7b00000,0x000000e8a7c00000) (1024K)]
  0x000001eae7ab3f50 JavaThread "Common-Cleaner"             daemon [_thread_blocked, id=11156, stack(0x000000e8a7c00000,0x000000e8a7d00000) (1024K)]
  0x000001eae7ab3230 JavaThread "Notification Thread"        daemon [_thread_blocked, id=7776, stack(0x000000e8a7d00000,0x000000e8a7e00000) (1024K)]
  0x000001eae7ab45e0 JavaThread "Active Thread: Equinox Container: ef689ce3-bf88-4896-bc36-767126379c8c"        [_thread_blocked, id=10584, stack(0x000000e8a8400000,0x000000e8a8500000) (1024K)]
  0x000001eae7ab1e80 JavaThread "Refresh Thread: Equinox Container: ef689ce3-bf88-4896-bc36-767126379c8c" daemon [_thread_blocked, id=8120, stack(0x000000e8a8500000,0x000000e8a8600000) (1024K)]
  0x000001eae7ab17f0 JavaThread "Framework Event Dispatcher: Equinox Container: ef689ce3-bf88-4896-bc36-767126379c8c" daemon [_thread_blocked, id=9532, stack(0x000000e8a8700000,0x000000e8a8800000) (1024K)]
  0x000001eae7ab4c70 JavaThread "Start Level: Equinox Container: ef689ce3-bf88-4896-bc36-767126379c8c" daemon [_thread_in_Java, id=4684, stack(0x000000e8a8800000,0x000000e8a8900000) (1024K)]
  0x000001eae7ab38c0 JavaThread "Bundle File Closer"         daemon [_thread_blocked, id=12500, stack(0x000000e8a8900000,0x000000e8a8a00000) (1024K)]
  0x000001eae7ab2510 JavaThread "SCR Component Actor"        daemon [_thread_blocked, id=10552, stack(0x000000e8a8c00000,0x000000e8a8d00000) (1024K)]
  0x000001eae7ab2ba0 JavaThread "SCR Component Registry"     daemon [_thread_blocked, id=10380, stack(0x000000e8a8d00000,0x000000e8a8e00000) (1024K)]
  0x000001eaeccff3c0 JavaThread "Worker-JM"                         [_thread_blocked, id=10388, stack(0x000000e8a8e00000,0x000000e8a8f00000) (1024K)]
  0x000001eaeccffa50 JavaThread "JNA Cleaner"                daemon [_thread_blocked, id=8416, stack(0x000000e8a8f00000,0x000000e8a9000000) (1024K)]
  0x000001eaecd000e0 JavaThread "Worker-0: Checking project encoding"        [_thread_blocked, id=7604, stack(0x000000e8a9000000,0x000000e8a9100000) (1024K)]
  0x000001eaeccfd2f0 JavaThread "Worker-1"                          [_thread_blocked, id=17592, stack(0x000000e8a9100000,0x000000e8a9200000) (1024K)]
Total: 22

Other Threads:
  0x000001ead142ea80 VMThread "VM Thread"                           [id=17328, stack(0x000000e8a7300000,0x000000e8a7400000) (1024K)]
  0x000001eae579ca10 WatcherThread "VM Periodic Task Thread"        [id=5976, stack(0x000000e8a7200000,0x000000e8a7300000) (1024K)]
  0x000001ead138d8c0 WorkerThread "GC Thread#0"                     [id=13484, stack(0x000000e8a7100000,0x000000e8a7200000) (1024K)]
  0x000001eae7da3fd0 WorkerThread "GC Thread#1"                     [id=2396, stack(0x000000e8a7e00000,0x000000e8a7f00000) (1024K)]
  0x000001eaec55d9d0 WorkerThread "GC Thread#2"                     [id=16508, stack(0x000000e8a7f00000,0x000000e8a8000000) (1024K)]
  0x000001eae7d9f430 WorkerThread "GC Thread#3"                     [id=17780, stack(0x000000e8a8000000,0x000000e8a8100000) (1024K)]
  0x000001eaec2b2210 WorkerThread "GC Thread#4"                     [id=376, stack(0x000000e8a8100000,0x000000e8a8200000) (1024K)]
  0x000001eaec643c90 WorkerThread "GC Thread#5"                     [id=5188, stack(0x000000e8a8200000,0x000000e8a8300000) (1024K)]
  0x000001eaec644030 WorkerThread "GC Thread#6"                     [id=9136, stack(0x000000e8a8300000,0x000000e8a8400000) (1024K)]
  0x000001eaec75d330 WorkerThread "GC Thread#7"                     [id=12300, stack(0x000000e8a8600000,0x000000e8a8700000) (1024K)]
  0x000001eaec75bd70 WorkerThread "GC Thread#8"                     [id=13560, stack(0x000000e8a8a00000,0x000000e8a8b00000) (1024K)]
  0x000001eaec75c110 WorkerThread "GC Thread#9"                     [id=9480, stack(0x000000e8a8b00000,0x000000e8a8c00000) (1024K)]
Total: 12

Threads with active compile tasks:
C2 CompilerThread0  6206 3268       4       java.lang.invoke.MethodType::makeImpl (109 bytes)
C1 CompilerThread0  6206 3486       3       org.eclipse.osgi.container.ModuleWiring$LoaderInitializer::<init> (10 bytes)
Total: 2

VM state: not at safepoint (normal execution)

VM Mutex/Monitor currently owned by a thread:  ([mutex/lock_event])
[0x00007ffe4ba2bf00] MethodCompileQueue_lock - owner thread: 0x0000000000000000

Heap address: 0x00000000c0000000, size: 1024 MB, Compressed Oops mode: 32-bit

CDS archive(s) mapped at: [0x000001ea80000000-0x000001ea80ba0000-0x000001ea80ba0000), size 12189696, SharedBaseAddress: 0x000001ea80000000, ArchiveRelocationMode: 1.
Compressed class space mapped at: 0x000001ea81000000-0x000001eac1000000, reserved size: 1073741824
Narrow klass base: 0x000001ea80000000, Narrow klass shift: 0, Narrow klass range: 0x100000000

GC Precious Log:
 CardTable entry size: 512
 CPUs: 12 total, 12 available
 Memory: 3423M
 Large Page Support: Disabled
 NUMA Support: Disabled
 Compressed Oops: Enabled (32-bit)
 Alignments: Space 512K, Generation 512K, Heap 2M
 Heap Min Capacity: 100M
 Heap Initial Capacity: 100M
 Heap Max Capacity: 1G
 Pre-touch: Disabled
 Parallel Workers: 10

Heap:
 PSYoungGen      total 29184K, used 19925K [0x00000000eab00000, 0x00000000ecf80000, 0x0000000100000000)
  eden space 25088K, 63% used [0x00000000eab00000,0x00000000eba75a58,0x00000000ec380000)
  from space 4096K, 99% used [0x00000000ec400000,0x00000000ec7ffab0,0x00000000ec800000)
  to   space 6144K, 0% used [0x00000000ec980000,0x00000000ec980000,0x00000000ecf80000)
 ParOldGen       total 68608K, used 8440K [0x00000000c0000000, 0x00000000c4300000, 0x00000000eab00000)
  object space 68608K, 12% used [0x00000000c0000000,0x00000000c083e3a8,0x00000000c4300000)
 Metaspace       used 18051K, committed 18816K, reserved 1114112K
  class space    used 1809K, committed 2112K, reserved 1048576K

Card table byte_map: [0x000001ead0d10000,0x000001ead0f20000] _byte_map_base: 0x000001ead0710000

Marking Bits: (ParMarkBitMap*) 0x00007ffe4ba32250
 Begin Bits: [0x000001eae36c0000, 0x000001eae46c0000)
 End Bits:   [0x000001eae46c0000, 0x000001eae56c0000)

Polling page: 0x000001eacf340000

Metaspace:

Usage:
  Non-class:     15.86 MB used.
      Class:      1.77 MB used.
       Both:     17.63 MB used.

Virtual space:
  Non-class space:       64.00 MB reserved,      16.31 MB ( 25%) committed,  1 nodes.
      Class space:        1.00 GB reserved,       2.06 MB ( <1%) committed,  1 nodes.
             Both:        1.06 GB reserved,      18.38 MB (  2%) committed. 

Chunk freelists:
   Non-Class:  15.72 MB
       Class:  13.96 MB
        Both:  29.68 MB

MaxMetaspaceSize: unlimited
CompressedClassSpaceSize: 1.00 GB
Initial GC threshold: 21.00 MB
Current GC threshold: 21.00 MB
CDS: on
 - commit_granule_bytes: 65536.
 - commit_granule_words: 8192.
 - virtual_space_node_default_size: 8388608.
 - enlarge_chunks_in_place: 1.
 - use_allocation_guard: 0.


Internal statistics:

num_allocs_failed_limit: 0.
num_arena_births: 488.
num_arena_deaths: 0.
num_vsnodes_births: 2.
num_vsnodes_deaths: 0.
num_space_committed: 294.
num_space_uncommitted: 0.
num_chunks_returned_to_freelist: 0.
num_chunks_taken_from_freelist: 1166.
num_chunk_merges: 0.
num_chunk_splits: 744.
num_chunks_enlarged: 475.
num_inconsistent_stats: 0.

CodeHeap 'non-profiled nmethods': size=120000Kb used=1350Kb max_used=1350Kb free=118649Kb
 bounds [0x000001eadc190000, 0x000001eadc400000, 0x000001eae36c0000]
CodeHeap 'profiled nmethods': size=120000Kb used=6955Kb max_used=6955Kb free=113044Kb
 bounds [0x000001ead46c0000, 0x000001ead4d90000, 0x000001eadbbf0000]
CodeHeap 'non-nmethods': size=5760Kb used=1266Kb max_used=1285Kb free=4493Kb
 bounds [0x000001eadbbf0000, 0x000001eadbe60000, 0x000001eadc190000]
 total_blobs=4012 nmethods=3474 adapters=444
 compilation: enabled
              stopped_count=0, restarted_count=0
 full_count=0

Compilation events (20 events):
Event: 6.150 Thread 0x000001eae79d81d0 nmethod 3455 0x000001ead4d5f710 code [0x000001ead4d5f8c0, 0x000001ead4d5fac8]
Event: 6.151 Thread 0x000001eae79d81d0 3456       3       org.objectweb.asm.MethodWriter::visitVarInsn (302 bytes)
Event: 6.152 Thread 0x000001eae79d81d0 nmethod 3456 0x000001ead4d5fb90 code [0x000001ead4d5fe00, 0x000001ead4d60780]
Event: 6.152 Thread 0x000001eae79d81d0 3458       3       org.objectweb.asm.commons.LocalVariablesSorter::visitVarInsn (159 bytes)
Event: 6.153 Thread 0x000001eae79d81d0 nmethod 3458 0x000001ead4d60a10 code [0x000001ead4d60c80, 0x000001ead4d61688]
Event: 6.153 Thread 0x000001eae79d81d0 3459       3       org.objectweb.asm.MethodWriter::addSuccessorToCurrentBasicBlock (24 bytes)
Event: 6.153 Thread 0x000001eae79d81d0 nmethod 3459 0x000001ead4d61a10 code [0x000001ead4d61bc0, 0x000001ead4d61e40]
Event: 6.153 Thread 0x000001eae79d81d0 3452       3       org.objectweb.asm.Label::addLineNumber (106 bytes)
Event: 6.154 Thread 0x000001eae79d81d0 nmethod 3452 0x000001ead4d61f90 code [0x000001ead4d62160, 0x000001ead4d625e8]
Event: 6.154 Thread 0x000001eae79d81d0 3453       3       org.objectweb.asm.tree.MethodNode::visitLineNumber (21 bytes)
Event: 6.155 Thread 0x000001eae79d81d0 nmethod 3453 0x000001ead4d62790 code [0x000001ead4d629a0, 0x000001ead4d63150]
Event: 6.155 Thread 0x000001eae79d81d0 3454       3       org.objectweb.asm.tree.LineNumberNode::<init> (16 bytes)
Event: 6.155 Thread 0x000001eae79d81d0 nmethod 3454 0x000001ead4d63410 code [0x000001ead4d635c0, 0x000001ead4d637b8]
Event: 6.155 Thread 0x000001eae79d81d0 3451       3       org.objectweb.asm.Frame::pop (53 bytes)
Event: 6.156 Thread 0x000001eae79d81d0 nmethod 3451 0x000001ead4d63890 code [0x000001ead4d63ae0, 0x000001ead4d64238]
Event: 6.156 Thread 0x000001eae79d81d0 3448       3       org.objectweb.asm.SymbolTable$Entry::<init> (20 bytes)
Event: 6.156 Thread 0x000001eae79d81d0 nmethod 3448 0x000001ead4d64590 code [0x000001ead4d64740, 0x000001ead4d64898]
Event: 6.156 Thread 0x000001eae79d81d0 3457       1       org.objectweb.asm.tree.InsnList::getLast (5 bytes)
Event: 6.156 Thread 0x000001eae79d81d0 nmethod 3457 0x000001eadc2e1190 code [0x000001eadc2e1320, 0x000001eadc2e13e8]
Event: 6.162 Thread 0x000001eae79d81d0 3460       3       org.objectweb.asm.tree.Util::asArrayList (57 bytes)

GC Heap History (10 events):
Event: 1.451 GC heap before
{Heap before GC invocations=1 (full 0):
 PSYoungGen      total 29696K, used 25600K [0x00000000eab00000, 0x00000000ecc00000, 0x0000000100000000)
  eden space 25600K, 100% used [0x00000000eab00000,0x00000000ec400000,0x00000000ec400000)
  from space 4096K, 0% used [0x00000000ec800000,0x00000000ec800000,0x00000000ecc00000)
  to   space 4096K, 0% used [0x00000000ec400000,0x00000000ec400000,0x00000000ec800000)
 ParOldGen       total 68608K, used 0K [0x00000000c0000000, 0x00000000c4300000, 0x00000000eab00000)
  object space 68608K, 0% used [0x00000000c0000000,0x00000000c0000000,0x00000000c4300000)
 Metaspace       used 4339K, committed 4544K, reserved 1114112K
  class space    used 434K, committed 512K, reserved 1048576K
}
Event: 1.467 GC heap after
{Heap after GC invocations=1 (full 0):
 PSYoungGen      total 29696K, used 3222K [0x00000000eab00000, 0x00000000ecc00000, 0x0000000100000000)
  eden space 25600K, 0% used [0x00000000eab00000,0x00000000eab00000,0x00000000ec400000)
  from space 4096K, 78% used [0x00000000ec400000,0x00000000ec725860,0x00000000ec800000)
  to   space 4096K, 0% used [0x00000000ec800000,0x00000000ec800000,0x00000000ecc00000)
 ParOldGen       total 68608K, used 16K [0x00000000c0000000, 0x00000000c4300000, 0x00000000eab00000)
  object space 68608K, 0% used [0x00000000c0000000,0x00000000c0004000,0x00000000c4300000)
 Metaspace       used 4339K, committed 4544K, reserved 1114112K
  class space    used 434K, committed 512K, reserved 1048576K
}
Event: 2.505 GC heap before
{Heap before GC invocations=2 (full 0):
 PSYoungGen      total 29696K, used 28792K [0x00000000eab00000, 0x00000000ecc00000, 0x0000000100000000)
  eden space 25600K, 99% used [0x00000000eab00000,0x00000000ec3f8910,0x00000000ec400000)
  from space 4096K, 78% used [0x00000000ec400000,0x00000000ec725860,0x00000000ec800000)
  to   space 4096K, 0% used [0x00000000ec800000,0x00000000ec800000,0x00000000ecc00000)
 ParOldGen       total 68608K, used 16K [0x00000000c0000000, 0x00000000c4300000, 0x00000000eab00000)
  object space 68608K, 0% used [0x00000000c0000000,0x00000000c0004000,0x00000000c4300000)
 Metaspace       used 7874K, committed 8128K, reserved 1114112K
  class space    used 769K, committed 896K, reserved 1048576K
}
Event: 2.513 GC heap after
{Heap after GC invocations=2 (full 0):
 PSYoungGen      total 29696K, used 4086K [0x00000000eab00000, 0x00000000ecc00000, 0x0000000100000000)
  eden space 25600K, 0% used [0x00000000eab00000,0x00000000eab00000,0x00000000ec400000)
  from space 4096K, 99% used [0x00000000ec800000,0x00000000ecbfd840,0x00000000ecc00000)
  to   space 4096K, 0% used [0x00000000ec400000,0x00000000ec400000,0x00000000ec800000)
 ParOldGen       total 68608K, used 1754K [0x00000000c0000000, 0x00000000c4300000, 0x00000000eab00000)
  object space 68608K, 2% used [0x00000000c0000000,0x00000000c01b6b38,0x00000000c4300000)
 Metaspace       used 7874K, committed 8128K, reserved 1114112K
  class space    used 769K, committed 896K, reserved 1048576K
}
Event: 3.205 GC heap before
{Heap before GC invocations=3 (full 0):
 PSYoungGen      total 29696K, used 29686K [0x00000000eab00000, 0x00000000ecc00000, 0x0000000100000000)
  eden space 25600K, 100% used [0x00000000eab00000,0x00000000ec400000,0x00000000ec400000)
  from space 4096K, 99% used [0x00000000ec800000,0x00000000ecbfd840,0x00000000ecc00000)
  to   space 4096K, 0% used [0x00000000ec400000,0x00000000ec400000,0x00000000ec800000)
 ParOldGen       total 68608K, used 1754K [0x00000000c0000000, 0x00000000c4300000, 0x00000000eab00000)
  object space 68608K, 2% used [0x00000000c0000000,0x00000000c01b6b38,0x00000000c4300000)
 Metaspace       used 9159K, committed 9536K, reserved 1114112K
  class space    used 919K, committed 1088K, reserved 1048576K
}
Event: 3.213 GC heap after
{Heap after GC invocations=3 (full 0):
 PSYoungGen      total 29696K, used 4090K [0x00000000eab00000, 0x00000000ecc00000, 0x0000000100000000)
  eden space 25600K, 0% used [0x00000000eab00000,0x00000000eab00000,0x00000000ec400000)
  from space 4096K, 99% used [0x00000000ec400000,0x00000000ec7fea68,0x00000000ec800000)
  to   space 4096K, 0% used [0x00000000ec800000,0x00000000ec800000,0x00000000ecc00000)
 ParOldGen       total 68608K, used 6057K [0x00000000c0000000, 0x00000000c4300000, 0x00000000eab00000)
  object space 68608K, 8% used [0x00000000c0000000,0x00000000c05ea408,0x00000000c4300000)
 Metaspace       used 9159K, committed 9536K, reserved 1114112K
  class space    used 919K, committed 1088K, reserved 1048576K
}
Event: 3.936 GC heap before
{Heap before GC invocations=4 (full 0):
 PSYoungGen      total 29696K, used 29673K [0x00000000eab00000, 0x00000000ecc00000, 0x0000000100000000)
  eden space 25600K, 99% used [0x00000000eab00000,0x00000000ec3fbd28,0x00000000ec400000)
  from space 4096K, 99% used [0x00000000ec400000,0x00000000ec7fea68,0x00000000ec800000)
  to   space 4096K, 0% used [0x00000000ec800000,0x00000000ec800000,0x00000000ecc00000)
 ParOldGen       total 68608K, used 6057K [0x00000000c0000000, 0x00000000c4300000, 0x00000000eab00000)
  object space 68608K, 8% used [0x00000000c0000000,0x00000000c05ea408,0x00000000c4300000)
 Metaspace       used 12182K, committed 12608K, reserved 1114112K
  class space    used 1213K, committed 1408K, reserved 1048576K
}
Event: 3.942 GC heap after
{Heap after GC invocations=4 (full 0):
 PSYoungGen      total 29696K, used 4090K [0x00000000eab00000, 0x00000000ecc00000, 0x0000000100000000)
  eden space 25600K, 0% used [0x00000000eab00000,0x00000000eab00000,0x00000000ec400000)
  from space 4096K, 99% used [0x00000000ec800000,0x00000000ecbfeb18,0x00000000ecc00000)
  to   space 4096K, 0% used [0x00000000ec400000,0x00000000ec400000,0x00000000ec800000)
 ParOldGen       total 68608K, used 6859K [0x00000000c0000000, 0x00000000c4300000, 0x00000000eab00000)
  object space 68608K, 9% used [0x00000000c0000000,0x00000000c06b2e10,0x00000000c4300000)
 Metaspace       used 12182K, committed 12608K, reserved 1114112K
  class space    used 1213K, committed 1408K, reserved 1048576K
}
Event: 5.812 GC heap before
{Heap before GC invocations=5 (full 0):
 PSYoungGen      total 29696K, used 29690K [0x00000000eab00000, 0x00000000ecc00000, 0x0000000100000000)
  eden space 25600K, 100% used [0x00000000eab00000,0x00000000ec400000,0x00000000ec400000)
  from space 4096K, 99% used [0x00000000ec800000,0x00000000ecbfeb18,0x00000000ecc00000)
  to   space 4096K, 0% used [0x00000000ec400000,0x00000000ec400000,0x00000000ec800000)
 ParOldGen       total 68608K, used 6859K [0x00000000c0000000, 0x00000000c4300000, 0x00000000eab00000)
  object space 68608K, 9% used [0x00000000c0000000,0x00000000c06b2e10,0x00000000c4300000)
 Metaspace       used 16227K, committed 16896K, reserved 1114112K
  class space    used 1602K, committed 1856K, reserved 1048576K
}
Event: 5.818 GC heap after
{Heap after GC invocations=5 (full 0):
 PSYoungGen      total 29184K, used 4094K [0x00000000eab00000, 0x00000000ecf80000, 0x0000000100000000)
  eden space 25088K, 0% used [0x00000000eab00000,0x00000000eab00000,0x00000000ec380000)
  from space 4096K, 99% used [0x00000000ec400000,0x00000000ec7ffab0,0x00000000ec800000)
  to   space 6144K, 0% used [0x00000000ec980000,0x00000000ec980000,0x00000000ecf80000)
 ParOldGen       total 68608K, used 8440K [0x00000000c0000000, 0x00000000c4300000, 0x00000000eab00000)
  object space 68608K, 12% used [0x00000000c0000000,0x00000000c083e3a8,0x00000000c4300000)
 Metaspace       used 16227K, committed 16896K, reserved 1114112K
  class space    used 1602K, committed 1856K, reserved 1048576K
}

Dll operation events (10 events):
Event: 0.027 Loaded shared library c:\Users\Namra\.vscode\extensions\redhat.java-1.39.0-win32-x64\jre\21.0.5-win32-x86_64\bin\java.dll
Event: 0.188 Loaded shared library c:\Users\Namra\.vscode\extensions\redhat.java-1.39.0-win32-x64\jre\21.0.5-win32-x86_64\bin\zip.dll
Event: 0.231 Loaded shared library C:\Users\Namra\.vscode\extensions\redhat.java-1.39.0-win32-x64\jre\21.0.5-win32-x86_64\bin\instrument.dll
Event: 0.239 Loaded shared library C:\Users\Namra\.vscode\extensions\redhat.java-1.39.0-win32-x64\jre\21.0.5-win32-x86_64\bin\net.dll
Event: 0.243 Loaded shared library C:\Users\Namra\.vscode\extensions\redhat.java-1.39.0-win32-x64\jre\21.0.5-win32-x86_64\bin\nio.dll
Event: 0.248 Loaded shared library C:\Users\Namra\.vscode\extensions\redhat.java-1.39.0-win32-x64\jre\21.0.5-win32-x86_64\bin\zip.dll
Event: 0.276 Loaded shared library C:\Users\Namra\.vscode\extensions\redhat.java-1.39.0-win32-x64\jre\21.0.5-win32-x86_64\bin\jimage.dll
Event: 0.396 Loaded shared library c:\Users\Namra\.vscode\extensions\redhat.java-1.39.0-win32-x64\jre\21.0.5-win32-x86_64\bin\verify.dll
Event: 2.496 Loaded shared library C:\Users\Namra\AppData\Roaming\Code\User\globalStorage\redhat.java\1.39.0\config_win\org.eclipse.equinox.launcher\org.eclipse.equinox.launcher.win32.win32.x86_64_1.2.1100.v20240722-2106\eclipse_11904.dll
Event: 5.791 Loaded shared library C:\Users\Namra\AppData\Local\Temp\jna-75032745\jna1972352042390283206.dll

Deoptimization events (20 events):
Event: 4.459 Thread 0x000001eae7ab4c70 DEOPT PACKING pc=0x000001eadc2c3628 sp=0x000000e8a88f97f0
Event: 4.459 Thread 0x000001eae7ab4c70 DEOPT UNPACKING pc=0x000001eadbc43aa2 sp=0x000000e8a88f9780 mode 2
Event: 4.551 Thread 0x000001eae7ab4c70 Uncommon trap: trap_request=0xffffff45 fr.pc=0x000001eadc1c611c relative=0x000000000000067c
Event: 4.551 Thread 0x000001eae7ab4c70 Uncommon trap: reason=unstable_if action=reinterpret pc=0x000001eadc1c611c method=java.lang.String.replace(Ljava/lang/CharSequence;Ljava/lang/CharSequence;)Ljava/lang/String; @ 42 c2
Event: 4.551 Thread 0x000001eae7ab4c70 DEOPT PACKING pc=0x000001eadc1c611c sp=0x000000e8a88f78f0
Event: 4.551 Thread 0x000001eae7ab4c70 DEOPT UNPACKING pc=0x000001eadbc43aa2 sp=0x000000e8a88f7870 mode 2
Event: 4.697 Thread 0x000001eae7ab4c70 DEOPT PACKING pc=0x000001ead4cecab9 sp=0x000000e8a88f6220
Event: 4.697 Thread 0x000001eae7ab4c70 DEOPT UNPACKING pc=0x000001eadbc44242 sp=0x000000e8a88f56b8 mode 0
Event: 5.855 Thread 0x000001eae7ab4c70 Uncommon trap: trap_request=0xffffffc6 fr.pc=0x000001eadc22195c relative=0x0000000000000a5c
Event: 5.855 Thread 0x000001eae7ab4c70 Uncommon trap: reason=bimorphic_or_optimized_type_check action=maybe_recompile pc=0x000001eadc22195c method=java.util.HashMap.putVal(ILjava/lang/Object;Ljava/lang/Object;ZZ)Ljava/lang/Object; @ 91 c2
Event: 5.855 Thread 0x000001eae7ab4c70 DEOPT PACKING pc=0x000001eadc22195c sp=0x000000e8a88f7fb0
Event: 5.855 Thread 0x000001eae7ab4c70 DEOPT UNPACKING pc=0x000001eadbc43aa2 sp=0x000000e8a88f7ed8 mode 2
Event: 5.900 Thread 0x000001eae7ab4c70 Uncommon trap: trap_request=0xffffff45 fr.pc=0x000001eadc2bd3a4 relative=0x0000000000000084
Event: 5.900 Thread 0x000001eae7ab4c70 Uncommon trap: reason=unstable_if action=reinterpret pc=0x000001eadc2bd3a4 method=java.lang.ref.SoftReference.get()Ljava/lang/Object; @ 6 c2
Event: 5.900 Thread 0x000001eae7ab4c70 DEOPT PACKING pc=0x000001eadc2bd3a4 sp=0x000000e8a88f9a70
Event: 5.900 Thread 0x000001eae7ab4c70 DEOPT UNPACKING pc=0x000001eadbc43aa2 sp=0x000000e8a88f9a08 mode 2
Event: 6.138 Thread 0x000001eae7ab4c70 Uncommon trap: trap_request=0xffffff45 fr.pc=0x000001eadc2aec38 relative=0x00000000000000d8
Event: 6.138 Thread 0x000001eae7ab4c70 Uncommon trap: reason=unstable_if action=reinterpret pc=0x000001eadc2aec38 method=java.util.WeakHashMap.expungeStaleEntries()V @ 9 c2
Event: 6.138 Thread 0x000001eae7ab4c70 DEOPT PACKING pc=0x000001eadc2aec38 sp=0x000000e8a88f3ca0
Event: 6.138 Thread 0x000001eae7ab4c70 DEOPT UNPACKING pc=0x000001eadbc43aa2 sp=0x000000e8a88f3bf8 mode 2

Classes loaded (20 events):
Event: 5.891 Loading class java/lang/ThreadDeath
Event: 5.891 Loading class java/lang/ThreadDeath done
Event: 5.906 Loading class java/util/stream/SortedOps$SizedRefSortingSink
Event: 5.906 Loading class java/util/stream/SortedOps$SizedRefSortingSink done
Event: 5.945 Loading class java/util/concurrent/atomic/Striped64$1
Event: 5.945 Loading class java/util/concurrent/atomic/Striped64$1 done
Event: 6.030 Loading class java/util/BitSet
Event: 6.031 Loading class java/util/BitSet done
Event: 6.038 Loading class sun/net/www/protocol/jrt/JavaRuntimeURLConnection
Event: 6.039 Loading class sun/net/www/protocol/jrt/JavaRuntimeURLConnection done
Event: 6.040 Loading class sun/net/www/protocol/jrt/JavaRuntimeURLConnection$1
Event: 6.040 Loading class sun/net/www/protocol/jrt/JavaRuntimeURLConnection$1 done
Event: 6.066 Loading class java/util/function/UnaryOperator
Event: 6.066 Loading class java/util/function/UnaryOperator done
Event: 6.068 Loading class java/util/ServiceConfigurationError
Event: 6.068 Loading class java/util/ServiceConfigurationError done
Event: 6.085 Loading class java/lang/InheritableThreadLocal
Event: 6.086 Loading class java/lang/InheritableThreadLocal done
Event: 6.131 Loading class java/security/AccessControlException
Event: 6.131 Loading class java/security/AccessControlException done

Classes unloaded (0 events):
No events

Classes redefined (0 events):
No events

Internal exceptions (20 events):
Event: 4.387 Thread 0x000001eae7ab4c70 Exception <a 'java/io/FileNotFoundException'{0x00000000ebb94b60}> (0x00000000ebb94b60) 
thrown [s\src\hotspot\share\prims\jni.cpp, line 520]
Event: 4.442 Thread 0x000001eae7ab4c70 Exception <a 'java/lang/NoSuchMethodError'{0x00000000ebe15bb8}: 'java.lang.Object java.lang.invoke.DirectMethodHandle$Holder.newInvokeSpecial(java.lang.Object, java.lang.Object, java.lang.Object, java.lang.Object, java.lang.Object)'> (0x00000000ebe15bb8) 
thrown [s\src\hotspot\share\interpreter\linkResolver.cpp, line 773]
Event: 4.494 Thread 0x000001eae7ab4c70 Exception <a 'java/lang/NoSuchMethodError'{0x00000000ebfce870}: 'java.lang.Object java.lang.invoke.DirectMethodHandle$Holder.invokeStaticInit(java.lang.Object, int)'> (0x00000000ebfce870) 
thrown [s\src\hotspot\share\interpreter\linkResolver.cpp, line 773]
Event: 4.559 Thread 0x000001eae7ab4c70 Exception <a 'java/lang/NoSuchMethodError'{0x00000000ec2330f0}: 'java.lang.Object java.lang.invoke.DirectMethodHandle$Holder.invokeStaticInit(java.lang.Object, int, int, int, int)'> (0x00000000ec2330f0) 
thrown [s\src\hotspot\share\interpreter\linkResolver.cpp, line 773]
Event: 4.708 Thread 0x000001eae7ab4c70 Exception <a 'java/lang/NoSuchMethodError'{0x00000000ec355948}: 'java.lang.Object java.lang.invoke.DirectMethodHandle$Holder.invokeStaticInit(java.lang.Object, java.lang.Object, int, int, int, int)'> (0x00000000ec355948) 
thrown [s\src\hotspot\share\interpreter\linkResolver.cpp, line 773]
Event: 5.832 Thread 0x000001eae7ab4c70 Exception <a 'java/lang/NoSuchMethodError'{0x00000000eab5f038}: 'void java.lang.invoke.DirectMethodHandle$Holder.invokeSpecial(java.lang.Object, java.lang.Object, java.lang.Object, int)'> (0x00000000eab5f038) 
thrown [s\src\hotspot\share\interpreter\linkResolver.cpp, line 773]
Event: 5.832 Thread 0x000001eae7ab4c70 Exception <a 'java/lang/NoSuchMethodError'{0x00000000eab629c8}: 'void java.lang.invoke.DelegatingMethodHandle$Holder.reinvoke_L(java.lang.Object, java.lang.Object, int)'> (0x00000000eab629c8) 
thrown [s\src\hotspot\share\interpreter\linkResolver.cpp, line 773]
Event: 5.833 Thread 0x000001eae7ab4c70 Exception <a 'java/lang/NoSuchMethodError'{0x00000000eab95798}: 'int java.lang.invoke.Invokers$Holder.invokeExact_MT(java.lang.Object, java.lang.Object, java.lang.Object)'> (0x00000000eab95798) 
thrown [s\src\hotspot\share\interpreter\linkResolver.cpp, line 773]
Event: 5.858 Thread 0x000001eae7ab4c70 Exception <a 'java/lang/NoSuchMethodError'{0x00000000eacab868}: 'void java.lang.invoke.Invokers$Holder.invokeExact_MT(java.lang.Object, java.lang.Object, int, java.lang.Object)'> (0x00000000eacab868) 
thrown [s\src\hotspot\share\interpreter\linkResolver.cpp, line 773]
Event: 5.887 Thread 0x000001eae7ab4c70 Exception <a 'java/lang/NoSuchMethodError'{0x00000000eadac198}: 'java.lang.Object java.lang.invoke.DirectMethodHandle$Holder.invokeSpecial(java.lang.Object, java.lang.Object, java.lang.Object, long, java.lang.Object)'> (0x00000000eadac198) 
thrown [s\src\hotspot\share\interpreter\linkResolver.cpp, line 773]
Event: 5.888 Thread 0x000001eae7ab4c70 Exception <a 'java/lang/NoSuchMethodError'{0x00000000eadb3b78}: 'java.lang.Object java.lang.invoke.DirectMethodHandle$Holder.newInvokeSpecial(java.lang.Object, java.lang.Object, java.lang.Object, long)'> (0x00000000eadb3b78) 
thrown [s\src\hotspot\share\interpreter\linkResolver.cpp, line 773]
Event: 5.888 Thread 0x000001eae7ab4c70 Exception <a 'java/lang/NoSuchMethodError'{0x00000000eadb77f8}: 'java.lang.Object java.lang.invoke.Invokers$Holder.linkToTargetMethod(java.lang.Object, java.lang.Object, long, java.lang.Object)'> (0x00000000eadb77f8) 
thrown [s\src\hotspot\share\interpreter\linkResolver.cpp, line 773]
Event: 5.904 Thread 0x000001eae7ab4c70 Exception <a 'java/lang/NoSuchMethodError'{0x00000000eae32be0}: 'int java.lang.invoke.DirectMethodHandle$Holder.invokeStaticInit(java.lang.Object, java.lang.Object, java.lang.Object)'> (0x00000000eae32be0) 
thrown [s\src\hotspot\share\interpreter\linkResolver.cpp, line 773]
Event: 5.918 Thread 0x000001eae7ab4c70 Exception <a 'java/lang/IncompatibleClassChangeError'{0x00000000eaecee00}: Found class java.lang.Object, but interface was expected> (0x00000000eaecee00) 
thrown [s\src\hotspot\share\interpreter\linkResolver.cpp, line 840]
Event: 5.921 Thread 0x000001eae7ab4c70 Exception <a 'java/lang/NoSuchMethodError'{0x00000000eaeddbe0}: 'java.lang.Object java.lang.invoke.DirectMethodHandle$Holder.invokeSpecial(java.lang.Object, java.lang.Object, java.lang.Object, int, java.lang.Object, java.lang.Object)'> (0x00000000eaeddbe0) 
thrown [s\src\hotspot\share\interpreter\linkResolver.cpp, line 773]
Event: 5.922 Thread 0x000001eae7ab4c70 Exception <a 'java/lang/NoSuchMethodError'{0x00000000eaee5478}: 'java.lang.Object java.lang.invoke.DirectMethodHandle$Holder.newInvokeSpecial(java.lang.Object, java.lang.Object, java.lang.Object, int, java.lang.Object)'> (0x00000000eaee5478) 
thrown [s\src\hotspot\share\interpreter\linkResolver.cpp, line 773]
Event: 5.922 Thread 0x000001eae7ab4c70 Exception <a 'java/lang/NoSuchMethodError'{0x00000000eaee8f68}: 'java.lang.Object java.lang.invoke.Invokers$Holder.linkToTargetMethod(java.lang.Object, java.lang.Object, int, java.lang.Object, java.lang.Object)'> (0x00000000eaee8f68) 
thrown [s\src\hotspot\share\interpreter\linkResolver.cpp, line 773]
Event: 5.923 Thread 0x000001eaecd000e0 Exception <a 'java/lang/NoSuchMethodError'{0x00000000eae1a2d0}: 'java.lang.Object java.lang.invoke.DirectMethodHandle$Holder.invokeSpecial(java.lang.Object, java.lang.Object, int, java.lang.Object, java.lang.Object)'> (0x00000000eae1a2d0) 
thrown [s\src\hotspot\share\interpreter\linkResolver.cpp, line 773]
Event: 5.951 Thread 0x000001eae7ab4c70 Exception <a 'java/lang/NoSuchMethodError'{0x00000000eb06f2e0}: 'void java.lang.invoke.DirectMethodHandle$Holder.invokeSpecial(java.lang.Object, java.lang.Object, java.lang.Object, java.lang.Object, java.lang.Object)'> (0x00000000eb06f2e0) 
thrown [s\src\hotspot\share\interpreter\linkResolver.cpp, line 773]
Event: 6.136 Thread 0x000001eae7ab4c70 Exception <a 'java/lang/NoSuchMethodError'{0x00000000eb7c01d8}: 'java.lang.Object java.lang.invoke.DirectMethodHandle$Holder.invokeInterface(java.lang.Object, java.lang.Object, java.lang.Object)'> (0x00000000eb7c01d8) 
thrown [s\src\hotspot\share\interpreter\linkResolver.cpp, line 773]

ZGC Phase Switch (0 events):
No events

VM Operations (20 events):
Event: 4.405 Executing VM operation: HandshakeAllThreads (Deoptimize)
Event: 4.405 Executing VM operation: HandshakeAllThreads (Deoptimize) done
Event: 4.475 Executing VM operation: ICBufferFull
Event: 4.475 Executing VM operation: ICBufferFull done
Event: 4.507 Executing VM operation: HandshakeAllThreads (Deoptimize)
Event: 4.507 Executing VM operation: HandshakeAllThreads (Deoptimize) done
Event: 4.602 Executing VM operation: HandshakeAllThreads (Deoptimize)
Event: 4.602 Executing VM operation: HandshakeAllThreads (Deoptimize) done
Event: 5.617 Executing VM operation: Cleanup
Event: 5.617 Executing VM operation: Cleanup done
Event: 5.805 Executing VM operation: HandshakeAllThreads (Deoptimize)
Event: 5.805 Executing VM operation: HandshakeAllThreads (Deoptimize) done
Event: 5.812 Executing VM operation: ParallelGCFailedAllocation (Allocation Failure)
Event: 5.818 Executing VM operation: ParallelGCFailedAllocation (Allocation Failure) done
Event: 6.040 Executing VM operation: HandshakeAllThreads (Deoptimize)
Event: 6.041 Executing VM operation: HandshakeAllThreads (Deoptimize) done
Event: 6.092 Executing VM operation: HandshakeAllThreads (Deoptimize)
Event: 6.093 Executing VM operation: HandshakeAllThreads (Deoptimize) done
Event: 6.101 Executing VM operation: HandshakeAllThreads (Deoptimize)
Event: 6.101 Executing VM operation: HandshakeAllThreads (Deoptimize) done

Memory protections (0 events):
No events

Nmethod flushes (0 events):
No events

Events (20 events):
Event: 0.118 Thread 0x000001eacf128760 Thread added: 0x000001eae79c49e0
Event: 0.118 Thread 0x000001eacf128760 Thread added: 0x000001eae79c8930
Event: 0.118 Thread 0x000001eacf128760 Thread added: 0x000001eae79c9580
Event: 0.118 Thread 0x000001eacf128760 Thread added: 0x000001eae79cac60
Event: 0.118 Thread 0x000001eacf128760 Thread added: 0x000001eae79d3830
Event: 0.119 Thread 0x000001eacf128760 Thread added: 0x000001eae79d4dd0
Event: 0.119 Thread 0x000001eacf128760 Thread added: 0x000001eae79d81d0
Event: 0.165 Thread 0x000001eacf128760 Thread added: 0x000001eae7ab3f50
Event: 0.533 Thread 0x000001eacf128760 Thread added: 0x000001eae7ab3230
Event: 2.205 Thread 0x000001eacf128760 Thread added: 0x000001eae7ab45e0
Event: 2.482 Thread 0x000001eacf128760 Thread added: 0x000001eae7ab1e80
Event: 2.533 Thread 0x000001eae7ab1e80 Thread added: 0x000001eae7ab17f0
Event: 2.540 Thread 0x000001eacf128760 Thread added: 0x000001eae7ab4c70
Event: 3.079 Thread 0x000001eae7ab4c70 Thread added: 0x000001eae7ab38c0
Event: 3.422 Thread 0x000001eae7ab4c70 Thread added: 0x000001eae7ab2510
Event: 3.569 Thread 0x000001eae7ab4c70 Thread added: 0x000001eae7ab2ba0
Event: 4.198 Thread 0x000001eae7ab4c70 Thread added: 0x000001eaeccff3c0
Event: 5.841 Thread 0x000001eae7ab4c70 Thread added: 0x000001eaeccffa50
Event: 5.895 Thread 0x000001eae7ab4c70 Thread added: 0x000001eaecd000e0
Event: 5.924 Thread 0x000001eae7ab4c70 Thread added: 0x000001eaeccfd2f0


Dynamic libraries:
0x00007ff70e960000 - 0x00007ff70e96e000 	c:\Users\Namra\.vscode\extensions\redhat.java-1.39.0-win32-x64\jre\21.0.5-win32-x86_64\bin\java.exe
0x00007ffede030000 - 0x00007ffede247000 	C:\Windows\SYSTEM32\ntdll.dll
0x00007ffedcb60000 - 0x00007ffedcc24000 	C:\Windows\System32\KERNEL32.DLL
0x00007ffedb5f0000 - 0x00007ffedb9aa000 	C:\Windows\System32\KERNELBASE.dll
0x00007ffedbb50000 - 0x00007ffedbc61000 	C:\Windows\System32\ucrtbase.dll
0x00007ffeb6f70000 - 0x00007ffeb6f88000 	c:\Users\Namra\.vscode\extensions\redhat.java-1.39.0-win32-x64\jre\21.0.5-win32-x86_64\bin\jli.dll
0x00007ffeb10e0000 - 0x00007ffeb10fe000 	c:\Users\Namra\.vscode\extensions\redhat.java-1.39.0-win32-x64\jre\21.0.5-win32-x86_64\bin\VCRUNTIME140.dll
0x00007ffedd810000 - 0x00007ffedd9be000 	C:\Windows\System32\USER32.dll
0x00007ffedb9b0000 - 0x00007ffedb9d6000 	C:\Windows\System32\win32u.dll
0x00007ffeba3c0000 - 0x00007ffeba652000 	C:\Windows\WinSxS\amd64_microsoft.windows.common-controls_6595b64144ccf1df_6.0.22621.4541_none_2710d1c57384c085\COMCTL32.dll
0x00007ffedce90000 - 0x00007ffedceb9000 	C:\Windows\System32\GDI32.dll
0x00007ffeddb90000 - 0x00007ffeddc37000 	C:\Windows\System32\msvcrt.dll
0x00007ffedb430000 - 0x00007ffedb54b000 	C:\Windows\System32\gdi32full.dll
0x00007ffedb550000 - 0x00007ffedb5ea000 	C:\Windows\System32\msvcp_win.dll
0x00007ffedce50000 - 0x00007ffedce81000 	C:\Windows\System32\IMM32.DLL
0x00007ffed6cd0000 - 0x00007ffed6cdc000 	c:\Users\Namra\.vscode\extensions\redhat.java-1.39.0-win32-x64\jre\21.0.5-win32-x86_64\bin\vcruntime140_1.dll
0x00007ffeb0e30000 - 0x00007ffeb0ebd000 	c:\Users\Namra\.vscode\extensions\redhat.java-1.39.0-win32-x64\jre\21.0.5-win32-x86_64\bin\msvcp140.dll
0x00007ffe4ad80000 - 0x00007ffe4bb0f000 	c:\Users\Namra\.vscode\extensions\redhat.java-1.39.0-win32-x64\jre\21.0.5-win32-x86_64\bin\server\jvm.dll
0x00007ffeddc40000 - 0x00007ffeddcf2000 	C:\Windows\System32\ADVAPI32.dll
0x00007ffedcc80000 - 0x00007ffedcd27000 	C:\Windows\System32\sechost.dll
0x00007ffedbc70000 - 0x00007ffedbc98000 	C:\Windows\System32\bcrypt.dll
0x00007ffedca40000 - 0x00007ffedcb54000 	C:\Windows\System32\RPCRT4.dll
0x00007ffedbd20000 - 0x00007ffedbd91000 	C:\Windows\System32\WS2_32.dll
0x00007ffed64c0000 - 0x00007ffed64ca000 	C:\Windows\SYSTEM32\VERSION.dll
0x00007ffedb1c0000 - 0x00007ffedb20d000 	C:\Windows\SYSTEM32\POWRPROF.dll
0x00007ffed6c30000 - 0x00007ffed6c64000 	C:\Windows\SYSTEM32\WINMM.dll
0x00007ffedb1a0000 - 0x00007ffedb1b3000 	C:\Windows\SYSTEM32\UMPDC.dll
0x00007ffeda2f0000 - 0x00007ffeda308000 	C:\Windows\SYSTEM32\kernel.appcore.dll
0x00007ffec40d0000 - 0x00007ffec40da000 	c:\Users\Namra\.vscode\extensions\redhat.java-1.39.0-win32-x64\jre\21.0.5-win32-x86_64\bin\jimage.dll
0x00007ffed35b0000 - 0x00007ffed37e2000 	C:\Windows\SYSTEM32\DBGHELP.DLL
0x00007ffedd470000 - 0x00007ffedd801000 	C:\Windows\System32\combase.dll
0x00007ffedcf10000 - 0x00007ffedcfe7000 	C:\Windows\System32\OLEAUT32.dll
0x00007ffebe2a0000 - 0x00007ffebe2d2000 	C:\Windows\SYSTEM32\dbgcore.DLL
0x00007ffedb2f0000 - 0x00007ffedb36b000 	C:\Windows\System32\bcryptPrimitives.dll
0x00007ffec4070000 - 0x00007ffec407f000 	c:\Users\Namra\.vscode\extensions\redhat.java-1.39.0-win32-x64\jre\21.0.5-win32-x86_64\bin\instrument.dll
0x00007ffeb0940000 - 0x00007ffeb095f000 	c:\Users\Namra\.vscode\extensions\redhat.java-1.39.0-win32-x64\jre\21.0.5-win32-x86_64\bin\java.dll
0x00007ffedbda0000 - 0x00007ffedc619000 	C:\Windows\System32\SHELL32.dll
0x00007ffed91e0000 - 0x00007ffed9ae9000 	C:\Windows\SYSTEM32\windows.storage.dll
0x00007ffed90a0000 - 0x00007ffed91df000 	C:\Windows\SYSTEM32\wintypes.dll
0x00007ffedc620000 - 0x00007ffedc71a000 	C:\Windows\System32\SHCORE.dll
0x00007ffeddd80000 - 0x00007ffedddde000 	C:\Windows\System32\shlwapi.dll
0x00007ffedb220000 - 0x00007ffedb24b000 	C:\Windows\SYSTEM32\profapi.dll
0x00007ffeb0b90000 - 0x00007ffeb0ba8000 	c:\Users\Namra\.vscode\extensions\redhat.java-1.39.0-win32-x64\jre\21.0.5-win32-x86_64\bin\zip.dll
0x00007ffec3da0000 - 0x00007ffec3db0000 	C:\Users\Namra\.vscode\extensions\redhat.java-1.39.0-win32-x64\jre\21.0.5-win32-x86_64\bin\net.dll
0x00007ffed7530000 - 0x00007ffed7666000 	C:\Windows\SYSTEM32\WINHTTP.dll
0x00007ffeda760000 - 0x00007ffeda7c9000 	C:\Windows\system32\mswsock.dll
0x00007ffeb0b70000 - 0x00007ffeb0b86000 	C:\Users\Namra\.vscode\extensions\redhat.java-1.39.0-win32-x64\jre\21.0.5-win32-x86_64\bin\nio.dll
0x00007ffed7c60000 - 0x00007ffed7c70000 	c:\Users\Namra\.vscode\extensions\redhat.java-1.39.0-win32-x64\jre\21.0.5-win32-x86_64\bin\verify.dll
0x00007ffeb69f0000 - 0x00007ffeb6a35000 	C:\Users\Namra\AppData\Roaming\Code\User\globalStorage\redhat.java\1.39.0\config_win\org.eclipse.equinox.launcher\org.eclipse.equinox.launcher.win32.win32.x86_64_1.2.1100.v20240722-2106\eclipse_11904.dll
0x00007ffedd9c0000 - 0x00007ffeddb65000 	C:\Windows\System32\ole32.dll
0x00007ffeda9b0000 - 0x00007ffeda9cb000 	C:\Windows\SYSTEM32\CRYPTSP.dll
0x00007ffeda250000 - 0x00007ffeda285000 	C:\Windows\system32\rsaenh.dll
0x00007ffeda800000 - 0x00007ffeda828000 	C:\Windows\SYSTEM32\USERENV.dll
0x00007ffeda970000 - 0x00007ffeda97c000 	C:\Windows\SYSTEM32\CRYPTBASE.dll
0x00007ffed9d50000 - 0x00007ffed9d7d000 	C:\Windows\SYSTEM32\IPHLPAPI.DLL
0x00007ffeddb80000 - 0x00007ffeddb89000 	C:\Windows\System32\NSI.dll
0x00007ffeb0b20000 - 0x00007ffeb0b69000 	C:\Users\Namra\AppData\Local\Temp\jna-75032745\jna1972352042390283206.dll
0x00007ffedde70000 - 0x00007ffedde78000 	C:\Windows\System32\PSAPI.DLL

dbghelp: loaded successfully - version: 4.0.5 - missing functions: none
symbol engine: initialized successfully - sym options: 0x614 - pdb path: .;c:\Users\Namra\.vscode\extensions\redhat.java-1.39.0-win32-x64\jre\21.0.5-win32-x86_64\bin;C:\Windows\SYSTEM32;C:\Windows\WinSxS\amd64_microsoft.windows.common-controls_6595b64144ccf1df_6.0.22621.4541_none_2710d1c57384c085;c:\Users\Namra\.vscode\extensions\redhat.java-1.39.0-win32-x64\jre\21.0.5-win32-x86_64\bin\server;C:\Users\Namra\AppData\Roaming\Code\User\globalStorage\redhat.java\1.39.0\config_win\org.eclipse.equinox.launcher\org.eclipse.equinox.launcher.win32.win32.x86_64_1.2.1100.v20240722-2106;C:\Users\Namra\AppData\Local\Temp\jna-75032745

VM Arguments:
jvm_args: --add-modules=ALL-SYSTEM --add-opens=java.base/java.util=ALL-UNNAMED --add-opens=java.base/java.lang=ALL-UNNAMED --add-opens=java.base/sun.nio.fs=ALL-UNNAMED -Declipse.application=org.eclipse.jdt.ls.core.id1 -Dosgi.bundles.defaultStartLevel=4 -Declipse.product=org.eclipse.jdt.ls.core.product -Djava.import.generatesMetadataFilesAtProjectRoot=false -DDetectVMInstallationsJob.disabled=true -Dfile.encoding=utf8 -XX:+UseParallelGC -XX:GCTimeRatio=4 -XX:AdaptiveSizePolicyWeight=90 -Dsun.zip.disableMemoryMapping=true -Xmx1G -Xms100m -Xlog:disable -javaagent:c:\Users\Namra\.vscode\extensions\redhat.java-1.39.0-win32-x64\lombok\lombok-1.18.34.jar -XX:+HeapDumpOnOutOfMemoryError -XX:HeapDumpPath=c:\Users\Namra\AppData\Roaming\Code\User\workspaceStorage\2d43af48f09009ed875a0223dc814b0b\redhat.java -Daether.dependencyCollector.impl=bf 
java_command: c:\Users\Namra\.vscode\extensions\redhat.java-1.39.0-win32-x64\server\plugins\org.eclipse.equinox.launcher_1.6.900.v20240613-2009.jar -configuration c:\Users\Namra\AppData\Roaming\Code\User\globalStorage\redhat.java\1.39.0\config_win -data c:\Users\Namra\AppData\Roaming\Code\User\workspaceStorage\2d43af48f09009ed875a0223dc814b0b\redhat.java\jdt_ws --pipe=\\.\pipe\lsp-fe4a552cd224c386cccd766362734976-sock
java_class_path (initial): c:\Users\Namra\.vscode\extensions\redhat.java-1.39.0-win32-x64\server\plugins\org.eclipse.equinox.launcher_1.6.900.v20240613-2009.jar
Launcher Type: SUN_STANDARD

[Global flags]
    uintx AdaptiveSizePolicyWeight                 = 90                                        {product} {command line}
     intx CICompilerCount                          = 4                                         {product} {ergonomic}
    uintx GCTimeRatio                              = 4                                         {product} {command line}
     bool HeapDumpOnOutOfMemoryError               = true                                   {manageable} {command line}
    ccstr HeapDumpPath                             = c:\Users\Namra\AppData\Roaming\Code\User\workspaceStorage\2d43af48f09009ed875a0223dc814b0b\redhat.java         {manageable} {command line}
   size_t InitialHeapSize                          = 104857600                                 {product} {command line}
   size_t MaxHeapSize                              = 1073741824                                {product} {command line}
   size_t MaxNewSize                               = 357564416                                 {product} {ergonomic}
   size_t MinHeapDeltaBytes                        = 524288                                    {product} {ergonomic}
   size_t MinHeapSize                              = 104857600                                 {product} {command line}
   size_t NewSize                                  = 34603008                                  {product} {ergonomic}
    uintx NonNMethodCodeHeapSize                   = 5839372                                {pd product} {ergonomic}
    uintx NonProfiledCodeHeapSize                  = 122909434                              {pd product} {ergonomic}
   size_t OldSize                                  = 70254592                                  {product} {ergonomic}
    uintx ProfiledCodeHeapSize                     = 122909434                              {pd product} {ergonomic}
    uintx ReservedCodeCacheSize                    = 251658240                              {pd product} {ergonomic}
     bool SegmentedCodeCache                       = true                                      {product} {ergonomic}
   size_t SoftMaxHeapSize                          = 1073741824                             {manageable} {ergonomic}
     bool UseCompressedOops                        = true                           {product lp64_product} {ergonomic}
     bool UseLargePagesIndividualAllocation        = false                                  {pd product} {ergonomic}
     bool UseParallelGC                            = true                                      {product} {command line}

Logging:
Log output configuration:
 #0: stdout all=off uptime,level,tags foldmultilines=false
 #1: stderr all=off uptime,level,tags foldmultilines=false

Environment Variables:
PATH=C:\Program Files\Common Files\Oracle\Java\javapath;C:\Windows\system32;C:\Windows;C:\Windows\System32\Wbem;C:\Windows\System32\WindowsPowerShell\v1.0\;C:\Windows\System32\OpenSSH\;C:\Program Files\Java\jdk-22\bin;C:\Program Files\Git\cmd;C:\Program Files\nodejs\;C:\Program Files\Git LFS;C:\Users\Namra\Downloads\apache-maven-3.9.9-bin\apache-maven-3.9.9\bin;C:\Users\Namra\AppData\Local\Microsoft\WindowsApps;C:\Users\Namra\AppData\Local\Programs\Microsoft VS Code\bin;C:\Users\Namra\AppData\Roaming\npm;C:\Program Files\JetBrains\IntelliJ IDEA 2024.2\bin;;C:\Program Files\JetBrains\IntelliJ IDEA Community Edition 2024.2.0.1\bin;
USERNAME=Namra
OS=Windows_NT
PROCESSOR_IDENTIFIER=AMD64 Family 25 Model 80 Stepping 0, AuthenticAMD
TMP=C:\Users\Namra\AppData\Local\Temp
TEMP=C:\Users\Namra\AppData\Local\Temp




Periodic native trim disabled

---------------  S Y S T E M  ---------------

OS:
 Windows 11 , 64 bit Build 22621 (10.0.22621.4391)
OS uptime: 0 days 2:00 hours
Hyper-V role detected

CPU: total 12 (initial active 12) (12 cores per cpu, 2 threads per core) family 25 model 80 stepping 0 microcode 0x0, cx8, cmov, fxsr, ht, mmx, 3dnowpref, sse, sse2, sse3, ssse3, sse4a, sse4.1, sse4.2, popcnt, lzcnt, tsc, tscinvbit, avx, avx2, aes, erms, clmul, bmi1, bmi2, adx, sha, fma, vzeroupper, clflush, clflushopt, hv, rdtscp, rdpid, fsrm, f16c, cet_ss
Processor Information for processor 0
  Max Mhz: 3301, Current Mhz: 1908, Mhz Limit: 3301
Processor Information for processor 1
  Max Mhz: 3301, Current Mhz: 1908, Mhz Limit: 3301
Processor Information for processor 2
  Max Mhz: 3301, Current Mhz: 1908, Mhz Limit: 3301
Processor Information for processor 3
  Max Mhz: 3301, Current Mhz: 1805, Mhz Limit: 3301
Processor Information for processor 4
  Max Mhz: 3301, Current Mhz: 1805, Mhz Limit: 3301
Processor Information for processor 5
  Max Mhz: 3301, Current Mhz: 1908, Mhz Limit: 3301
Processor Information for processor 6
  Max Mhz: 3301, Current Mhz: 1908, Mhz Limit: 3301
Processor Information for processor 7
  Max Mhz: 3301, Current Mhz: 1805, Mhz Limit: 3301
Processor Information for processor 8
  Max Mhz: 3301, Current Mhz: 1908, Mhz Limit: 3301
Processor Information for processor 9
  Max Mhz: 3301, Current Mhz: 1908, Mhz Limit: 3301
Processor Information for processor 10
  Max Mhz: 3301, Current Mhz: 1805, Mhz Limit: 3301
Processor Information for processor 11
  Max Mhz: 3301, Current Mhz: 1908, Mhz Limit: 3301

Memory: 4k page, system-wide physical 3423M (146M free)
TotalPageFile size 14175M (AvailPageFile size 2M)
current process WorkingSet (physical memory assigned to process): 134M, peak: 134M
current process commit charge ("private bytes"): 248M, peak: 248M

vm_info: OpenJDK 64-Bit Server VM (21.0.5+11-LTS) for windows-amd64 JRE (21.0.5+11-LTS), built on 2024-10-15T00:00:00Z by "admin" with MS VC++ 17.7 (VS2022)

END.
