#
# There is insufficient memory for the Java Runtime Environment to continue.
# Native memory allocation (malloc) failed to allocate 1389360 bytes. Error detail: Chunk::new
# Possible reasons:
#   The system is out of physical RAM or swap space
#   This process is running with CompressedOops enabled, and the Java Heap may be blocking the growth of the native heap
# Possible solutions:
#   Reduce memory load on the system
#   Increase physical memory or swap space
#   Check if swap backing store is full
#   Decrease Java heap size (-Xmx/-Xms)
#   Decrease number of Java threads
#   Decrease Java thread stack sizes (-Xss)
#   Set larger code cache with -XX:ReservedCodeCacheSize=
#   JVM is running with Unscaled Compressed Oops mode in which the Java heap is
#     placed in the first 4GB address space. The Java Heap base address is the
#     maximum limit for the native heap growth. Please use -XX:HeapBaseMinAddress
#     to set the Java Heap base and to place the Java Heap above 4GB virtual address.
# This output file may be truncated or incomplete.
#
#  Out of Memory Error (arena.cpp:168), pid=15076, tid=3656
#
# JRE version: OpenJDK Runtime Environment Temurin-21.0.5+11 (21.0.5+11) (build 21.0.5+11-LTS)
# Java VM: OpenJDK 64-Bit Server VM Temurin-21.0.5+11 (21.0.5+11-LTS, mixed mode, sharing, tiered, compressed oops, compressed class ptrs, parallel gc, windows-amd64)
# No core dump will be written. Minidumps are not enabled by default on client versions of Windows
#

---------------  S U M M A R Y ------------

Command Line: --add-modules=ALL-SYSTEM --add-opens=java.base/java.util=ALL-UNNAMED --add-opens=java.base/java.lang=ALL-UNNAMED --add-opens=java.base/sun.nio.fs=ALL-UNNAMED -Declipse.application=org.eclipse.jdt.ls.core.id1 -Dosgi.bundles.defaultStartLevel=4 -Declipse.product=org.eclipse.jdt.ls.core.product -Djava.import.generatesMetadataFilesAtProjectRoot=false -DDetectVMInstallationsJob.disabled=true -Dfile.encoding=utf8 -XX:+UseParallelGC -XX:GCTimeRatio=4 -XX:AdaptiveSizePolicyWeight=90 -Dsun.zip.disableMemoryMapping=true -Xmx1G -Xms100m -Xlog:disable -javaagent:c:\Users\Namra\.vscode\extensions\redhat.java-1.39.0-win32-x64\lombok\lombok-1.18.34.jar -XX:+HeapDumpOnOutOfMemoryError -XX:HeapDumpPath=c:\Users\Namra\AppData\Roaming\Code\User\workspaceStorage\2d43af48f09009ed875a0223dc814b0b\redhat.java -Daether.dependencyCollector.impl=bf c:\Users\Namra\.vscode\extensions\redhat.java-1.39.0-win32-x64\server\plugins\org.eclipse.equinox.launcher_1.6.900.v20240613-2009.jar -configuration c:\Users\Namra\AppData\Roaming\Code\User\globalStorage\redhat.java\1.39.0\config_win -data c:\Users\Namra\AppData\Roaming\Code\User\workspaceStorage\2d43af48f09009ed875a0223dc814b0b\redhat.java\jdt_ws --pipe=\\.\pipe\lsp-4672540e64b457dd79874a9823d55bbd-sock

Host: AMD Ryzen 5 5600H with Radeon Graphics         , 12 cores, 3G,  Windows 11 , 64 bit Build 22621 (10.0.22621.4391)
Time: Sun Feb  9 11:36:55 2025 India Standard Time elapsed time: 15.605510 seconds (0d 0h 0m 15s)

---------------  T H R E A D  ---------------

Current thread (0x000002a9f7331ab0):  JavaThread "C2 CompilerThread0" daemon [_thread_in_native, id=3656, stack(0x000000bc9e000000,0x000000bc9e100000) (1024K)]


Current CompileTask:
C2:15606 7011   !   4       org.eclipse.osgi.internal.loader.classpath.ClasspathManager::findLocalClass (210 bytes)

Stack: [0x000000bc9e000000,0x000000bc9e100000]
Native frames: (J=compiled Java code, j=interpreted, Vv=VM code, C=native code)
V  [jvm.dll+0x6cd4e9]
V  [jvm.dll+0x8a7941]
V  [jvm.dll+0x8a9e6e]
V  [jvm.dll+0x8aa543]
V  [jvm.dll+0x27f6d6]
V  [jvm.dll+0xc500d]
V  [jvm.dll+0xc5543]
V  [jvm.dll+0x3b660c]
V  [jvm.dll+0x382835]
V  [jvm.dll+0x381c9a]
V  [jvm.dll+0x2479d0]
V  [jvm.dll+0x246faf]
V  [jvm.dll+0x1c75ce]
V  [jvm.dll+0x25682a]
V  [jvm.dll+0x254dca]
V  [jvm.dll+0x3f00d6]
V  [jvm.dll+0x8514fb]
V  [jvm.dll+0x6cbbed]
C  [ucrtbase.dll+0x29333]
C  [KERNEL32.DLL+0x1259d]
C  [ntdll.dll+0x5af38]


---------------  P R O C E S S  ---------------

Threads class SMR info:
_java_thread_list=0x000002a9fea19e80, length=52, elements={
0x000002a99da27980, 0x000002a9f51fdd40, 0x000002a9f7314830, 0x000002a9f7318140,
0x000002a9f7319010, 0x000002a9f731a650, 0x000002a9f731daa0, 0x000002a9f7331ab0,
0x000002a9f7332f20, 0x000002a9f7406810, 0x000002a9f7579540, 0x000002a9f7a8a180,
0x000002a9f7df9780, 0x000002a9f7ec68a0, 0x000002a9f7ec6f00, 0x000002a9f7e02a50,
0x000002a9fc6b59e0, 0x000002a9fc6817f0, 0x000002a9fc683230, 0x000002a9fc681e80,
0x000002a9fc6845e0, 0x000002a9fc682ba0, 0x000002a9fc684c70, 0x000002a9fc682510,
0x000002a9fc6838c0, 0x000002a9fdefa4a0, 0x000002a9fdef90f0, 0x000002a9fdefbee0,
0x000002a9fdefcc00, 0x000002a9fdef9e10, 0x000002a9fdefd290, 0x000002a9fdef8a60,
0x000002a9fdefd920, 0x000002a9fdefdfb0, 0x000002a9fdefe640, 0x000002a9fdefecd0,
0x000002a9fdefc570, 0x000002a9fdefab30, 0x000002a9fdeff360, 0x000002a9fdef83d0,
0x000002a9fdeff9f0, 0x000002a9fdef9780, 0x000002a9fdefb850, 0x000002a9fdefb1c0,
0x000002a9fc683f50, 0x000002a9ff0f2570, 0x000002a9ff0f6da0, 0x000002a9ff0f7430,
0x000002a9ff0f8e70, 0x000002a9ff0f6710, 0x000002a9ff0f1ee0, 0x000002a9ff0f4640
}

Java Threads: ( => current thread )
  0x000002a99da27980 JavaThread "main"                              [_thread_blocked, id=14788, stack(0x000000bc9d600000,0x000000bc9d700000) (1024K)]
  0x000002a9f51fdd40 JavaThread "Reference Handler"          daemon [_thread_blocked, id=12572, stack(0x000000bc9da00000,0x000000bc9db00000) (1024K)]
  0x000002a9f7314830 JavaThread "Finalizer"                  daemon [_thread_blocked, id=13504, stack(0x000000bc9db00000,0x000000bc9dc00000) (1024K)]
  0x000002a9f7318140 JavaThread "Signal Dispatcher"          daemon [_thread_blocked, id=2588, stack(0x000000bc9dc00000,0x000000bc9dd00000) (1024K)]
  0x000002a9f7319010 JavaThread "Attach Listener"            daemon [_thread_blocked, id=8036, stack(0x000000bc9dd00000,0x000000bc9de00000) (1024K)]
  0x000002a9f731a650 JavaThread "Service Thread"             daemon [_thread_blocked, id=16204, stack(0x000000bc9de00000,0x000000bc9df00000) (1024K)]
  0x000002a9f731daa0 JavaThread "Monitor Deflation Thread"   daemon [_thread_blocked, id=13824, stack(0x000000bc9df00000,0x000000bc9e000000) (1024K)]
=>0x000002a9f7331ab0 JavaThread "C2 CompilerThread0"         daemon [_thread_in_native, id=3656, stack(0x000000bc9e000000,0x000000bc9e100000) (1024K)]
  0x000002a9f7332f20 JavaThread "C1 CompilerThread0"         daemon [_thread_blocked, id=12808, stack(0x000000bc9e100000,0x000000bc9e200000) (1024K)]
  0x000002a9f7406810 JavaThread "Common-Cleaner"             daemon [_thread_blocked, id=17684, stack(0x000000bc9e200000,0x000000bc9e300000) (1024K)]
  0x000002a9f7579540 JavaThread "Notification Thread"        daemon [_thread_blocked, id=15428, stack(0x000000bc9e300000,0x000000bc9e400000) (1024K)]
  0x000002a9f7a8a180 JavaThread "Active Thread: Equinox Container: f05bb0e4-cc1d-4cf6-9ac0-76b6c241e350"        [_thread_blocked, id=5024, stack(0x000000bc9ea00000,0x000000bc9eb00000) (1024K)]
  0x000002a9f7df9780 JavaThread "Refresh Thread: Equinox Container: f05bb0e4-cc1d-4cf6-9ac0-76b6c241e350" daemon [_thread_blocked, id=15400, stack(0x000000bc9eb00000,0x000000bc9ec00000) (1024K)]
  0x000002a9f7ec68a0 JavaThread "Framework Event Dispatcher: Equinox Container: f05bb0e4-cc1d-4cf6-9ac0-76b6c241e350" daemon [_thread_blocked, id=2544, stack(0x000000bc9ed00000,0x000000bc9ee00000) (1024K)]
  0x000002a9f7ec6f00 JavaThread "Start Level: Equinox Container: f05bb0e4-cc1d-4cf6-9ac0-76b6c241e350" daemon [_thread_blocked, id=15464, stack(0x000000bc9ee00000,0x000000bc9ef00000) (1024K)]
  0x000002a9f7e02a50 JavaThread "Bundle File Closer"         daemon [_thread_blocked, id=8668, stack(0x000000bc9ef00000,0x000000bc9f000000) (1024K)]
  0x000002a9fc6b59e0 JavaThread "SCR Component Actor"        daemon [_thread_blocked, id=14796, stack(0x000000bc9f200000,0x000000bc9f300000) (1024K)]
  0x000002a9fc6817f0 JavaThread "Worker-JM"                         [_thread_blocked, id=6380, stack(0x000000bc9f400000,0x000000bc9f500000) (1024K)]
  0x000002a9fc683230 JavaThread "JNA Cleaner"                daemon [_thread_blocked, id=14232, stack(0x000000bc9f500000,0x000000bc9f600000) (1024K)]
  0x000002a9fc681e80 JavaThread "Worker-0"                          [_thread_blocked, id=14424, stack(0x000000bc9f600000,0x000000bc9f700000) (1024K)]
  0x000002a9fc6845e0 JavaThread "Worker-1: Initialize workspace"        [_thread_in_vm, id=13156, stack(0x000000bc9f700000,0x000000bc9f800000) (1024K)]
  0x000002a9fc682ba0 JavaThread "Java indexing"              daemon [_thread_blocked, id=1268, stack(0x000000bc9f800000,0x000000bc9f900000) (1024K)]
  0x000002a9fc684c70 JavaThread "Worker-2"                          [_thread_blocked, id=6960, stack(0x000000bc9f900000,0x000000bc9fa00000) (1024K)]
  0x000002a9fc682510 JavaThread "Worker-3"                          [_thread_blocked, id=1068, stack(0x000000bc9fa00000,0x000000bc9fb00000) (1024K)]
  0x000002a9fc6838c0 JavaThread "Worker-4"                          [_thread_blocked, id=11980, stack(0x000000bc9fb00000,0x000000bc9fc00000) (1024K)]
  0x000002a9fdefa4a0 JavaThread "Thread-2"                   daemon [_thread_in_native, id=13352, stack(0x000000bc9fc00000,0x000000bc9fd00000) (1024K)]
  0x000002a9fdef90f0 JavaThread "Thread-3"                   daemon [_thread_in_native, id=2400, stack(0x000000bc9fd00000,0x000000bc9fe00000) (1024K)]
  0x000002a9fdefbee0 JavaThread "Thread-4"                   daemon [_thread_in_native, id=3132, stack(0x000000bc9fe00000,0x000000bc9ff00000) (1024K)]
  0x000002a9fdefcc00 JavaThread "Thread-5"                   daemon [_thread_in_native, id=9796, stack(0x000000bc9ff00000,0x000000bca0000000) (1024K)]
  0x000002a9fdef9e10 JavaThread "Thread-6"                   daemon [_thread_in_native, id=3608, stack(0x000000bca0000000,0x000000bca0100000) (1024K)]
  0x000002a9fdefd290 JavaThread "Thread-7"                   daemon [_thread_in_native, id=6288, stack(0x000000bca0100000,0x000000bca0200000) (1024K)]
  0x000002a9fdef8a60 JavaThread "Thread-8"                   daemon [_thread_in_native, id=16192, stack(0x000000bca0200000,0x000000bca0300000) (1024K)]
  0x000002a9fdefd920 JavaThread "Thread-9"                   daemon [_thread_in_native, id=15012, stack(0x000000bca0300000,0x000000bca0400000) (1024K)]
  0x000002a9fdefdfb0 JavaThread "Thread-10"                  daemon [_thread_in_native, id=16696, stack(0x000000bca0400000,0x000000bca0500000) (1024K)]
  0x000002a9fdefe640 JavaThread "Thread-11"                  daemon [_thread_in_native, id=16884, stack(0x000000bca0500000,0x000000bca0600000) (1024K)]
  0x000002a9fdefecd0 JavaThread "Thread-12"                  daemon [_thread_in_native, id=11632, stack(0x000000bca0600000,0x000000bca0700000) (1024K)]
  0x000002a9fdefc570 JavaThread "Thread-13"                  daemon [_thread_in_native, id=11696, stack(0x000000bca0700000,0x000000bca0800000) (1024K)]
  0x000002a9fdefab30 JavaThread "Thread-14"                  daemon [_thread_in_native, id=10844, stack(0x000000bca0800000,0x000000bca0900000) (1024K)]
  0x000002a9fdeff360 JavaThread "pool-2-thread-1"                   [_thread_blocked, id=18172, stack(0x000000bca0900000,0x000000bca0a00000) (1024K)]
  0x000002a9fdef83d0 JavaThread "WorkspaceEventsHandler"            [_thread_blocked, id=16256, stack(0x000000bca0a00000,0x000000bca0b00000) (1024K)]
  0x000002a9fdeff9f0 JavaThread "pool-1-thread-1"                   [_thread_blocked, id=17312, stack(0x000000bca0b00000,0x000000bca0c00000) (1024K)]
  0x000002a9fdef9780 JavaThread "ForkJoinPool.commonPool-worker-1" daemon [_thread_blocked, id=8304, stack(0x000000bca0c00000,0x000000bca0d00000) (1024K)]
  0x000002a9fdefb850 JavaThread "ForkJoinPool.commonPool-worker-2" daemon [_thread_blocked, id=18136, stack(0x000000bca0d00000,0x000000bca0e00000) (1024K)]
  0x000002a9fdefb1c0 JavaThread "ForkJoinPool.commonPool-worker-3" daemon [_thread_blocked, id=6240, stack(0x000000bca0e00000,0x000000bca0f00000) (1024K)]
  0x000002a9fc683f50 JavaThread "ForkJoinPool.commonPool-worker-4" daemon [_thread_blocked, id=12564, stack(0x000000bca0f00000,0x000000bca1000000) (1024K)]
  0x000002a9ff0f2570 JavaThread "ForkJoinPool.commonPool-worker-5" daemon [_thread_blocked, id=8412, stack(0x000000bca1000000,0x000000bca1100000) (1024K)]
  0x000002a9ff0f6da0 JavaThread "ForkJoinPool.commonPool-worker-6" daemon [_thread_blocked, id=2192, stack(0x000000bca1100000,0x000000bca1200000) (1024K)]
  0x000002a9ff0f7430 JavaThread "ForkJoinPool.commonPool-worker-7" daemon [_thread_blocked, id=1752, stack(0x000000bca1200000,0x000000bca1300000) (1024K)]
  0x000002a9ff0f8e70 JavaThread "ForkJoinPool.commonPool-worker-8" daemon [_thread_blocked, id=15784, stack(0x000000bca1300000,0x000000bca1400000) (1024K)]
  0x000002a9ff0f6710 JavaThread "ForkJoinPool.commonPool-worker-9" daemon [_thread_blocked, id=16984, stack(0x000000bca1400000,0x000000bca1500000) (1024K)]
  0x000002a9ff0f1ee0 JavaThread "ForkJoinPool.commonPool-worker-10" daemon [_thread_blocked, id=12640, stack(0x000000bca1500000,0x000000bca1600000) (1024K)]
  0x000002a9ff0f4640 JavaThread "ForkJoinPool.commonPool-worker-11" daemon [_thread_blocked, id=16980, stack(0x000000bca1600000,0x000000bca1700000) (1024K)]
Total: 52

Other Threads:
  0x000002a9f51e79f0 VMThread "VM Thread"                           [id=16636, stack(0x000000bc9d900000,0x000000bc9da00000) (1024K)]
  0x000002a99fd09160 WatcherThread "VM Periodic Task Thread"        [id=8548, stack(0x000000bc9d800000,0x000000bc9d900000) (1024K)]
  0x000002a99fcbc4d0 WorkerThread "GC Thread#0"                     [id=11400, stack(0x000000bc9d700000,0x000000bc9d800000) (1024K)]
  0x000002a9f7b82a20 WorkerThread "GC Thread#1"                     [id=4888, stack(0x000000bc9e400000,0x000000bc9e500000) (1024K)]
  0x000002a9f7b82dc0 WorkerThread "GC Thread#2"                     [id=17120, stack(0x000000bc9e500000,0x000000bc9e600000) (1024K)]
  0x000002a9f7b83160 WorkerThread "GC Thread#3"                     [id=4664, stack(0x000000bc9e600000,0x000000bc9e700000) (1024K)]
  0x000002a9f7b83500 WorkerThread "GC Thread#4"                     [id=17364, stack(0x000000bc9e700000,0x000000bc9e800000) (1024K)]
  0x000002a9f7da6e50 WorkerThread "GC Thread#5"                     [id=17512, stack(0x000000bc9e800000,0x000000bc9e900000) (1024K)]
  0x000002a9f7da71f0 WorkerThread "GC Thread#6"                     [id=15772, stack(0x000000bc9e900000,0x000000bc9ea00000) (1024K)]
  0x000002a9f7dd5bf0 WorkerThread "GC Thread#7"                     [id=4392, stack(0x000000bc9ec00000,0x000000bc9ed00000) (1024K)]
  0x000002a9fc279780 WorkerThread "GC Thread#8"                     [id=2476, stack(0x000000bc9f000000,0x000000bc9f100000) (1024K)]
  0x000002a9fc279b20 WorkerThread "GC Thread#9"                     [id=18076, stack(0x000000bc9f100000,0x000000bc9f200000) (1024K)]
Total: 12

Threads with active compile tasks:
C2 CompilerThread0  15677 7011   !   4       org.eclipse.osgi.internal.loader.classpath.ClasspathManager::findLocalClass (210 bytes)
Total: 1

VM state: not at safepoint (normal execution)

VM Mutex/Monitor currently owned by a thread: None

Heap address: 0x00000000c0000000, size: 1024 MB, Compressed Oops mode: 32-bit

CDS archive(s) mapped at: [0x000002a9b4000000-0x000002a9b4ba0000-0x000002a9b4ba0000), size 12189696, SharedBaseAddress: 0x000002a9b4000000, ArchiveRelocationMode: 1.
Compressed class space mapped at: 0x000002a9b5000000-0x000002a9f5000000, reserved size: 1073741824
Narrow klass base: 0x000002a9b4000000, Narrow klass shift: 0, Narrow klass range: 0x100000000

GC Precious Log:
 CardTable entry size: 512
 CPUs: 12 total, 12 available
 Memory: 3423M
 Large Page Support: Disabled
 NUMA Support: Disabled
 Compressed Oops: Enabled (32-bit)
 Alignments: Space 512K, Generation 512K, Heap 2M
 Heap Min Capacity: 100M
 Heap Initial Capacity: 100M
 Heap Max Capacity: 1G
 Pre-touch: Disabled
 Parallel Workers: 10

Heap:
 PSYoungGen      total 23040K, used 3781K [0x00000000eab00000, 0x00000000eca00000, 0x0000000100000000)
  eden space 22016K, 12% used [0x00000000eab00000,0x00000000eadb7430,0x00000000ec080000)
  from space 1024K, 97% used [0x00000000ec900000,0x00000000ec9fa1d8,0x00000000eca00000)
  to   space 2560K, 0% used [0x00000000ec500000,0x00000000ec500000,0x00000000ec780000)
 ParOldGen       total 68608K, used 34257K [0x00000000c0000000, 0x00000000c4300000, 0x00000000eab00000)
  object space 68608K, 49% used [0x00000000c0000000,0x00000000c2174640,0x00000000c4300000)
 Metaspace       used 48429K, committed 49664K, reserved 1114112K
  class space    used 5128K, committed 5632K, reserved 1048576K

Card table byte_map: [0x000002a99f640000,0x000002a99f850000] _byte_map_base: 0x000002a99f040000

Marking Bits: (ParMarkBitMap*) 0x00007ffe4ba32250
 Begin Bits: [0x000002a9b1ff0000, 0x000002a9b2ff0000)
 End Bits:   [0x000002a9b2ff0000, 0x000002a9b3ff0000)

Polling page: 0x000002a99dc00000

Metaspace:

Usage:
  Non-class:     42.29 MB used.
      Class:      5.01 MB used.
       Both:     47.29 MB used.

Virtual space:
  Non-class space:       64.00 MB reserved,      43.00 MB ( 67%) committed,  1 nodes.
      Class space:        1.00 GB reserved,       5.50 MB ( <1%) committed,  1 nodes.
             Both:        1.06 GB reserved,      48.50 MB (  4%) committed. 

Chunk freelists:
   Non-Class:  4.42 MB
       Class:  10.47 MB
        Both:  14.89 MB

MaxMetaspaceSize: unlimited
CompressedClassSpaceSize: 1.00 GB
Initial GC threshold: 21.00 MB
Current GC threshold: 58.88 MB
CDS: on
 - commit_granule_bytes: 65536.
 - commit_granule_words: 8192.
 - virtual_space_node_default_size: 8388608.
 - enlarge_chunks_in_place: 1.
 - use_allocation_guard: 0.


Internal statistics:

num_allocs_failed_limit: 10.
num_arena_births: 924.
num_arena_deaths: 14.
num_vsnodes_births: 2.
num_vsnodes_deaths: 0.
num_space_committed: 776.
num_space_uncommitted: 0.
num_chunks_returned_to_freelist: 24.
num_chunks_taken_from_freelist: 3163.
num_chunk_merges: 12.
num_chunk_splits: 1947.
num_chunks_enlarged: 1072.
num_inconsistent_stats: 0.

CodeHeap 'non-profiled nmethods': size=120000Kb used=2462Kb max_used=2462Kb free=117537Kb
 bounds [0x000002a9aaac0000, 0x000002a9aad30000, 0x000002a9b1ff0000]
CodeHeap 'profiled nmethods': size=120000Kb used=13098Kb max_used=13098Kb free=106901Kb
 bounds [0x000002a9a2ff0000, 0x000002a9a3cc0000, 0x000002a9aa520000]
CodeHeap 'non-nmethods': size=5760Kb used=1370Kb max_used=1411Kb free=4390Kb
 bounds [0x000002a9aa520000, 0x000002a9aa790000, 0x000002a9aaac0000]
 total_blobs=7345 nmethods=6676 adapters=575
 compilation: enabled
              stopped_count=0, restarted_count=0
 full_count=0

Compilation events (20 events):
Event: 15.583 Thread 0x000002a9f7332f20 7262  s    2       jdk.internal.jrtfs.JrtDirectoryStream::close (6 bytes)
Event: 15.583 Thread 0x000002a9f7332f20 nmethod 7262 0x000002a9a3caa510 code [0x000002a9a3caa6a0, 0x000002a9a3caa868]
Event: 15.583 Thread 0x000002a9f7332f20 7250  s!   2       jdk.internal.jrtfs.JrtDirectoryStream::iterator (76 bytes)
Event: 15.584 Thread 0x000002a9f7332f20 nmethod 7250 0x000002a9a3caa910 code [0x000002a9a3caab00, 0x000002a9a3cab038]
Event: 15.584 Thread 0x000002a9f7332f20 7251       2       jdk.internal.jrtfs.JrtFileSystem::iteratorOf (98 bytes)
Event: 15.585 Thread 0x000002a9f7332f20 nmethod 7251 0x000002a9a3cab310 code [0x000002a9a3cab600, 0x000002a9a3cabf80]
Event: 15.585 Thread 0x000002a9f7332f20 7252       2       jdk.internal.jimage.ImageReader$Directory::getChildren (8 bytes)
Event: 15.586 Thread 0x000002a9f7332f20 nmethod 7252 0x000002a9a3cac590 code [0x000002a9a3cac740, 0x000002a9a3cac860]
Event: 15.586 Thread 0x000002a9f7332f20 7253       2       jdk.internal.jrtfs.JrtFileSystem$$Lambda/0x000002a9b55726c8::<init> (15 bytes)
Event: 15.586 Thread 0x000002a9f7332f20 nmethod 7253 0x000002a9a3cac910 code [0x000002a9a3cacaa0, 0x000002a9a3cacbd0]
Event: 15.586 Thread 0x000002a9f7332f20 7254       2       jdk.internal.jrtfs.JrtFileSystem$$Lambda/0x000002a9b5572900::<init> (10 bytes)
Event: 15.586 Thread 0x000002a9f7332f20 nmethod 7254 0x000002a9a3cacc90 code [0x000002a9a3cace20, 0x000002a9a3cacf40]
Event: 15.586 Thread 0x000002a9f7332f20 7255       2       jdk.internal.jrtfs.JrtDirectoryStream$1::<init> (10 bytes)
Event: 15.586 Thread 0x000002a9f7332f20 nmethod 7255 0x000002a9a3cad010 code [0x000002a9a3cad1a0, 0x000002a9a3cad2c0]
Event: 15.586 Thread 0x000002a9f7332f20 7239       2       jdk.internal.jrtfs.JrtDirectoryStream::<init> (39 bytes)
Event: 15.587 Thread 0x000002a9f7332f20 nmethod 7239 0x000002a9a3cad390 code [0x000002a9a3cad5a0, 0x000002a9a3cad8e8]
Event: 15.587 Thread 0x000002a9f7332f20 7249       2       jdk.internal.jrtfs.JrtFileSystem::isDirectory (33 bytes)
Event: 15.587 Thread 0x000002a9f7332f20 nmethod 7249 0x000002a9a3cadb10 code [0x000002a9a3cadd00, 0x000002a9a3cadf20]
Event: 15.587 Thread 0x000002a9f7332f20 7261       2       jdk.internal.jrtfs.JrtFileAttributes::fileKey (9 bytes)
Event: 15.587 Thread 0x000002a9f7332f20 nmethod 7261 0x000002a9a3cae090 code [0x000002a9a3cae240, 0x000002a9a3cae380]

GC Heap History (20 events):
Event: 9.927 GC heap before
{Heap before GC invocations=14 (full 1):
 PSYoungGen      total 23552K, used 9866K [0x00000000eab00000, 0x00000000ec700000, 0x0000000100000000)
  eden space 22016K, 37% used [0x00000000eab00000,0x00000000eb326fb0,0x00000000ec080000)
  from space 1536K, 98% used [0x00000000ec580000,0x00000000ec6fbc28,0x00000000ec700000)
  to   space 3072K, 0% used [0x00000000ec100000,0x00000000ec100000,0x00000000ec400000)
 ParOldGen       total 68608K, used 17423K [0x00000000c0000000, 0x00000000c4300000, 0x00000000eab00000)
  object space 68608K, 25% used [0x00000000c0000000,0x00000000c1103c28,0x00000000c4300000)
 Metaspace       used 34766K, committed 35904K, reserved 1114112K
  class space    used 3516K, committed 3968K, reserved 1048576K
}
Event: 9.930 GC heap after
{Heap after GC invocations=14 (full 1):
 PSYoungGen      total 25088K, used 480K [0x00000000eab00000, 0x00000000ec600000, 0x0000000100000000)
  eden space 22016K, 0% used [0x00000000eab00000,0x00000000eab00000,0x00000000ec080000)
  from space 3072K, 15% used [0x00000000ec100000,0x00000000ec178020,0x00000000ec400000)
  to   space 1536K, 0% used [0x00000000ec480000,0x00000000ec480000,0x00000000ec600000)
 ParOldGen       total 68608K, used 18679K [0x00000000c0000000, 0x00000000c4300000, 0x00000000eab00000)
  object space 68608K, 27% used [0x00000000c0000000,0x00000000c123dd08,0x00000000c4300000)
 Metaspace       used 34766K, committed 35904K, reserved 1114112K
  class space    used 3516K, committed 3968K, reserved 1048576K
}
Event: 9.960 GC heap before
{Heap before GC invocations=15 (full 1):
 PSYoungGen      total 25088K, used 3772K [0x00000000eab00000, 0x00000000ec600000, 0x0000000100000000)
  eden space 22016K, 14% used [0x00000000eab00000,0x00000000eae372e8,0x00000000ec080000)
  from space 3072K, 15% used [0x00000000ec100000,0x00000000ec178020,0x00000000ec400000)
  to   space 1536K, 0% used [0x00000000ec480000,0x00000000ec480000,0x00000000ec600000)
 ParOldGen       total 68608K, used 18679K [0x00000000c0000000, 0x00000000c4300000, 0x00000000eab00000)
  object space 68608K, 27% used [0x00000000c0000000,0x00000000c123dd08,0x00000000c4300000)
 Metaspace       used 34988K, committed 36160K, reserved 1114112K
  class space    used 3550K, committed 4032K, reserved 1048576K
}
Event: 9.961 GC heap after
{Heap after GC invocations=15 (full 1):
 PSYoungGen      total 23040K, used 992K [0x00000000eab00000, 0x00000000ec580000, 0x0000000100000000)
  eden space 22016K, 0% used [0x00000000eab00000,0x00000000eab00000,0x00000000ec080000)
  from space 1024K, 96% used [0x00000000ec480000,0x00000000ec578000,0x00000000ec580000)
  to   space 1536K, 0% used [0x00000000ec280000,0x00000000ec280000,0x00000000ec400000)
 ParOldGen       total 68608K, used 18967K [0x00000000c0000000, 0x00000000c4300000, 0x00000000eab00000)
  object space 68608K, 27% used [0x00000000c0000000,0x00000000c1285d28,0x00000000c4300000)
 Metaspace       used 34988K, committed 36160K, reserved 1114112K
  class space    used 3550K, committed 4032K, reserved 1048576K
}
Event: 9.961 GC heap before
{Heap before GC invocations=16 (full 2):
 PSYoungGen      total 23040K, used 992K [0x00000000eab00000, 0x00000000ec580000, 0x0000000100000000)
  eden space 22016K, 0% used [0x00000000eab00000,0x00000000eab00000,0x00000000ec080000)
  from space 1024K, 96% used [0x00000000ec480000,0x00000000ec578000,0x00000000ec580000)
  to   space 1536K, 0% used [0x00000000ec280000,0x00000000ec280000,0x00000000ec400000)
 ParOldGen       total 68608K, used 18967K [0x00000000c0000000, 0x00000000c4300000, 0x00000000eab00000)
  object space 68608K, 27% used [0x00000000c0000000,0x00000000c1285d28,0x00000000c4300000)
 Metaspace       used 34988K, committed 36160K, reserved 1114112K
  class space    used 3550K, committed 4032K, reserved 1048576K
}
Event: 10.007 GC heap after
{Heap after GC invocations=16 (full 2):
 PSYoungGen      total 23040K, used 0K [0x00000000eab00000, 0x00000000ec580000, 0x0000000100000000)
  eden space 22016K, 0% used [0x00000000eab00000,0x00000000eab00000,0x00000000ec080000)
  from space 1024K, 0% used [0x00000000ec480000,0x00000000ec480000,0x00000000ec580000)
  to   space 1536K, 0% used [0x00000000ec280000,0x00000000ec280000,0x00000000ec400000)
 ParOldGen       total 68608K, used 19173K [0x00000000c0000000, 0x00000000c4300000, 0x00000000eab00000)
  object space 68608K, 27% used [0x00000000c0000000,0x00000000c12b9768,0x00000000c4300000)
 Metaspace       used 34988K, committed 36160K, reserved 1114112K
  class space    used 3550K, committed 4032K, reserved 1048576K
}
Event: 10.208 GC heap before
{Heap before GC invocations=17 (full 2):
 PSYoungGen      total 23040K, used 22016K [0x00000000eab00000, 0x00000000ec580000, 0x0000000100000000)
  eden space 22016K, 100% used [0x00000000eab00000,0x00000000ec080000,0x00000000ec080000)
  from space 1024K, 0% used [0x00000000ec480000,0x00000000ec480000,0x00000000ec580000)
  to   space 1536K, 0% used [0x00000000ec280000,0x00000000ec280000,0x00000000ec400000)
 ParOldGen       total 68608K, used 19173K [0x00000000c0000000, 0x00000000c4300000, 0x00000000eab00000)
  object space 68608K, 27% used [0x00000000c0000000,0x00000000c12b9768,0x00000000c4300000)
 Metaspace       used 37037K, committed 38144K, reserved 1114112K
  class space    used 3816K, committed 4288K, reserved 1048576K
}
Event: 10.210 GC heap after
{Heap after GC invocations=17 (full 2):
 PSYoungGen      total 23552K, used 1440K [0x00000000eab00000, 0x00000000ec500000, 0x0000000100000000)
  eden space 22016K, 0% used [0x00000000eab00000,0x00000000eab00000,0x00000000ec080000)
  from space 1536K, 93% used [0x00000000ec280000,0x00000000ec3e8110,0x00000000ec400000)
  to   space 1024K, 0% used [0x00000000ec400000,0x00000000ec400000,0x00000000ec500000)
 ParOldGen       total 68608K, used 19181K [0x00000000c0000000, 0x00000000c4300000, 0x00000000eab00000)
  object space 68608K, 27% used [0x00000000c0000000,0x00000000c12bb768,0x00000000c4300000)
 Metaspace       used 37037K, committed 38144K, reserved 1114112K
  class space    used 3816K, committed 4288K, reserved 1048576K
}
Event: 10.436 GC heap before
{Heap before GC invocations=18 (full 2):
 PSYoungGen      total 23552K, used 23456K [0x00000000eab00000, 0x00000000ec500000, 0x0000000100000000)
  eden space 22016K, 100% used [0x00000000eab00000,0x00000000ec080000,0x00000000ec080000)
  from space 1536K, 93% used [0x00000000ec280000,0x00000000ec3e8110,0x00000000ec400000)
  to   space 1024K, 0% used [0x00000000ec400000,0x00000000ec400000,0x00000000ec500000)
 ParOldGen       total 68608K, used 19181K [0x00000000c0000000, 0x00000000c4300000, 0x00000000eab00000)
  object space 68608K, 27% used [0x00000000c0000000,0x00000000c12bb768,0x00000000c4300000)
 Metaspace       used 38962K, committed 40192K, reserved 1114112K
  class space    used 4026K, committed 4544K, reserved 1048576K
}
Event: 10.440 GC heap after
{Heap after GC invocations=18 (full 2):
 PSYoungGen      total 23040K, used 1024K [0x00000000eab00000, 0x00000000ec680000, 0x0000000100000000)
  eden space 22016K, 0% used [0x00000000eab00000,0x00000000eab00000,0x00000000ec080000)
  from space 1024K, 100% used [0x00000000ec400000,0x00000000ec500000,0x00000000ec500000)
  to   space 3072K, 0% used [0x00000000ec080000,0x00000000ec080000,0x00000000ec380000)
 ParOldGen       total 68608K, used 20810K [0x00000000c0000000, 0x00000000c4300000, 0x00000000eab00000)
  object space 68608K, 30% used [0x00000000c0000000,0x00000000c1452820,0x00000000c4300000)
 Metaspace       used 38962K, committed 40192K, reserved 1114112K
  class space    used 4026K, committed 4544K, reserved 1048576K
}
Event: 10.752 GC heap before
{Heap before GC invocations=19 (full 2):
 PSYoungGen      total 23040K, used 23040K [0x00000000eab00000, 0x00000000ec680000, 0x0000000100000000)
  eden space 22016K, 100% used [0x00000000eab00000,0x00000000ec080000,0x00000000ec080000)
  from space 1024K, 100% used [0x00000000ec400000,0x00000000ec500000,0x00000000ec500000)
  to   space 3072K, 0% used [0x00000000ec080000,0x00000000ec080000,0x00000000ec380000)
 ParOldGen       total 68608K, used 20810K [0x00000000c0000000, 0x00000000c4300000, 0x00000000eab00000)
  object space 68608K, 30% used [0x00000000c0000000,0x00000000c1452820,0x00000000c4300000)
 Metaspace       used 40418K, committed 41664K, reserved 1114112K
  class space    used 4200K, committed 4736K, reserved 1048576K
}
Event: 10.762 GC heap after
{Heap after GC invocations=19 (full 2):
 PSYoungGen      total 25088K, used 3043K [0x00000000eab00000, 0x00000000ed680000, 0x0000000100000000)
  eden space 22016K, 0% used [0x00000000eab00000,0x00000000eab00000,0x00000000ec080000)
  from space 3072K, 99% used [0x00000000ec080000,0x00000000ec378ee0,0x00000000ec380000)
  to   space 11264K, 0% used [0x00000000ecb80000,0x00000000ecb80000,0x00000000ed680000)
 ParOldGen       total 68608K, used 27340K [0x00000000c0000000, 0x00000000c4300000, 0x00000000eab00000)
  object space 68608K, 39% used [0x00000000c0000000,0x00000000c1ab32d8,0x00000000c4300000)
 Metaspace       used 40418K, committed 41664K, reserved 1114112K
  class space    used 4200K, committed 4736K, reserved 1048576K
}
Event: 11.377 GC heap before
{Heap before GC invocations=20 (full 2):
 PSYoungGen      total 25088K, used 25059K [0x00000000eab00000, 0x00000000ed680000, 0x0000000100000000)
  eden space 22016K, 100% used [0x00000000eab00000,0x00000000ec080000,0x00000000ec080000)
  from space 3072K, 99% used [0x00000000ec080000,0x00000000ec378ee0,0x00000000ec380000)
  to   space 11264K, 0% used [0x00000000ecb80000,0x00000000ecb80000,0x00000000ed680000)
 ParOldGen       total 68608K, used 27340K [0x00000000c0000000, 0x00000000c4300000, 0x00000000eab00000)
  object space 68608K, 39% used [0x00000000c0000000,0x00000000c1ab32d8,0x00000000c4300000)
 Metaspace       used 43077K, committed 44352K, reserved 1114112K
  class space    used 4557K, committed 5120K, reserved 1048576K
}
Event: 11.381 GC heap after
{Heap after GC invocations=20 (full 2):
 PSYoungGen      total 24064K, used 1696K [0x00000000eab00000, 0x00000000ecd80000, 0x0000000100000000)
  eden space 22016K, 0% used [0x00000000eab00000,0x00000000eab00000,0x00000000ec080000)
  from space 2048K, 82% used [0x00000000ecb80000,0x00000000ecd28000,0x00000000ecd80000)
  to   space 4608K, 0% used [0x00000000ec480000,0x00000000ec480000,0x00000000ec900000)
 ParOldGen       total 68608K, used 30376K [0x00000000c0000000, 0x00000000c4300000, 0x00000000eab00000)
  object space 68608K, 44% used [0x00000000c0000000,0x00000000c1daa1f0,0x00000000c4300000)
 Metaspace       used 43077K, committed 44352K, reserved 1114112K
  class space    used 4557K, committed 5120K, reserved 1048576K
}
Event: 13.446 GC heap before
{Heap before GC invocations=21 (full 2):
 PSYoungGen      total 24064K, used 23712K [0x00000000eab00000, 0x00000000ecd80000, 0x0000000100000000)
  eden space 22016K, 100% used [0x00000000eab00000,0x00000000ec080000,0x00000000ec080000)
  from space 2048K, 82% used [0x00000000ecb80000,0x00000000ecd28000,0x00000000ecd80000)
  to   space 4608K, 0% used [0x00000000ec480000,0x00000000ec480000,0x00000000ec900000)
 ParOldGen       total 68608K, used 30376K [0x00000000c0000000, 0x00000000c4300000, 0x00000000eab00000)
  object space 68608K, 44% used [0x00000000c0000000,0x00000000c1daa1f0,0x00000000c4300000)
 Metaspace       used 45799K, committed 47104K, reserved 1114112K
  class space    used 4877K, committed 5440K, reserved 1048576K
}
Event: 13.451 GC heap after
{Heap after GC invocations=21 (full 2):
 PSYoungGen      total 26624K, used 1641K [0x00000000eab00000, 0x00000000ecc00000, 0x0000000100000000)
  eden space 22016K, 0% used [0x00000000eab00000,0x00000000eab00000,0x00000000ec080000)
  from space 4608K, 35% used [0x00000000ec480000,0x00000000ec61a5a0,0x00000000ec900000)
  to   space 2560K, 0% used [0x00000000ec980000,0x00000000ec980000,0x00000000ecc00000)
 ParOldGen       total 68608K, used 31852K [0x00000000c0000000, 0x00000000c4300000, 0x00000000eab00000)
  object space 68608K, 46% used [0x00000000c0000000,0x00000000c1f1b200,0x00000000c4300000)
 Metaspace       used 45799K, committed 47104K, reserved 1114112K
  class space    used 4877K, committed 5440K, reserved 1048576K
}
Event: 14.561 GC heap before
{Heap before GC invocations=22 (full 2):
 PSYoungGen      total 26624K, used 23657K [0x00000000eab00000, 0x00000000ecc00000, 0x0000000100000000)
  eden space 22016K, 100% used [0x00000000eab00000,0x00000000ec080000,0x00000000ec080000)
  from space 4608K, 35% used [0x00000000ec480000,0x00000000ec61a5a0,0x00000000ec900000)
  to   space 2560K, 0% used [0x00000000ec980000,0x00000000ec980000,0x00000000ecc00000)
 ParOldGen       total 68608K, used 31852K [0x00000000c0000000, 0x00000000c4300000, 0x00000000eab00000)
  object space 68608K, 46% used [0x00000000c0000000,0x00000000c1f1b200,0x00000000c4300000)
 Metaspace       used 46111K, committed 47360K, reserved 1114112K
  class space    used 4896K, committed 5440K, reserved 1048576K
}
Event: 14.563 GC heap after
{Heap after GC invocations=22 (full 2):
 PSYoungGen      total 22528K, used 288K [0x00000000eab00000, 0x00000000eca00000, 0x0000000100000000)
  eden space 22016K, 0% used [0x00000000eab00000,0x00000000eab00000,0x00000000ec080000)
  from space 512K, 56% used [0x00000000ec980000,0x00000000ec9c8000,0x00000000eca00000)
  to   space 1024K, 0% used [0x00000000ec800000,0x00000000ec800000,0x00000000ec900000)
 ParOldGen       total 68608K, used 33329K [0x00000000c0000000, 0x00000000c4300000, 0x00000000eab00000)
  object space 68608K, 48% used [0x00000000c0000000,0x00000000c208c640,0x00000000c4300000)
 Metaspace       used 46111K, committed 47360K, reserved 1114112K
  class space    used 4896K, committed 5440K, reserved 1048576K
}
Event: 14.943 GC heap before
{Heap before GC invocations=23 (full 2):
 PSYoungGen      total 22528K, used 22304K [0x00000000eab00000, 0x00000000eca00000, 0x0000000100000000)
  eden space 22016K, 100% used [0x00000000eab00000,0x00000000ec080000,0x00000000ec080000)
  from space 512K, 56% used [0x00000000ec980000,0x00000000ec9c8000,0x00000000eca00000)
  to   space 1024K, 0% used [0x00000000ec800000,0x00000000ec800000,0x00000000ec900000)
 ParOldGen       total 68608K, used 33329K [0x00000000c0000000, 0x00000000c4300000, 0x00000000eab00000)
  object space 68608K, 48% used [0x00000000c0000000,0x00000000c208c640,0x00000000c4300000)
 Metaspace       used 46465K, committed 47680K, reserved 1114112K
  class space    used 4930K, committed 5440K, reserved 1048576K
}
Event: 14.945 GC heap after
{Heap after GC invocations=23 (full 2):
 PSYoungGen      total 23040K, used 832K [0x00000000eab00000, 0x00000000eca00000, 0x0000000100000000)
  eden space 22016K, 0% used [0x00000000eab00000,0x00000000eab00000,0x00000000ec080000)
  from space 1024K, 81% used [0x00000000ec800000,0x00000000ec8d0000,0x00000000ec900000)
  to   space 1024K, 0% used [0x00000000ec900000,0x00000000ec900000,0x00000000eca00000)
 ParOldGen       total 68608K, used 33401K [0x00000000c0000000, 0x00000000c4300000, 0x00000000eab00000)
  object space 68608K, 48% used [0x00000000c0000000,0x00000000c209e640,0x00000000c4300000)
 Metaspace       used 46465K, committed 47680K, reserved 1114112K
  class space    used 4930K, committed 5440K, reserved 1048576K
}

Dll operation events (10 events):
Event: 0.018 Loaded shared library c:\Users\Namra\.vscode\extensions\redhat.java-1.39.0-win32-x64\jre\21.0.5-win32-x86_64\bin\java.dll
Event: 0.178 Loaded shared library c:\Users\Namra\.vscode\extensions\redhat.java-1.39.0-win32-x64\jre\21.0.5-win32-x86_64\bin\zip.dll
Event: 0.225 Loaded shared library C:\Users\Namra\.vscode\extensions\redhat.java-1.39.0-win32-x64\jre\21.0.5-win32-x86_64\bin\instrument.dll
Event: 0.235 Loaded shared library C:\Users\Namra\.vscode\extensions\redhat.java-1.39.0-win32-x64\jre\21.0.5-win32-x86_64\bin\net.dll
Event: 0.239 Loaded shared library C:\Users\Namra\.vscode\extensions\redhat.java-1.39.0-win32-x64\jre\21.0.5-win32-x86_64\bin\nio.dll
Event: 0.245 Loaded shared library C:\Users\Namra\.vscode\extensions\redhat.java-1.39.0-win32-x64\jre\21.0.5-win32-x86_64\bin\zip.dll
Event: 0.279 Loaded shared library C:\Users\Namra\.vscode\extensions\redhat.java-1.39.0-win32-x64\jre\21.0.5-win32-x86_64\bin\jimage.dll
Event: 0.396 Loaded shared library c:\Users\Namra\.vscode\extensions\redhat.java-1.39.0-win32-x64\jre\21.0.5-win32-x86_64\bin\verify.dll
Event: 3.473 Loaded shared library C:\Users\Namra\AppData\Roaming\Code\User\globalStorage\redhat.java\1.39.0\config_win\org.eclipse.equinox.launcher\org.eclipse.equinox.launcher.win32.win32.x86_64_1.2.1100.v20240722-2106\eclipse_11904.dll
Event: 7.074 Loaded shared library C:\Users\Namra\AppData\Local\Temp\jna-75032745\jna966465892848052360.dll

Deoptimization events (20 events):
Event: 15.390 Thread 0x000002a9fc6845e0 DEOPT PACKING pc=0x000002a9aaceb3e4 sp=0x000000bc9f7fc540
Event: 15.390 Thread 0x000002a9fc6845e0 DEOPT UNPACKING pc=0x000002a9aa573aa2 sp=0x000000bc9f7fc4a8 mode 2
Event: 15.418 Thread 0x000002a9fc6845e0 Uncommon trap: trap_request=0xffffff45 fr.pc=0x000002a9aacf3320 relative=0x0000000000000980
Event: 15.418 Thread 0x000002a9fc6845e0 Uncommon trap: reason=unstable_if action=reinterpret pc=0x000002a9aacf3320 method=sun.nio.fs.WindowsNativeDispatcher.asNativeBuffer(Ljava/lang/String;)Lsun/nio/fs/NativeBuffer; @ 52 c2
Event: 15.418 Thread 0x000002a9fc6845e0 DEOPT PACKING pc=0x000002a9aacf3320 sp=0x000000bc9f7fd2f0
Event: 15.418 Thread 0x000002a9fc6845e0 DEOPT UNPACKING pc=0x000002a9aa573aa2 sp=0x000000bc9f7fd248 mode 2
Event: 15.519 Thread 0x000002a9fdefb1c0 DEOPT PACKING pc=0x000002a9a32f57d5 sp=0x000000bca0ef84d0
Event: 15.519 Thread 0x000002a9fdefb1c0 DEOPT UNPACKING pc=0x000002a9aa574242 sp=0x000000bca0ef79d8 mode 0
Event: 15.592 Thread 0x000002a9fc6845e0 Uncommon trap: trap_request=0xffffff45 fr.pc=0x000002a9aacdeb3c relative=0x000000000000009c
Event: 15.592 Thread 0x000002a9fc6845e0 Uncommon trap: reason=unstable_if action=reinterpret pc=0x000002a9aacdeb3c method=java.util.regex.Pattern.escape(ZZZ)I @ 8 c2
Event: 15.592 Thread 0x000002a9fc6845e0 DEOPT PACKING pc=0x000002a9aacdeb3c sp=0x000000bc9f7fc290
Event: 15.592 Thread 0x000002a9fc6845e0 DEOPT UNPACKING pc=0x000002a9aa573aa2 sp=0x000000bc9f7fc208 mode 2
Event: 15.592 Thread 0x000002a9fc6845e0 Uncommon trap: trap_request=0xffffff3d fr.pc=0x000002a9aacd1c4c relative=0x000000000000034c
Event: 15.592 Thread 0x000002a9fc6845e0 Uncommon trap: reason=unstable_fused_if action=reinterpret pc=0x000002a9aacd1c4c method=java.util.regex.Pattern.closure(Ljava/util/regex/Pattern$Node;)Ljava/util/regex/Pattern$Node; @ 6 c2
Event: 15.592 Thread 0x000002a9fc6845e0 DEOPT PACKING pc=0x000002a9aacd1c4c sp=0x000000bc9f7fc530
Event: 15.592 Thread 0x000002a9fc6845e0 DEOPT UNPACKING pc=0x000002a9aa573aa2 sp=0x000000bc9f7fc4c0 mode 2
Event: 15.593 Thread 0x000002a9fc6845e0 Uncommon trap: trap_request=0xffffff45 fr.pc=0x000002a9aacd5ca4 relative=0x0000000000001104
Event: 15.593 Thread 0x000002a9fc6845e0 Uncommon trap: reason=unstable_if action=reinterpret pc=0x000002a9aacd5ca4 method=java.util.regex.Pattern.compile()V @ 443 c2
Event: 15.593 Thread 0x000002a9fc6845e0 DEOPT PACKING pc=0x000002a9aacd5ca4 sp=0x000000bc9f7fc750
Event: 15.593 Thread 0x000002a9fc6845e0 DEOPT UNPACKING pc=0x000002a9aa573aa2 sp=0x000000bc9f7fc718 mode 2

Classes loaded (20 events):
Event: 15.434 Loading class java/nio/file/ClosedDirectoryStreamException
Event: 15.434 Loading class java/nio/file/ClosedDirectoryStreamException done
Event: 15.434 Loading class jdk/internal/jrtfs/JrtFileSystem
Event: 15.435 Loading class jdk/internal/jrtfs/JrtFileSystem done
Event: 15.435 Loading class jdk/internal/jrtfs/JrtPath
Event: 15.436 Loading class jdk/internal/jrtfs/JrtPath done
Event: 15.436 Loading class jdk/internal/jimage/ImageReader$Node
Event: 15.437 Loading class jdk/internal/jimage/ImageReader$Node done
Event: 15.446 Loading class java/nio/ByteBufferAsIntBufferL
Event: 15.446 Loading class java/nio/ByteBufferAsIntBufferL done
Event: 15.450 Loading class jdk/internal/jimage/ImageReader$Directory
Event: 15.450 Loading class jdk/internal/jimage/ImageReader$Directory done
Event: 15.479 Loading class java/util/concurrent/CompletableFuture$UniApply
Event: 15.480 Loading class java/util/concurrent/CompletableFuture$UniCompletion
Event: 15.480 Loading class java/util/concurrent/CompletableFuture$UniCompletion done
Event: 15.480 Loading class java/util/concurrent/CompletableFuture$UniApply done
Event: 15.481 Loading class java/util/concurrent/CompletableFuture$UniAccept
Event: 15.481 Loading class java/util/concurrent/CompletableFuture$UniAccept done
Event: 15.481 Loading class java/util/concurrent/CompletableFuture$UniExceptionally
Event: 15.481 Loading class java/util/concurrent/CompletableFuture$UniExceptionally done

Classes unloaded (7 events):
Event: 8.132 Thread 0x000002a9f51e79f0 Unloading class 0x000002a9b5199400 'java/lang/invoke/LambdaForm$MH+0x000002a9b5199400'
Event: 8.132 Thread 0x000002a9f51e79f0 Unloading class 0x000002a9b5199000 'java/lang/invoke/LambdaForm$MH+0x000002a9b5199000'
Event: 8.132 Thread 0x000002a9f51e79f0 Unloading class 0x000002a9b5198c00 'java/lang/invoke/LambdaForm$MH+0x000002a9b5198c00'
Event: 8.132 Thread 0x000002a9f51e79f0 Unloading class 0x000002a9b5198800 'java/lang/invoke/LambdaForm$MH+0x000002a9b5198800'
Event: 8.132 Thread 0x000002a9f51e79f0 Unloading class 0x000002a9b5198400 'java/lang/invoke/LambdaForm$BMH+0x000002a9b5198400'
Event: 8.132 Thread 0x000002a9f51e79f0 Unloading class 0x000002a9b5198000 'java/lang/invoke/LambdaForm$DMH+0x000002a9b5198000'
Event: 8.132 Thread 0x000002a9f51e79f0 Unloading class 0x000002a9b5196c00 'java/lang/invoke/LambdaForm$DMH+0x000002a9b5196c00'

Classes redefined (0 events):
No events

Internal exceptions (20 events):
Event: 15.158 Thread 0x000002a9fc6838c0 Exception <a 'sun/nio/fs/WindowsException'{0x00000000eb194f78}> (0x00000000eb194f78) 
thrown [s\src\hotspot\share\prims\jni.cpp, line 520]
Event: 15.158 Thread 0x000002a9fc6838c0 Exception <a 'sun/nio/fs/WindowsException'{0x00000000eb1983e0}> (0x00000000eb1983e0) 
thrown [s\src\hotspot\share\prims\jni.cpp, line 520]
Event: 15.158 Thread 0x000002a9fc6838c0 Exception <a 'sun/nio/fs/WindowsException'{0x00000000eb19b828}> (0x00000000eb19b828) 
thrown [s\src\hotspot\share\prims\jni.cpp, line 520]
Event: 15.159 Thread 0x000002a9fc6838c0 Exception <a 'sun/nio/fs/WindowsException'{0x00000000eb19f8b0}> (0x00000000eb19f8b0) 
thrown [s\src\hotspot\share\prims\jni.cpp, line 520]
Event: 15.159 Thread 0x000002a9fc6838c0 Exception <a 'sun/nio/fs/WindowsException'{0x00000000eb1a3228}> (0x00000000eb1a3228) 
thrown [s\src\hotspot\share\prims\jni.cpp, line 520]
Event: 15.160 Thread 0x000002a9fc6838c0 Exception <a 'sun/nio/fs/WindowsException'{0x00000000eb1a6680}> (0x00000000eb1a6680) 
thrown [s\src\hotspot\share\prims\jni.cpp, line 520]
Event: 15.160 Thread 0x000002a9fc6838c0 Exception <a 'sun/nio/fs/WindowsException'{0x00000000eb1a9b28}> (0x00000000eb1a9b28) 
thrown [s\src\hotspot\share\prims\jni.cpp, line 520]
Event: 15.193 Thread 0x000002a9fdeff9f0 Exception <a 'sun/nio/fs/WindowsException'{0x00000000eb300950}> (0x00000000eb300950) 
thrown [s\src\hotspot\share\prims\jni.cpp, line 520]
Event: 15.193 Thread 0x000002a9fdeff9f0 Exception <a 'sun/nio/fs/WindowsException'{0x00000000eb300f80}> (0x00000000eb300f80) 
thrown [s\src\hotspot\share\prims\jni.cpp, line 520]
Event: 15.194 Thread 0x000002a9fdeff9f0 Exception <a 'sun/nio/fs/WindowsException'{0x00000000eb3040a8}> (0x00000000eb3040a8) 
thrown [s\src\hotspot\share\prims\jni.cpp, line 520]
Event: 15.194 Thread 0x000002a9fdeff9f0 Exception <a 'sun/nio/fs/WindowsException'{0x00000000eb304918}> (0x00000000eb304918) 
thrown [s\src\hotspot\share\prims\jni.cpp, line 520]
Event: 15.325 Thread 0x000002a9fc6845e0 Exception <a 'java/io/FileNotFoundException'{0x00000000eb5e10f8}> (0x00000000eb5e10f8) 
thrown [s\src\hotspot\share\prims\jni.cpp, line 520]
Event: 15.326 Thread 0x000002a9fc6845e0 Exception <a 'java/io/FileNotFoundException'{0x00000000eb5e23a8}> (0x00000000eb5e23a8) 
thrown [s\src\hotspot\share\prims\jni.cpp, line 520]
Event: 15.326 Thread 0x000002a9fc6845e0 Exception <a 'java/io/FileNotFoundException'{0x00000000eb5e33b0}> (0x00000000eb5e33b0) 
thrown [s\src\hotspot\share\prims\jni.cpp, line 520]
Event: 15.355 Thread 0x000002a9fc6845e0 Exception <a 'sun/nio/fs/WindowsException'{0x00000000eb6dfbe0}> (0x00000000eb6dfbe0) 
thrown [s\src\hotspot\share\prims\jni.cpp, line 520]
Event: 15.355 Thread 0x000002a9fc6845e0 Exception <a 'sun/nio/fs/WindowsException'{0x00000000eb6e0210}> (0x00000000eb6e0210) 
thrown [s\src\hotspot\share\prims\jni.cpp, line 520]
Event: 15.356 Thread 0x000002a9fc6845e0 Exception <a 'sun/nio/fs/WindowsException'{0x00000000eb6e1398}> (0x00000000eb6e1398) 
thrown [s\src\hotspot\share\prims\jni.cpp, line 520]
Event: 15.356 Thread 0x000002a9fc6845e0 Exception <a 'sun/nio/fs/WindowsException'{0x00000000eb6e19c8}> (0x00000000eb6e19c8) 
thrown [s\src\hotspot\share\prims\jni.cpp, line 520]
Event: 15.424 Thread 0x000002a9fc6845e0 Exception <a 'java/lang/NoSuchMethodError'{0x00000000eb8cbe18}: 'java.lang.Object java.lang.invoke.DelegatingMethodHandle$Holder.reinvoke_L(java.lang.Object, int, long, java.lang.Object, java.lang.Object, int, java.lang.Object)'> (0x00000000eb8cbe18) 
thrown [s\src\hotspot\share\interpreter\linkResolver.cpp, line 773]
Event: 15.477 Thread 0x000002a9fdeff9f0 Exception <a 'java/lang/IncompatibleClassChangeError'{0x00000000eba17370}: Found class java.lang.Object, but interface was expected> (0x00000000eba17370) 
thrown [s\src\hotspot\share\interpreter\linkResolver.cpp, line 840]

ZGC Phase Switch (0 events):
No events

VM Operations (20 events):
Event: 15.229 Executing VM operation: HandshakeAllThreads (Deoptimize)
Event: 15.229 Executing VM operation: HandshakeAllThreads (Deoptimize) done
Event: 15.374 Executing VM operation: HandshakeAllThreads (Deoptimize)
Event: 15.374 Executing VM operation: HandshakeAllThreads (Deoptimize) done
Event: 15.379 Executing VM operation: HandshakeAllThreads (Deoptimize)
Event: 15.380 Executing VM operation: HandshakeAllThreads (Deoptimize) done
Event: 15.381 Executing VM operation: HandshakeAllThreads (Deoptimize)
Event: 15.382 Executing VM operation: HandshakeAllThreads (Deoptimize) done
Event: 15.398 Executing VM operation: HandshakeAllThreads (Deoptimize)
Event: 15.398 Executing VM operation: HandshakeAllThreads (Deoptimize) done
Event: 15.401 Executing VM operation: HandshakeAllThreads (Deoptimize)
Event: 15.401 Executing VM operation: HandshakeAllThreads (Deoptimize) done
Event: 15.434 Executing VM operation: HandshakeAllThreads (Deoptimize)
Event: 15.434 Executing VM operation: HandshakeAllThreads (Deoptimize) done
Event: 15.448 Executing VM operation: HandshakeAllThreads (Deoptimize)
Event: 15.448 Executing VM operation: HandshakeAllThreads (Deoptimize) done
Event: 15.513 Executing VM operation: HandshakeAllThreads (Deoptimize)
Event: 15.513 Executing VM operation: HandshakeAllThreads (Deoptimize) done
Event: 15.588 Executing VM operation: ICBufferFull
Event: 15.589 Executing VM operation: ICBufferFull done

Memory protections (0 events):
No events

Nmethod flushes (20 events):
Event: 9.981 Thread 0x000002a9f51e79f0 flushing  nmethod 0x000002a9a358cb10
Event: 9.981 Thread 0x000002a9f51e79f0 flushing  nmethod 0x000002a9a3596390
Event: 9.981 Thread 0x000002a9f51e79f0 flushing  nmethod 0x000002a9a35bdb90
Event: 9.981 Thread 0x000002a9f51e79f0 flushing  nmethod 0x000002a9a3621790
Event: 9.981 Thread 0x000002a9f51e79f0 flushing  nmethod 0x000002a9a3639c10
Event: 9.981 Thread 0x000002a9f51e79f0 flushing  nmethod 0x000002a9a363b190
Event: 9.981 Thread 0x000002a9f51e79f0 flushing  nmethod 0x000002a9a365e190
Event: 9.981 Thread 0x000002a9f51e79f0 flushing  nmethod 0x000002a9a365e590
Event: 9.981 Thread 0x000002a9f51e79f0 flushing  nmethod 0x000002a9a365ee90
Event: 9.981 Thread 0x000002a9f51e79f0 flushing  nmethod 0x000002a9a3660090
Event: 9.981 Thread 0x000002a9f51e79f0 flushing  nmethod 0x000002a9a3665110
Event: 9.981 Thread 0x000002a9f51e79f0 flushing  nmethod 0x000002a9a36ac590
Event: 9.981 Thread 0x000002a9f51e79f0 flushing  nmethod 0x000002a9a36b2490
Event: 9.981 Thread 0x000002a9f51e79f0 flushing  nmethod 0x000002a9a36b2f10
Event: 9.981 Thread 0x000002a9f51e79f0 flushing  nmethod 0x000002a9a36e8c90
Event: 9.981 Thread 0x000002a9f51e79f0 flushing  nmethod 0x000002a9a3754e10
Event: 9.981 Thread 0x000002a9f51e79f0 flushing  nmethod 0x000002a9a3770490
Event: 9.981 Thread 0x000002a9f51e79f0 flushing  nmethod 0x000002a9a3770910
Event: 9.981 Thread 0x000002a9f51e79f0 flushing  nmethod 0x000002a9a3776490
Event: 9.981 Thread 0x000002a9f51e79f0 flushing  nmethod 0x000002a9a3792e10

Events (20 events):
Event: 9.881 Thread 0x000002a99da27980 Thread added: 0x000002a9fdefdfb0
Event: 9.881 Thread 0x000002a99da27980 Thread added: 0x000002a9fdefe640
Event: 9.881 Thread 0x000002a99da27980 Thread added: 0x000002a9fdefecd0
Event: 9.882 Thread 0x000002a99da27980 Thread added: 0x000002a9fdefc570
Event: 9.882 Thread 0x000002a99da27980 Thread added: 0x000002a9fdefab30
Event: 9.916 Thread 0x000002a99da27980 Thread added: 0x000002a9fdeff360
Event: 10.204 Thread 0x000002a99da27980 Thread added: 0x000002a9fdef83d0
Event: 10.204 Thread 0x000002a99da27980 Thread added: 0x000002a9fdeff9f0
Event: 10.620 Thread 0x000002a9fc684c70 Thread added: 0x000002a9fdef9780
Event: 10.621 Thread 0x000002a9fc684c70 Thread added: 0x000002a9fdefb850
Event: 10.622 Thread 0x000002a9fdef9780 Thread added: 0x000002a9fdefb1c0
Event: 10.623 Thread 0x000002a9fdefb850 Thread added: 0x000002a9fc683f50
Event: 10.624 Thread 0x000002a9fc683f50 Thread added: 0x000002a9ff0f2570
Event: 10.624 Thread 0x000002a9fdefb1c0 Thread added: 0x000002a9ff0f6da0
Event: 10.625 Thread 0x000002a9ff0f2570 Thread added: 0x000002a9ff0f7430
Event: 10.625 Thread 0x000002a9ff0f6da0 Thread added: 0x000002a9ff0f8e70
Event: 10.628 Thread 0x000002a9ff0f8e70 Thread added: 0x000002a9ff0f6710
Event: 10.630 Thread 0x000002a9ff0f6710 Thread added: 0x000002a9ff0f1ee0
Event: 10.631 Thread 0x000002a9ff0f7430 Thread added: 0x000002a9ff0f4640
Event: 13.211 Thread 0x000002a9fc6b6040 Thread exited: 0x000002a9fc6b6040


Dynamic libraries:
0x00007ff70e960000 - 0x00007ff70e96e000 	c:\Users\Namra\.vscode\extensions\redhat.java-1.39.0-win32-x64\jre\21.0.5-win32-x86_64\bin\java.exe
0x00007ffede030000 - 0x00007ffede247000 	C:\Windows\SYSTEM32\ntdll.dll
0x00007ffedcb60000 - 0x00007ffedcc24000 	C:\Windows\System32\KERNEL32.DLL
0x00007ffedb5f0000 - 0x00007ffedb9aa000 	C:\Windows\System32\KERNELBASE.dll
0x00007ffedbb50000 - 0x00007ffedbc61000 	C:\Windows\System32\ucrtbase.dll
0x00007ffeb6f70000 - 0x00007ffeb6f88000 	c:\Users\Namra\.vscode\extensions\redhat.java-1.39.0-win32-x64\jre\21.0.5-win32-x86_64\bin\jli.dll
0x00007ffeb10e0000 - 0x00007ffeb10fe000 	c:\Users\Namra\.vscode\extensions\redhat.java-1.39.0-win32-x64\jre\21.0.5-win32-x86_64\bin\VCRUNTIME140.dll
0x00007ffedd810000 - 0x00007ffedd9be000 	C:\Windows\System32\USER32.dll
0x00007ffeba3c0000 - 0x00007ffeba652000 	C:\Windows\WinSxS\amd64_microsoft.windows.common-controls_6595b64144ccf1df_6.0.22621.4541_none_2710d1c57384c085\COMCTL32.dll
0x00007ffedb9b0000 - 0x00007ffedb9d6000 	C:\Windows\System32\win32u.dll
0x00007ffedce90000 - 0x00007ffedceb9000 	C:\Windows\System32\GDI32.dll
0x00007ffedb430000 - 0x00007ffedb54b000 	C:\Windows\System32\gdi32full.dll
0x00007ffedb550000 - 0x00007ffedb5ea000 	C:\Windows\System32\msvcp_win.dll
0x00007ffeddb90000 - 0x00007ffeddc37000 	C:\Windows\System32\msvcrt.dll
0x00007ffedce50000 - 0x00007ffedce81000 	C:\Windows\System32\IMM32.DLL
0x00007ffed6cd0000 - 0x00007ffed6cdc000 	c:\Users\Namra\.vscode\extensions\redhat.java-1.39.0-win32-x64\jre\21.0.5-win32-x86_64\bin\vcruntime140_1.dll
0x00007ffeb0e30000 - 0x00007ffeb0ebd000 	c:\Users\Namra\.vscode\extensions\redhat.java-1.39.0-win32-x64\jre\21.0.5-win32-x86_64\bin\msvcp140.dll
0x00007ffe4ad80000 - 0x00007ffe4bb0f000 	c:\Users\Namra\.vscode\extensions\redhat.java-1.39.0-win32-x64\jre\21.0.5-win32-x86_64\bin\server\jvm.dll
0x00007ffeddc40000 - 0x00007ffeddcf2000 	C:\Windows\System32\ADVAPI32.dll
0x00007ffedcc80000 - 0x00007ffedcd27000 	C:\Windows\System32\sechost.dll
0x00007ffedbc70000 - 0x00007ffedbc98000 	C:\Windows\System32\bcrypt.dll
0x00007ffedca40000 - 0x00007ffedcb54000 	C:\Windows\System32\RPCRT4.dll
0x00007ffedbd20000 - 0x00007ffedbd91000 	C:\Windows\System32\WS2_32.dll
0x00007ffedb1c0000 - 0x00007ffedb20d000 	C:\Windows\SYSTEM32\POWRPROF.dll
0x00007ffed6c30000 - 0x00007ffed6c64000 	C:\Windows\SYSTEM32\WINMM.dll
0x00007ffed64c0000 - 0x00007ffed64ca000 	C:\Windows\SYSTEM32\VERSION.dll
0x00007ffedb1a0000 - 0x00007ffedb1b3000 	C:\Windows\SYSTEM32\UMPDC.dll
0x00007ffeda2f0000 - 0x00007ffeda308000 	C:\Windows\SYSTEM32\kernel.appcore.dll
0x00007ffec40d0000 - 0x00007ffec40da000 	c:\Users\Namra\.vscode\extensions\redhat.java-1.39.0-win32-x64\jre\21.0.5-win32-x86_64\bin\jimage.dll
0x00007ffed35b0000 - 0x00007ffed37e2000 	C:\Windows\SYSTEM32\DBGHELP.DLL
0x00007ffedd470000 - 0x00007ffedd801000 	C:\Windows\System32\combase.dll
0x00007ffedcf10000 - 0x00007ffedcfe7000 	C:\Windows\System32\OLEAUT32.dll
0x00007ffebe2a0000 - 0x00007ffebe2d2000 	C:\Windows\SYSTEM32\dbgcore.DLL
0x00007ffedb2f0000 - 0x00007ffedb36b000 	C:\Windows\System32\bcryptPrimitives.dll
0x00007ffec4070000 - 0x00007ffec407f000 	c:\Users\Namra\.vscode\extensions\redhat.java-1.39.0-win32-x64\jre\21.0.5-win32-x86_64\bin\instrument.dll
0x00007ffeb0940000 - 0x00007ffeb095f000 	c:\Users\Namra\.vscode\extensions\redhat.java-1.39.0-win32-x64\jre\21.0.5-win32-x86_64\bin\java.dll
0x00007ffedbda0000 - 0x00007ffedc619000 	C:\Windows\System32\SHELL32.dll
0x00007ffed91e0000 - 0x00007ffed9ae9000 	C:\Windows\SYSTEM32\windows.storage.dll
0x00007ffed90a0000 - 0x00007ffed91df000 	C:\Windows\SYSTEM32\wintypes.dll
0x00007ffedc620000 - 0x00007ffedc71a000 	C:\Windows\System32\SHCORE.dll
0x00007ffeddd80000 - 0x00007ffedddde000 	C:\Windows\System32\shlwapi.dll
0x00007ffedb220000 - 0x00007ffedb24b000 	C:\Windows\SYSTEM32\profapi.dll
0x00007ffeb0b90000 - 0x00007ffeb0ba8000 	c:\Users\Namra\.vscode\extensions\redhat.java-1.39.0-win32-x64\jre\21.0.5-win32-x86_64\bin\zip.dll
0x00007ffec3da0000 - 0x00007ffec3db0000 	C:\Users\Namra\.vscode\extensions\redhat.java-1.39.0-win32-x64\jre\21.0.5-win32-x86_64\bin\net.dll
0x00007ffed7530000 - 0x00007ffed7666000 	C:\Windows\SYSTEM32\WINHTTP.dll
0x00007ffeda760000 - 0x00007ffeda7c9000 	C:\Windows\system32\mswsock.dll
0x00007ffeb0b70000 - 0x00007ffeb0b86000 	C:\Users\Namra\.vscode\extensions\redhat.java-1.39.0-win32-x64\jre\21.0.5-win32-x86_64\bin\nio.dll
0x00007ffeb8c20000 - 0x00007ffeb8c30000 	c:\Users\Namra\.vscode\extensions\redhat.java-1.39.0-win32-x64\jre\21.0.5-win32-x86_64\bin\verify.dll
0x00007ffeb09c0000 - 0x00007ffeb0a05000 	C:\Users\Namra\AppData\Roaming\Code\User\globalStorage\redhat.java\1.39.0\config_win\org.eclipse.equinox.launcher\org.eclipse.equinox.launcher.win32.win32.x86_64_1.2.1100.v20240722-2106\eclipse_11904.dll
0x00007ffedd9c0000 - 0x00007ffeddb65000 	C:\Windows\System32\ole32.dll
0x00007ffeda9b0000 - 0x00007ffeda9cb000 	C:\Windows\SYSTEM32\CRYPTSP.dll
0x00007ffeda250000 - 0x00007ffeda285000 	C:\Windows\system32\rsaenh.dll
0x00007ffeda800000 - 0x00007ffeda828000 	C:\Windows\SYSTEM32\USERENV.dll
0x00007ffeda970000 - 0x00007ffeda97c000 	C:\Windows\SYSTEM32\CRYPTBASE.dll
0x00007ffed9d50000 - 0x00007ffed9d7d000 	C:\Windows\SYSTEM32\IPHLPAPI.DLL
0x00007ffeddb80000 - 0x00007ffeddb89000 	C:\Windows\System32\NSI.dll
0x00007ffea9820000 - 0x00007ffea9869000 	C:\Users\Namra\AppData\Local\Temp\jna-75032745\jna966465892848052360.dll
0x00007ffedde70000 - 0x00007ffedde78000 	C:\Windows\System32\PSAPI.DLL
0x00007ffed6e70000 - 0x00007ffed6e89000 	C:\Windows\SYSTEM32\dhcpcsvc6.DLL
0x00007ffed6ea0000 - 0x00007ffed6ebf000 	C:\Windows\SYSTEM32\dhcpcsvc.DLL

dbghelp: loaded successfully - version: 4.0.5 - missing functions: none
symbol engine: initialized successfully - sym options: 0x614 - pdb path: .;c:\Users\Namra\.vscode\extensions\redhat.java-1.39.0-win32-x64\jre\21.0.5-win32-x86_64\bin;C:\Windows\SYSTEM32;C:\Windows\WinSxS\amd64_microsoft.windows.common-controls_6595b64144ccf1df_6.0.22621.4541_none_2710d1c57384c085;c:\Users\Namra\.vscode\extensions\redhat.java-1.39.0-win32-x64\jre\21.0.5-win32-x86_64\bin\server;C:\Users\Namra\AppData\Roaming\Code\User\globalStorage\redhat.java\1.39.0\config_win\org.eclipse.equinox.launcher\org.eclipse.equinox.launcher.win32.win32.x86_64_1.2.1100.v20240722-2106;C:\Users\Namra\AppData\Local\Temp\jna-75032745

VM Arguments:
jvm_args: --add-modules=ALL-SYSTEM --add-opens=java.base/java.util=ALL-UNNAMED --add-opens=java.base/java.lang=ALL-UNNAMED --add-opens=java.base/sun.nio.fs=ALL-UNNAMED -Declipse.application=org.eclipse.jdt.ls.core.id1 -Dosgi.bundles.defaultStartLevel=4 -Declipse.product=org.eclipse.jdt.ls.core.product -Djava.import.generatesMetadataFilesAtProjectRoot=false -DDetectVMInstallationsJob.disabled=true -Dfile.encoding=utf8 -XX:+UseParallelGC -XX:GCTimeRatio=4 -XX:AdaptiveSizePolicyWeight=90 -Dsun.zip.disableMemoryMapping=true -Xmx1G -Xms100m -Xlog:disable -javaagent:c:\Users\Namra\.vscode\extensions\redhat.java-1.39.0-win32-x64\lombok\lombok-1.18.34.jar -XX:+HeapDumpOnOutOfMemoryError -XX:HeapDumpPath=c:\Users\Namra\AppData\Roaming\Code\User\workspaceStorage\2d43af48f09009ed875a0223dc814b0b\redhat.java -Daether.dependencyCollector.impl=bf 
java_command: c:\Users\Namra\.vscode\extensions\redhat.java-1.39.0-win32-x64\server\plugins\org.eclipse.equinox.launcher_1.6.900.v20240613-2009.jar -configuration c:\Users\Namra\AppData\Roaming\Code\User\globalStorage\redhat.java\1.39.0\config_win -data c:\Users\Namra\AppData\Roaming\Code\User\workspaceStorage\2d43af48f09009ed875a0223dc814b0b\redhat.java\jdt_ws --pipe=\\.\pipe\lsp-4672540e64b457dd79874a9823d55bbd-sock
java_class_path (initial): c:\Users\Namra\.vscode\extensions\redhat.java-1.39.0-win32-x64\server\plugins\org.eclipse.equinox.launcher_1.6.900.v20240613-2009.jar
Launcher Type: SUN_STANDARD

[Global flags]
    uintx AdaptiveSizePolicyWeight                 = 90                                        {product} {command line}
     intx CICompilerCount                          = 4                                         {product} {ergonomic}
    uintx GCTimeRatio                              = 4                                         {product} {command line}
     bool HeapDumpOnOutOfMemoryError               = true                                   {manageable} {command line}
    ccstr HeapDumpPath                             = c:\Users\Namra\AppData\Roaming\Code\User\workspaceStorage\2d43af48f09009ed875a0223dc814b0b\redhat.java         {manageable} {command line}
   size_t InitialHeapSize                          = 104857600                                 {product} {command line}
   size_t MaxHeapSize                              = 1073741824                                {product} {command line}
   size_t MaxNewSize                               = 357564416                                 {product} {ergonomic}
   size_t MinHeapDeltaBytes                        = 524288                                    {product} {ergonomic}
   size_t MinHeapSize                              = 104857600                                 {product} {command line}
   size_t NewSize                                  = 34603008                                  {product} {ergonomic}
    uintx NonNMethodCodeHeapSize                   = 5839372                                {pd product} {ergonomic}
    uintx NonProfiledCodeHeapSize                  = 122909434                              {pd product} {ergonomic}
   size_t OldSize                                  = 70254592                                  {product} {ergonomic}
    uintx ProfiledCodeHeapSize                     = 122909434                              {pd product} {ergonomic}
    uintx ReservedCodeCacheSize                    = 251658240                              {pd product} {ergonomic}
     bool SegmentedCodeCache                       = true                                      {product} {ergonomic}
   size_t SoftMaxHeapSize                          = 1073741824                             {manageable} {ergonomic}
     bool UseCompressedOops                        = true                           {product lp64_product} {ergonomic}
     bool UseLargePagesIndividualAllocation        = false                                  {pd product} {ergonomic}
     bool UseParallelGC                            = true                                      {product} {command line}

Logging:
Log output configuration:
 #0: stdout all=off uptime,level,tags foldmultilines=false
 #1: stderr all=off uptime,level,tags foldmultilines=false

Environment Variables:
PATH=C:\Program Files\Common Files\Oracle\Java\javapath;C:\Windows\system32;C:\Windows;C:\Windows\System32\Wbem;C:\Windows\System32\WindowsPowerShell\v1.0\;C:\Windows\System32\OpenSSH\;C:\Program Files\Java\jdk-22\bin;C:\Program Files\Git\cmd;C:\Program Files\nodejs\;C:\Program Files\Git LFS;C:\Users\Namra\Downloads\apache-maven-3.9.9-bin\apache-maven-3.9.9\bin;C:\Users\Namra\AppData\Local\Microsoft\WindowsApps;C:\Users\Namra\AppData\Local\Programs\Microsoft VS Code\bin;C:\Users\Namra\AppData\Roaming\npm;C:\Program Files\JetBrains\IntelliJ IDEA 2024.2\bin;;C:\Program Files\JetBrains\IntelliJ IDEA Community Edition 2024.2.0.1\bin;
USERNAME=Namra
OS=Windows_NT
PROCESSOR_IDENTIFIER=AMD64 Family 25 Model 80 Stepping 0, AuthenticAMD
TMP=C:\Users\Namra\AppData\Local\Temp
TEMP=C:\Users\Namra\AppData\Local\Temp




Periodic native trim disabled

---------------  S Y S T E M  ---------------

OS:
 Windows 11 , 64 bit Build 22621 (10.0.22621.4391)
OS uptime: 0 days 2:00 hours
Hyper-V role detected

CPU: total 12 (initial active 12) (12 cores per cpu, 2 threads per core) family 25 model 80 stepping 0 microcode 0x0, cx8, cmov, fxsr, ht, mmx, 3dnowpref, sse, sse2, sse3, ssse3, sse4a, sse4.1, sse4.2, popcnt, lzcnt, tsc, tscinvbit, avx, avx2, aes, erms, clmul, bmi1, bmi2, adx, sha, fma, vzeroupper, clflush, clflushopt, hv, rdtscp, rdpid, fsrm, f16c, cet_ss
Processor Information for all 12 processors :
  Max Mhz: 3301, Current Mhz: 1908, Mhz Limit: 3301

Memory: 4k page, system-wide physical 3423M (87M free)
TotalPageFile size 14175M (AvailPageFile size 5M)
current process WorkingSet (physical memory assigned to process): 212M, peak: 212M
current process commit charge ("private bytes"): 309M, peak: 310M

vm_info: OpenJDK 64-Bit Server VM (21.0.5+11-LTS) for windows-amd64 JRE (21.0.5+11-LTS), built on 2024-10-15T00:00:00Z by "admin" with MS VC++ 17.7 (VS2022)

END.
