#
# There is insufficient memory for the Java Runtime Environment to continue.
# Native memory allocation (malloc) failed to allocate 2105856 bytes. Error detail: Chunk::new
# Possible reasons:
#   The system is out of physical RAM or swap space
#   This process is running with CompressedOops enabled, and the Java Heap may be blocking the growth of the native heap
# Possible solutions:
#   Reduce memory load on the system
#   Increase physical memory or swap space
#   Check if swap backing store is full
#   Decrease Java heap size (-Xmx/-Xms)
#   Decrease number of Java threads
#   Decrease Java thread stack sizes (-Xss)
#   Set larger code cache with -XX:ReservedCodeCacheSize=
#   JVM is running with Unscaled Compressed Oops mode in which the Java heap is
#     placed in the first 4GB address space. The Java Heap base address is the
#     maximum limit for the native heap growth. Please use -XX:HeapBaseMinAddress
#     to set the Java Heap base and to place the Java Heap above 4GB virtual address.
# This output file may be truncated or incomplete.
#
#  Out of Memory Error (arena.cpp:150), pid=4824, tid=15380
#
# JRE version: Java(TM) SE Runtime Environment (22.0.2+9) (build 22.0.2+9-70)
# Java VM: Java HotSpot(TM) 64-Bit Server VM (22.0.2+9-70, mixed mode, sharing, tiered, compressed oops, compressed class ptrs, g1 gc, windows-amd64)
# No core dump will be written. Minidumps are not enabled by default on client versions of Windows
#

---------------  S U M M A R Y ------------

Command Line: -javaagent:D:\IntelliJ IDEA Community Edition 2024.3.1\lib\idea_rt.jar=51558:D:\IntelliJ IDEA Community Edition 2024.3.1\bin -Dfile.encoding=UTF-8 -Dsun.stdout.encoding=UTF-8 -Dsun.stderr.encoding=UTF-8 com.jobportal.BackendApplication

Host: AMD Ryzen 5 5600H with Radeon Graphics         , 12 cores, 3G,  Windows 11 , 64 bit Build 22621 (10.0.22621.4391)
Time: Thu Jan 30 17:41:28 2025 India Standard Time elapsed time: 5.196781 seconds (0d 0h 0m 5s)

---------------  T H R E A D  ---------------

Current thread (0x000001fd2e6637d0):  JavaThread "C2 CompilerThread0" daemon [_thread_in_native, id=15380, stack(0x000000f73d100000,0x000000f73d200000) (1024K)]


Current CompileTask:
C2:5196 3640       4       java.lang.invoke.MethodType::makeImpl (109 bytes)

Stack: [0x000000f73d100000,0x000000f73d200000]
Native frames: (J=compiled Java code, j=interpreted, Vv=VM code, C=native code)
V  [jvm.dll+0x6e26e9]  (no source info available)
V  [jvm.dll+0x875753]  (no source info available)
V  [jvm.dll+0x877b7e]  (no source info available)
V  [jvm.dll+0x878253]  (no source info available)
V  [jvm.dll+0x27fc86]  (no source info available)
V  [jvm.dll+0xc3d0f]  (no source info available)
V  [jvm.dll+0xc3f6b]  (no source info available)
V  [jvm.dll+0x3bb47c]  (no source info available)
V  [jvm.dll+0x387d4b]  (no source info available)
V  [jvm.dll+0x3871ba]  (no source info available)
V  [jvm.dll+0x2477f8]  (no source info available)
V  [jvm.dll+0x246e9f]  (no source info available)
V  [jvm.dll+0x1c4e80]  (no source info available)
V  [jvm.dll+0x2568f3]  (no source info available)
V  [jvm.dll+0x254baa]  (no source info available)
V  [jvm.dll+0x3f57a6]  (no source info available)
V  [jvm.dll+0x81dc0b]  (no source info available)
V  [jvm.dll+0x6e0d85]  (no source info available)
C  [ucrtbase.dll+0x29333]  (no source info available)
C  [KERNEL32.DLL+0x1259d]  (no source info available)
C  [ntdll.dll+0x5af38]  (no source info available)


---------------  P R O C E S S  ---------------

Threads class SMR info:
_java_thread_list=0x000001fd755d1380, length=14, elements={
0x000001fd10e7b630, 0x000001fd2e659570, 0x000001fd2e65b4f0, 0x000001fd2e65d600,
0x000001fd2e6601a0, 0x000001fd2e664720, 0x000001fd2e665180, 0x000001fd2e6637d0,
0x000001fd2e67c180, 0x000001fd2e626230, 0x000001fd7402a0e0, 0x000001fd74045900,
0x000001fd74142740, 0x000001fd747c2bf0
}

Java Threads: ( => current thread )
  0x000001fd10e7b630 JavaThread "main"                              [_thread_blocked, id=14600, stack(0x000000f73c300000,0x000000f73c400000) (1024K)]
  0x000001fd2e659570 JavaThread "Reference Handler"          daemon [_thread_blocked, id=17696, stack(0x000000f73cb00000,0x000000f73cc00000) (1024K)]
  0x000001fd2e65b4f0 JavaThread "Finalizer"                  daemon [_thread_blocked, id=18240, stack(0x000000f73cc00000,0x000000f73cd00000) (1024K)]
  0x000001fd2e65d600 JavaThread "Signal Dispatcher"          daemon [_thread_blocked, id=18004, stack(0x000000f73cd00000,0x000000f73ce00000) (1024K)]
  0x000001fd2e6601a0 JavaThread "Attach Listener"            daemon [_thread_blocked, id=16748, stack(0x000000f73ce00000,0x000000f73cf00000) (1024K)]
  0x000001fd2e664720 JavaThread "Service Thread"             daemon [_thread_blocked, id=13880, stack(0x000000f73cf00000,0x000000f73d000000) (1024K)]
  0x000001fd2e665180 JavaThread "Monitor Deflation Thread"   daemon [_thread_blocked, id=16372, stack(0x000000f73d000000,0x000000f73d100000) (1024K)]
=>0x000001fd2e6637d0 JavaThread "C2 CompilerThread0"         daemon [_thread_in_native, id=15380, stack(0x000000f73d100000,0x000000f73d200000) (1024K)]
  0x000001fd2e67c180 JavaThread "C1 CompilerThread0"         daemon [_thread_blocked, id=13900, stack(0x000000f73d200000,0x000000f73d300000) (1024K)]
  0x000001fd2e626230 JavaThread "Common-Cleaner"             daemon [_thread_blocked, id=14592, stack(0x000000f73d300000,0x000000f73d400000) (1024K)]
  0x000001fd7402a0e0 JavaThread "Monitor Ctrl-Break"         daemon [_thread_in_native, id=2732, stack(0x000000f73d400000,0x000000f73d500000) (1024K)]
  0x000001fd74045900 JavaThread "Notification Thread"        daemon [_thread_blocked, id=17896, stack(0x000000f73d500000,0x000000f73d600000) (1024K)]
  0x000001fd74142740 JavaThread "Thread-0"                          [_thread_blocked, id=11368, stack(0x000000f73d600000,0x000000f73d700000) (1024K)]
  0x000001fd747c2bf0 JavaThread "restartedMain"                     [_thread_in_vm, id=16876, stack(0x000000f73d700000,0x000000f73d800000) (1024K)]
Total: 14

Other Threads:
  0x000001fd2e63d460 VMThread "VM Thread"                           [id=17668, stack(0x000000f73ca00000,0x000000f73cb00000) (1024K)]
  0x000001fd2e6254d0 WatcherThread "VM Periodic Task Thread"        [id=15524, stack(0x000000f73c900000,0x000000f73ca00000) (1024K)]
  0x000001fd1313c390 WorkerThread "GC Thread#0"                     [id=8324, stack(0x000000f73c400000,0x000000f73c500000) (1024K)]
  0x000001fd748e1700 WorkerThread "GC Thread#1"                     [id=3796, stack(0x000000f73d800000,0x000000f73d900000) (1024K)]
  0x000001fd748ec0d0 WorkerThread "GC Thread#2"                     [id=16964, stack(0x000000f73d900000,0x000000f73da00000) (1024K)]
  0x000001fd748ec890 WorkerThread "GC Thread#3"                     [id=6488, stack(0x000000f73da00000,0x000000f73db00000) (1024K)]
  0x000001fd7490f7a0 WorkerThread "GC Thread#4"                     [id=3068, stack(0x000000f73db00000,0x000000f73dc00000) (1024K)]
  0x000001fd7490ffd0 WorkerThread "GC Thread#5"                     [id=13716, stack(0x000000f73dc00000,0x000000f73dd00000) (1024K)]
  0x000001fd74b34900 WorkerThread "GC Thread#6"                     [id=8116, stack(0x000000f73de00000,0x000000f73df00000) (1024K)]
  0x000001fd74e779f0 WorkerThread "GC Thread#7"                     [id=15016, stack(0x000000f73df00000,0x000000f73e000000) (1024K)]
  0x000001fd74ff9480 WorkerThread "GC Thread#8"                     [id=18048, stack(0x000000f73e000000,0x000000f73e100000) (1024K)]
  0x000001fd74f826b0 WorkerThread "GC Thread#9"                     [id=13564, stack(0x000000f73e100000,0x000000f73e200000) (1024K)]
  0x000001fd13143e80 ConcurrentGCThread "G1 Main Marker"            [id=9268, stack(0x000000f73c500000,0x000000f73c600000) (1024K)]
  0x000001fd13144b40 WorkerThread "G1 Conc#0"                       [id=14436, stack(0x000000f73c600000,0x000000f73c700000) (1024K)]
  0x000001fd75668ab0 WorkerThread "G1 Conc#1"                       [id=12532, stack(0x000000f73e200000,0x000000f73e300000) (1024K)]
  0x000001fd74d259a0 WorkerThread "G1 Conc#2"                       [id=6172, stack(0x000000f73e300000,0x000000f73e400000) (1024K)]
  0x000001fd131bb500 ConcurrentGCThread "G1 Refine#0"               [id=4128, stack(0x000000f73c700000,0x000000f73c800000) (1024K)]
  0x000001fd131bc080 ConcurrentGCThread "G1 Service"                [id=17820, stack(0x000000f73c800000,0x000000f73c900000) (1024K)]
Total: 18

Threads with active compile tasks:
C2 CompilerThread0  5336 3640       4       java.lang.invoke.MethodType::makeImpl (109 bytes)
Total: 1

VM state: not at safepoint (normal execution)

VM Mutex/Monitor currently owned by a thread: None

Heap address: 0x00000000ca800000, size: 856 MB, Compressed Oops mode: 32-bit

CDS archive(s) mapped at: [0x000001fd2f000000-0x000001fd2fc60000-0x000001fd2fc60000), size 12976128, SharedBaseAddress: 0x000001fd2f000000, ArchiveRelocationMode: 1.
Compressed class space mapped at: 0x000001fd30000000-0x000001fd70000000, reserved size: 1073741824
Narrow klass base: 0x000001fd2f000000, Narrow klass shift: 0, Narrow klass range: 0x41000000

GC Precious Log:
 CardTable entry size: 512
 Card Set container configuration: InlinePtr #cards 5 size 8 Array Of Cards #cards 12 size 40 Howl #buckets 4 coarsen threshold 1843 Howl Bitmap #cards 512 size 80 coarsen threshold 460 Card regions per heap region 1 cards per card region 2048
 CPUs: 12 total, 12 available
 Memory: 3423M
 Large Page Support: Disabled
 NUMA Support: Disabled
 Compressed Oops: Enabled (32-bit)
 Heap Region Size: 1M
 Heap Min Capacity: 8M
 Heap Initial Capacity: 54M
 Heap Max Capacity: 856M
 Pre-touch: Disabled
 Parallel Workers: 10
 Concurrent Workers: 3
 Concurrent Refinement Workers: 10
 Periodic GC: Disabled

Heap:
 garbage-first heap   total reserved 876544K, committed 45056K, used 17357K [0x00000000ca800000, 0x0000000100000000)
  region size 1024K, 7 young (7168K), 4 survivors (4096K)
 Metaspace       used 27963K, committed 28416K, reserved 1114112K
  class space    used 3626K, committed 3840K, reserved 1048576K

Heap Regions: E=young(eden), S=young(survivor), O=old, HS=humongous(starts), HC=humongous(continues), CS=collection set, F=free, TAMS=top-at-mark-start, PB=parsable bottom
|   0|0x00000000ca800000, 0x00000000ca900000, 0x00000000ca900000|100%| O|  |TAMS 0x00000000ca800000| PB 0x00000000ca800000| Untracked |  0
|   1|0x00000000ca900000, 0x00000000caa00000, 0x00000000caa00000|100%| O|  |TAMS 0x00000000ca900000| PB 0x00000000ca900000| Untracked |  0
|   2|0x00000000caa00000, 0x00000000cab00000, 0x00000000cab00000|100%| O|  |TAMS 0x00000000caa00000| PB 0x00000000caa00000| Untracked |  0
|   3|0x00000000cab00000, 0x00000000cac00000, 0x00000000cac00000|100%| O|  |TAMS 0x00000000cab00000| PB 0x00000000cab00000| Untracked |  0
|   4|0x00000000cac00000, 0x00000000cad00000, 0x00000000cad00000|100%| O|  |TAMS 0x00000000cac00000| PB 0x00000000cac00000| Untracked |  0
|   5|0x00000000cad00000, 0x00000000cae00000, 0x00000000cae00000|100%| O|  |TAMS 0x00000000cad00000| PB 0x00000000cad00000| Untracked |  0
|   6|0x00000000cae00000, 0x00000000caf00000, 0x00000000caf00000|100%| O|  |TAMS 0x00000000cae00000| PB 0x00000000cae00000| Untracked |  0
|   7|0x00000000caf00000, 0x00000000cb000000, 0x00000000cb000000|100%| O|  |TAMS 0x00000000caf00000| PB 0x00000000caf00000| Untracked |  0
|   8|0x00000000cb000000, 0x00000000cb000000, 0x00000000cb100000|  0%| F|  |TAMS 0x00000000cb000000| PB 0x00000000cb000000| Untracked |  0
|   9|0x00000000cb100000, 0x00000000cb200000, 0x00000000cb200000|100%| O|  |TAMS 0x00000000cb100000| PB 0x00000000cb100000| Untracked |  0
|  10|0x00000000cb200000, 0x00000000cb300000, 0x00000000cb300000|100%| O|  |TAMS 0x00000000cb200000| PB 0x00000000cb200000| Untracked |  0
|  11|0x00000000cb300000, 0x00000000cb3f67b0, 0x00000000cb400000| 96%| O|  |TAMS 0x00000000cb300000| PB 0x00000000cb300000| Untracked |  0
|  12|0x00000000cb400000, 0x00000000cb400000, 0x00000000cb500000|  0%| F|  |TAMS 0x00000000cb400000| PB 0x00000000cb400000| Untracked |  0
|  13|0x00000000cb500000, 0x00000000cb500000, 0x00000000cb600000|  0%| F|  |TAMS 0x00000000cb500000| PB 0x00000000cb500000| Untracked |  0
|  14|0x00000000cb600000, 0x00000000cb600000, 0x00000000cb700000|  0%| F|  |TAMS 0x00000000cb600000| PB 0x00000000cb600000| Untracked |  0
|  15|0x00000000cb700000, 0x00000000cb700000, 0x00000000cb800000|  0%| F|  |TAMS 0x00000000cb700000| PB 0x00000000cb700000| Untracked |  0
|  16|0x00000000cb800000, 0x00000000cb800000, 0x00000000cb900000|  0%| F|  |TAMS 0x00000000cb800000| PB 0x00000000cb800000| Untracked |  0
|  17|0x00000000cb900000, 0x00000000cb900000, 0x00000000cba00000|  0%| F|  |TAMS 0x00000000cb900000| PB 0x00000000cb900000| Untracked |  0
|  18|0x00000000cba00000, 0x00000000cba00000, 0x00000000cbb00000|  0%| F|  |TAMS 0x00000000cba00000| PB 0x00000000cba00000| Untracked |  0
|  19|0x00000000cbb00000, 0x00000000cbbfd020, 0x00000000cbc00000| 98%| S|CS|TAMS 0x00000000cbb00000| PB 0x00000000cbb00000| Complete |  0
|  20|0x00000000cbc00000, 0x00000000cbd00000, 0x00000000cbd00000|100%| S|CS|TAMS 0x00000000cbc00000| PB 0x00000000cbc00000| Complete |  0
|  21|0x00000000cbd00000, 0x00000000cbe00000, 0x00000000cbe00000|100%| S|CS|TAMS 0x00000000cbd00000| PB 0x00000000cbd00000| Complete |  0
|  22|0x00000000cbe00000, 0x00000000cbf00000, 0x00000000cbf00000|100%| S|CS|TAMS 0x00000000cbe00000| PB 0x00000000cbe00000| Complete |  0
|  23|0x00000000cbf00000, 0x00000000cbf00000, 0x00000000cc000000|  0%| F|  |TAMS 0x00000000cbf00000| PB 0x00000000cbf00000| Untracked |  0
|  24|0x00000000cc000000, 0x00000000cc000000, 0x00000000cc100000|  0%| F|  |TAMS 0x00000000cc000000| PB 0x00000000cc000000| Untracked |  0
|  25|0x00000000cc100000, 0x00000000cc100000, 0x00000000cc200000|  0%| F|  |TAMS 0x00000000cc100000| PB 0x00000000cc100000| Untracked |  0
|  26|0x00000000cc200000, 0x00000000cc200000, 0x00000000cc300000|  0%| F|  |TAMS 0x00000000cc200000| PB 0x00000000cc200000| Untracked |  0
|  27|0x00000000cc300000, 0x00000000cc300000, 0x00000000cc400000|  0%| F|  |TAMS 0x00000000cc300000| PB 0x00000000cc300000| Untracked |  0
|  28|0x00000000cc400000, 0x00000000cc400000, 0x00000000cc500000|  0%| F|  |TAMS 0x00000000cc400000| PB 0x00000000cc400000| Untracked |  0
|  29|0x00000000cc500000, 0x00000000cc500000, 0x00000000cc600000|  0%| F|  |TAMS 0x00000000cc500000| PB 0x00000000cc500000| Untracked |  0
|  30|0x00000000cc600000, 0x00000000cc600000, 0x00000000cc700000|  0%| F|  |TAMS 0x00000000cc600000| PB 0x00000000cc600000| Untracked |  0
|  31|0x00000000cc700000, 0x00000000cc700000, 0x00000000cc800000|  0%| F|  |TAMS 0x00000000cc700000| PB 0x00000000cc700000| Untracked |  0
|  32|0x00000000cc800000, 0x00000000cc800000, 0x00000000cc900000|  0%| F|  |TAMS 0x00000000cc800000| PB 0x00000000cc800000| Untracked |  0
|  33|0x00000000cc900000, 0x00000000cc900000, 0x00000000cca00000|  0%| F|  |TAMS 0x00000000cc900000| PB 0x00000000cc900000| Untracked |  0
|  34|0x00000000cca00000, 0x00000000cca00000, 0x00000000ccb00000|  0%| F|  |TAMS 0x00000000cca00000| PB 0x00000000cca00000| Untracked |  0
|  35|0x00000000ccb00000, 0x00000000ccb00000, 0x00000000ccc00000|  0%| F|  |TAMS 0x00000000ccb00000| PB 0x00000000ccb00000| Untracked |  0
|  36|0x00000000ccc00000, 0x00000000ccc00000, 0x00000000ccd00000|  0%| F|  |TAMS 0x00000000ccc00000| PB 0x00000000ccc00000| Untracked |  0
|  37|0x00000000ccd00000, 0x00000000ccd00000, 0x00000000cce00000|  0%| F|  |TAMS 0x00000000ccd00000| PB 0x00000000ccd00000| Untracked |  0
|  38|0x00000000cce00000, 0x00000000cce00000, 0x00000000ccf00000|  0%| F|  |TAMS 0x00000000cce00000| PB 0x00000000cce00000| Untracked |  0
|  40|0x00000000cd000000, 0x00000000cd000000, 0x00000000cd100000|  0%| F|  |TAMS 0x00000000cd000000| PB 0x00000000cd000000| Untracked |  0
|  41|0x00000000cd100000, 0x00000000cd100000, 0x00000000cd200000|  0%| F|  |TAMS 0x00000000cd100000| PB 0x00000000cd100000| Untracked |  0
|  42|0x00000000cd200000, 0x00000000cd2b38e0, 0x00000000cd300000| 70%| E|  |TAMS 0x00000000cd200000| PB 0x00000000cd200000| Complete |  0
|  43|0x00000000cd300000, 0x00000000cd400000, 0x00000000cd400000|100%| E|CS|TAMS 0x00000000cd300000| PB 0x00000000cd300000| Complete |  0
|  53|0x00000000cdd00000, 0x00000000cde00000, 0x00000000cde00000|100%| E|CS|TAMS 0x00000000cdd00000| PB 0x00000000cdd00000| Complete |  0

Card table byte_map: [0x000001fd2ab50000,0x000001fd2ad00000] _byte_map_base: 0x000001fd2a4fc000

Marking Bits: (CMBitMap*) 0x000001fd1313caa0
 Bits: [0x000001fd2ad00000, 0x000001fd2ba60000)

Polling page: 0x000001fd110f0000

Metaspace:

Usage:
  Non-class:     23.79 MB used.
      Class:      3.54 MB used.
       Both:     27.33 MB used.

Virtual space:
  Non-class space:       64.00 MB reserved,      24.00 MB ( 38%) committed,  1 nodes.
      Class space:        1.00 GB reserved,       3.75 MB ( <1%) committed,  1 nodes.
             Both:        1.06 GB reserved,      27.75 MB (  3%) committed. 

Chunk freelists:
   Non-Class:  7.19 MB
       Class:  12.14 MB
        Both:  19.33 MB

MaxMetaspaceSize: unlimited
CompressedClassSpaceSize: 1.00 GB
Initial GC threshold: 21.00 MB
Current GC threshold: 35.12 MB
CDS: on
 - commit_granule_bytes: 65536.
 - commit_granule_words: 8192.
 - virtual_space_node_default_size: 8388608.
 - enlarge_chunks_in_place: 1.
 - use_allocation_guard: 0.


Internal statistics:

num_allocs_failed_limit: 3.
num_arena_births: 538.
num_arena_deaths: 0.
num_vsnodes_births: 2.
num_vsnodes_deaths: 0.
num_space_committed: 444.
num_space_uncommitted: 0.
num_chunks_returned_to_freelist: 3.
num_chunks_taken_from_freelist: 1554.
num_chunk_merges: 3.
num_chunk_splits: 1047.
num_chunks_enlarged: 722.
num_inconsistent_stats: 0.

CodeHeap 'non-profiled nmethods': size=120000Kb used=1398Kb max_used=1398Kb free=118602Kb
 bounds [0x000001fd22f20000, 0x000001fd23190000, 0x000001fd2a450000]
CodeHeap 'profiled nmethods': size=120000Kb used=7387Kb max_used=7387Kb free=112612Kb
 bounds [0x000001fd1b450000, 0x000001fd1bb90000, 0x000001fd22980000]
CodeHeap 'non-nmethods': size=5760Kb used=1478Kb max_used=1498Kb free=4281Kb
 bounds [0x000001fd22980000, 0x000001fd22bf0000, 0x000001fd22f20000]
 total_blobs=4306 nmethods=3751 adapters=459
 compilation: enabled
              stopped_count=0, restarted_count=0
 full_count=0

Compilation events (20 events):
Event: 5.177 Thread 0x000001fd2e67c180 3728       3       org.springframework.core.MethodParameter::getGenericParameterType (147 bytes)
Event: 5.180 Thread 0x000001fd2e67c180 nmethod 3728 0x000001fd1bb6d790 code [0x000001fd1bb6db40, 0x000001fd1bb6fa28]
Event: 5.180 Thread 0x000001fd2e67c180 3729       3       org.springframework.core.SerializableTypeWrapper$MethodParameterTypeProvider::getType (8 bytes)
Event: 5.180 Thread 0x000001fd2e67c180 nmethod 3729 0x000001fd1bb70310 code [0x000001fd1bb704c0, 0x000001fd1bb70690]
Event: 5.181 Thread 0x000001fd2e67c180 3735       3       java.lang.invoke.InvokerBytecodeGenerator$ClassData::<init> (20 bytes)
Event: 5.181 Thread 0x000001fd2e67c180 nmethod 3735 0x000001fd1bb70790 code [0x000001fd1bb70940, 0x000001fd1bb70bc0]
Event: 5.181 Thread 0x000001fd2e67c180 3738       3       jdk.internal.misc.CDS::isDumpingClassList (4 bytes)
Event: 5.181 Thread 0x000001fd2e67c180 nmethod 3738 0x000001fd1bb70c90 code [0x000001fd1bb70e20, 0x000001fd1bb70f10]
Event: 5.181 Thread 0x000001fd2e67c180 3739       3       jdk.internal.org.objectweb.asm.ClassWriter::visitSource (39 bytes)
Event: 5.182 Thread 0x000001fd2e67c180 nmethod 3739 0x000001fd1bb70f90 code [0x000001fd1bb71160, 0x000001fd1bb715d8]
Event: 5.182 Thread 0x000001fd2e67c180 3741       3       java.lang.invoke.InvokerBytecodeGenerator::<init> (80 bytes)
Event: 5.183 Thread 0x000001fd2e67c180 nmethod 3741 0x000001fd1bb71790 code [0x000001fd1bb71960, 0x000001fd1bb71cf8]
Event: 5.183 Thread 0x000001fd2e67c180 3740   !   3       java.lang.invoke.LambdaForm::lambdaName (49 bytes)
Event: 5.183 Thread 0x000001fd2e67c180 nmethod 3740 0x000001fd1bb71f90 code [0x000001fd1bb72120, 0x000001fd1bb72248]
Event: 5.183 Thread 0x000001fd2e67c180 3743       3       java.lang.invoke.InvokerBytecodeGenerator::addMethod (737 bytes)
Event: 5.186 Thread 0x000001fd2e67c180 nmethod 3743 0x000001fd1bb72310 code [0x000001fd1bb72880, 0x000001fd1bb74ce0]
Event: 5.186 Thread 0x000001fd2e67c180 3745       3       java.util.ArrayList::indexOf (11 bytes)
Event: 5.186 Thread 0x000001fd2e67c180 nmethod 3745 0x000001fd1bb75910 code [0x000001fd1bb75ac0, 0x000001fd1bb75c90]
Event: 5.186 Thread 0x000001fd2e67c180 3744       3       java.util.concurrent.ConcurrentHashMap::remove (8 bytes)
Event: 5.187 Thread 0x000001fd2e67c180 nmethod 3744 0x000001fd1bb75d90 code [0x000001fd1bb75f40, 0x000001fd1bb76090]

GC Heap History (10 events):
Event: 2.066 GC heap before
{Heap before GC invocations=0 (full 0):
 garbage-first heap   total reserved 876544K, committed 55296K, used 23552K [0x00000000ca800000, 0x0000000100000000)
  region size 1024K, 24 young (24576K), 0 survivors (0K)
 Metaspace       used 6532K, committed 6720K, reserved 1114112K
  class space    used 758K, committed 832K, reserved 1048576K
}
Event: 2.073 GC heap after
{Heap after GC invocations=1 (full 0):
 garbage-first heap   total reserved 876544K, committed 55296K, used 5786K [0x00000000ca800000, 0x0000000100000000)
  region size 1024K, 3 young (3072K), 3 survivors (3072K)
 Metaspace       used 6532K, committed 6720K, reserved 1114112K
  class space    used 758K, committed 832K, reserved 1048576K
}
Event: 2.908 GC heap before
{Heap before GC invocations=1 (full 0):
 garbage-first heap   total reserved 876544K, committed 55296K, used 30362K [0x00000000ca800000, 0x0000000100000000)
  region size 1024K, 28 young (28672K), 3 survivors (3072K)
 Metaspace       used 12968K, committed 13312K, reserved 1114112K
  class space    used 1706K, committed 1856K, reserved 1048576K
}
Event: 2.917 GC heap after
{Heap after GC invocations=2 (full 0):
 garbage-first heap   total reserved 876544K, committed 55296K, used 8242K [0x00000000ca800000, 0x0000000100000000)
  region size 1024K, 3 young (3072K), 3 survivors (3072K)
 Metaspace       used 12968K, committed 13312K, reserved 1114112K
  class space    used 1706K, committed 1856K, reserved 1048576K
}
Event: 3.428 GC heap before
{Heap before GC invocations=2 (full 0):
 garbage-first heap   total reserved 876544K, committed 55296K, used 34866K [0x00000000ca800000, 0x0000000100000000)
  region size 1024K, 30 young (30720K), 3 survivors (3072K)
 Metaspace       used 19196K, committed 19456K, reserved 1114112K
  class space    used 2448K, committed 2560K, reserved 1048576K
}
Event: 3.434 GC heap after
{Heap after GC invocations=3 (full 0):
 garbage-first heap   total reserved 876544K, committed 55296K, used 10493K [0x00000000ca800000, 0x0000000100000000)
  region size 1024K, 4 young (4096K), 4 survivors (4096K)
 Metaspace       used 19196K, committed 19456K, reserved 1114112K
  class space    used 2448K, committed 2560K, reserved 1048576K
}
Event: 3.647 GC heap before
{Heap before GC invocations=3 (full 0):
 garbage-first heap   total reserved 876544K, committed 55296K, used 19709K [0x00000000ca800000, 0x0000000100000000)
  region size 1024K, 14 young (14336K), 4 survivors (4096K)
 Metaspace       used 21166K, committed 21504K, reserved 1114112K
  class space    used 2711K, committed 2880K, reserved 1048576K
}
Event: 3.653 GC heap after
{Heap after GC invocations=4 (full 0):
 garbage-first heap   total reserved 876544K, committed 55296K, used 12049K [0x00000000ca800000, 0x0000000100000000)
  region size 1024K, 4 young (4096K), 4 survivors (4096K)
 Metaspace       used 21166K, committed 21504K, reserved 1114112K
  class space    used 2711K, committed 2880K, reserved 1048576K
}
Event: 4.313 GC heap before
{Heap before GC invocations=5 (full 0):
 garbage-first heap   total reserved 876544K, committed 45056K, used 34577K [0x00000000ca800000, 0x0000000100000000)
  region size 1024K, 26 young (26624K), 4 survivors (4096K)
 Metaspace       used 23346K, committed 23680K, reserved 1114112K
  class space    used 2982K, committed 3136K, reserved 1048576K
}
Event: 4.325 GC heap after
{Heap after GC invocations=6 (full 0):
 garbage-first heap   total reserved 876544K, committed 45056K, used 13620K [0x00000000ca800000, 0x0000000100000000)
  region size 1024K, 4 young (4096K), 4 survivors (4096K)
 Metaspace       used 23346K, committed 23680K, reserved 1114112K
  class space    used 2982K, committed 3136K, reserved 1048576K
}

Dll operation events (14 events):
Event: 0.018 Loaded shared library C:\Program Files\Java\jdk-22\bin\java.dll
Event: 0.064 Loaded shared library C:\Program Files\Java\jdk-22\bin\jsvml.dll
Event: 0.201 Loaded shared library C:\Program Files\Java\jdk-22\bin\zip.dll
Event: 0.207 Loaded shared library C:\Program Files\Java\jdk-22\bin\instrument.dll
Event: 0.215 Loaded shared library C:\Program Files\Java\jdk-22\bin\net.dll
Event: 0.218 Loaded shared library C:\Program Files\Java\jdk-22\bin\nio.dll
Event: 0.224 Loaded shared library C:\Program Files\Java\jdk-22\bin\zip.dll
Event: 0.998 Loaded shared library D:\IntelliJ IDEA Community Edition 2024.3.1\bin\breakgen64.dll
Event: 1.016 Loaded shared library C:\Program Files\Java\jdk-22\bin\extnet.dll
Event: 1.097 Loaded shared library C:\Program Files\Java\jdk-22\bin\jimage.dll
Event: 1.694 Loaded shared library C:\Program Files\Java\jdk-22\bin\management.dll
Event: 1.699 Loaded shared library C:\Program Files\Java\jdk-22\bin\management_ext.dll
Event: 2.617 Loaded shared library C:\Program Files\Java\jdk-22\bin\le.dll
Event: 3.686 Loaded shared library C:\Program Files\Java\jdk-22\bin\sunmscapi.dll

Deoptimization events (20 events):
Event: 5.005 Thread 0x000001fd747c2bf0 Uncommon trap: trap_request=0xffffff45 fr.pc=0x000001fd2306229c relative=0x00000000000001fc
Event: 5.005 Thread 0x000001fd747c2bf0 Uncommon trap: reason=unstable_if action=reinterpret pc=0x000001fd2306229c method=org.springframework.beans.factory.support.AbstractBeanFactory.getBeanPostProcessorCache()Lorg/springframework/beans/factory/support/AbstractBeanFactory$BeanPostProcessorCach
Event: 5.005 Thread 0x000001fd747c2bf0 DEOPT PACKING pc=0x000001fd2306229c sp=0x000000f73d7fe550
Event: 5.005 Thread 0x000001fd747c2bf0 DEOPT UNPACKING pc=0x000001fd229d46a2 sp=0x000000f73d7fe4e0 mode 2
Event: 5.060 Thread 0x000001fd747c2bf0 Uncommon trap: trap_request=0xffffff45 fr.pc=0x000001fd22f92f0c relative=0x000000000000006c
Event: 5.060 Thread 0x000001fd747c2bf0 Uncommon trap: reason=unstable_if action=reinterpret pc=0x000001fd22f92f0c method=org.springframework.util.ConcurrentReferenceHashMap$Segment.clear()V @ 7 c2
Event: 5.060 Thread 0x000001fd747c2bf0 DEOPT PACKING pc=0x000001fd22f92f0c sp=0x000000f73d7fe650
Event: 5.060 Thread 0x000001fd747c2bf0 DEOPT UNPACKING pc=0x000001fd229d46a2 sp=0x000000f73d7fe5e0 mode 2
Event: 5.074 Thread 0x000001fd747c2bf0 Uncommon trap: trap_request=0xffffff45 fr.pc=0x000001fd2304d86c relative=0x00000000000002ac
Event: 5.074 Thread 0x000001fd747c2bf0 Uncommon trap: reason=unstable_if action=reinterpret pc=0x000001fd2304d86c method=org.springframework.beans.factory.support.DefaultSingletonBeanRegistry.getSingleton(Ljava/lang/String;Z)Ljava/lang/Object; @ 20 c2
Event: 5.074 Thread 0x000001fd747c2bf0 DEOPT PACKING pc=0x000001fd2304d86c sp=0x000000f73d7fd350
Event: 5.074 Thread 0x000001fd747c2bf0 DEOPT UNPACKING pc=0x000001fd229d46a2 sp=0x000000f73d7fd2f0 mode 2
Event: 5.119 Thread 0x000001fd747c2bf0 Uncommon trap: trap_request=0xffffff45 fr.pc=0x000001fd2306d2f8 relative=0x00000000000005b8
Event: 5.119 Thread 0x000001fd747c2bf0 Uncommon trap: reason=unstable_if action=reinterpret pc=0x000001fd2306d2f8 method=org.springframework.util.ConcurrentReferenceHashMap$Segment.findInChain(Lorg/springframework/util/ConcurrentReferenceHashMap$Reference;Ljava/lang/Object;I)Lorg/springframewo
Event: 5.119 Thread 0x000001fd747c2bf0 DEOPT PACKING pc=0x000001fd2306d2f8 sp=0x000000f73d7fc6c0
Event: 5.119 Thread 0x000001fd747c2bf0 DEOPT UNPACKING pc=0x000001fd229d46a2 sp=0x000000f73d7fc4e8 mode 2
Event: 5.120 Thread 0x000001fd747c2bf0 Uncommon trap: trap_request=0xffffff45 fr.pc=0x000001fd2303df7c relative=0x000000000000023c
Event: 5.120 Thread 0x000001fd747c2bf0 Uncommon trap: reason=unstable_if action=reinterpret pc=0x000001fd2303df7c method=org.springframework.util.ConcurrentReferenceHashMap$Segment.findInChain(Lorg/springframework/util/ConcurrentReferenceHashMap$Reference;Ljava/lang/Object;I)Lorg/springframewo
Event: 5.120 Thread 0x000001fd747c2bf0 DEOPT PACKING pc=0x000001fd2303df7c sp=0x000000f73d7fc320
Event: 5.120 Thread 0x000001fd747c2bf0 DEOPT UNPACKING pc=0x000001fd229d46a2 sp=0x000000f73d7fc2c8 mode 2

Classes loaded (20 events):
Event: 5.049 Loading class java/security/Key done
Event: 5.049 Loading class java/security/AsymmetricKey done
Event: 5.049 Loading class java/security/PublicKey done
Event: 5.049 Loading class java/security/interfaces/RSAKey
Event: 5.049 Loading class java/security/interfaces/RSAKey done
Event: 5.049 Loading class java/security/interfaces/RSAPublicKey done
Event: 5.050 Loading class java/security/interfaces/RSAPrivateKey
Event: 5.051 Loading class java/security/PrivateKey
Event: 5.051 Loading class javax/security/auth/Destroyable
Event: 5.051 Loading class javax/security/auth/Destroyable done
Event: 5.051 Loading class java/security/PrivateKey done
Event: 5.051 Loading class java/security/interfaces/RSAPrivateKey done
Event: 5.071 Loading class javax/naming/NameNotFoundException
Event: 5.071 Loading class javax/naming/NameNotFoundException done
Event: 5.112 Loading class java/lang/Class$EnclosingMethodInfo
Event: 5.112 Loading class java/lang/Class$EnclosingMethodInfo done
Event: 5.178 Loading class sun/invoke/util/ValueConversions$1
Event: 5.178 Loading class sun/invoke/util/ValueConversions$1 done
Event: 5.179 Loading class java/lang/invoke/BoundMethodHandle$Species_LI
Event: 5.179 Loading class java/lang/invoke/BoundMethodHandle$Species_LI done

Classes unloaded (0 events):
No events

Classes redefined (0 events):
No events

Internal exceptions (20 events):
Event: 4.894 Thread 0x000001fd747c2bf0 Exception <a 'java/lang/NoSuchMethodError'{0x00000000cc6f4ca8}: 'int java.lang.invoke.DirectMethodHandle$Holder.invokeStaticInit(java.lang.Object, int, int)'> (0x00000000cc6f4ca8) 
thrown [s\open\src\hotspot\share\interpreter\linkResolver.cpp, line 774]
Event: 4.895 Thread 0x000001fd747c2bf0 Exception <a 'java/lang/NoSuchMethodError'{0x00000000cc6fc180}: 'int java.lang.invoke.DirectMethodHandle$Holder.invokeStaticInit(java.lang.Object, long, long)'> (0x00000000cc6fc180) 
thrown [s\open\src\hotspot\share\interpreter\linkResolver.cpp, line 774]
Event: 4.895 Thread 0x000001fd747c2bf0 Exception <a 'java/lang/NoSuchMethodError'{0x00000000cc502e78}: 'int java.lang.invoke.DirectMethodHandle$Holder.invokeStaticInit(java.lang.Object, float, float)'> (0x00000000cc502e78) 
thrown [s\open\src\hotspot\share\interpreter\linkResolver.cpp, line 774]
Event: 4.896 Thread 0x000001fd747c2bf0 Exception <a 'java/lang/NoSuchMethodError'{0x00000000cc5098e8}: 'int java.lang.invoke.DirectMethodHandle$Holder.invokeStaticInit(java.lang.Object, double, double)'> (0x00000000cc5098e8) 
thrown [s\open\src\hotspot\share\interpreter\linkResolver.cpp, line 774]
Event: 4.897 Thread 0x000001fd747c2bf0 Exception <a 'java/lang/NoSuchMethodError'{0x00000000cc50de40}: 'int java.lang.invoke.DirectMethodHandle$Holder.invokeStatic(java.lang.Object, long)'> (0x00000000cc50de40) 
thrown [s\open\src\hotspot\share\interpreter\linkResolver.cpp, line 774]
Event: 4.902 Thread 0x000001fd747c2bf0 Exception <a 'java/lang/NoSuchMethodError'{0x00000000cc52d358}: 'int java.lang.invoke.DirectMethodHandle$Holder.invokeSpecial(java.lang.Object, java.lang.Object, int)'> (0x00000000cc52d358) 
thrown [s\open\src\hotspot\share\interpreter\linkResolver.cpp, line 774]
Event: 4.903 Thread 0x000001fd747c2bf0 Exception <a 'java/lang/NoSuchMethodError'{0x00000000cc534948}: 'int java.lang.invoke.Invokers$Holder.linkToTargetMethod(java.lang.Object, java.lang.Object)'> (0x00000000cc534948) 
thrown [s\open\src\hotspot\share\interpreter\linkResolver.cpp, line 774]
Event: 4.926 Thread 0x000001fd747c2bf0 Exception <a 'java/lang/NoSuchMethodError'{0x00000000cc5b7f80}: 'java.lang.Object java.lang.invoke.Invokers$Holder.invoke_MT(java.lang.Object, java.lang.Object, java.lang.Object, java.lang.Object, java.lang.Object, java.lang.Object, java.lang.Object, java.lang.Object, java.lang.Object, java.lang.Object)'> (0x00000000cc5b7f80) 
thrown [s\open\src\hotspot\share\interpreter\linkResolver.cpp, line 774]
Event: 4.936 Thread 0x000001fd747c2bf0 Exception <a 'java/lang/NoSuchMethodError'{0x00000000cc5f25b0}: 'java.lang.Object java.lang.invoke.DirectMethodHandle$Holder.invokeSpecial(java.lang.Object, java.lang.Object, int, java.lang.Object, java.lang.Object)'> (0x00000000cc5f25b0) 
thrown [s\open\src\hotspot\share\interpreter\linkResolver.cpp, line 774]
Event: 4.937 Thread 0x000001fd747c2bf0 Exception <a 'java/lang/NoSuchMethodError'{0x00000000cc5f5ff0}: 'java.lang.Object java.lang.invoke.DelegatingMethodHandle$Holder.delegate(java.lang.Object, int, java.lang.Object, java.lang.Object)'> (0x00000000cc5f5ff0) 
thrown [s\open\src\hotspot\share\interpreter\linkResolver.cpp, line 774]
Event: 4.940 Thread 0x000001fd747c2bf0 Exception <a 'java/lang/NoSuchMethodError'{0x00000000cc4057f0}: 'int java.lang.invoke.Invokers$Holder.linkToTargetMethod(java.lang.Object, java.lang.Object, java.lang.Object)'> (0x00000000cc4057f0) 
thrown [s\open\src\hotspot\share\interpreter\linkResolver.cpp, line 774]
Event: 4.971 Thread 0x000001fd747c2bf0 Exception <a 'java/lang/NoSuchMethodError'{0x00000000cc4a7ab0}: 'void java.lang.invoke.Invokers$Holder.invokeExact_MT(java.lang.Object, java.lang.Object, java.lang.Object)'> (0x00000000cc4a7ab0) 
thrown [s\open\src\hotspot\share\interpreter\linkResolver.cpp, line 774]
Event: 5.022 Thread 0x000001fd747c2bf0 Exception <a 'java/lang/NoClassDefFoundError'{0x00000000cc3df9c8}: org/flywaydb/core/Flyway> (0x00000000cc3df9c8) 
thrown [s\open\src\hotspot\share\classfile\systemDictionary.cpp, line 302]
Event: 5.022 Thread 0x000001fd747c2bf0 Exception <a 'java/lang/NoClassDefFoundError'{0x00000000cc3e0ae0}: liquibase/integration/spring/SpringLiquibase> (0x00000000cc3e0ae0) 
thrown [s\open\src\hotspot\share\classfile\systemDictionary.cpp, line 302]
Event: 5.079 Thread 0x000001fd747c2bf0 Exception <a 'java/lang/NoSuchMethodError'{0x00000000cc2f21b0}: 'void java.lang.invoke.DirectMethodHandle$Holder.invokeSpecial(java.lang.Object, java.lang.Object, java.lang.Object, java.lang.Object, java.lang.Object, java.lang.Object)'> (0x00000000cc2f21b0) 
thrown [s\open\src\hotspot\share\interpreter\linkResolver.cpp, line 774]
Event: 5.129 Thread 0x000001fd747c2bf0 Exception <a 'java/lang/IncompatibleClassChangeError'{0x00000000cc0258c0}: Found class java.lang.Object, but interface was expected> (0x00000000cc0258c0) 
thrown [s\open\src\hotspot\share\interpreter\linkResolver.cpp, line 841]
Event: 5.177 Thread 0x000001fd747c2bf0 Exception <a 'java/lang/NoSuchMethodError'{0x00000000cbf0cfe0}: 'void java.lang.invoke.DirectMethodHandle$Holder.invokeVirtual(java.lang.Object, java.lang.Object, int)'> (0x00000000cbf0cfe0) 
thrown [s\open\src\hotspot\share\interpreter\linkResolver.cpp, line 774]
Event: 5.178 Thread 0x000001fd747c2bf0 Exception <a 'java/lang/NoSuchMethodError'{0x00000000cbf10f60}: 'int java.lang.invoke.DirectMethodHandle$Holder.invokeSpecial(java.lang.Object, java.lang.Object, java.lang.Object, int)'> (0x00000000cbf10f60) 
thrown [s\open\src\hotspot\share\interpreter\linkResolver.cpp, line 774]
Event: 5.180 Thread 0x000001fd747c2bf0 Exception <a 'java/lang/NoSuchMethodError'{0x00000000cbf22fe0}: 'java.lang.Object java.lang.invoke.DirectMethodHandle$Holder.invokeStatic(java.lang.Object, java.lang.Object, java.lang.Object, java.lang.Object, int)'> (0x00000000cbf22fe0) 
thrown [s\open\src\hotspot\share\interpreter\linkResolver.cpp, line 774]
Event: 5.181 Thread 0x000001fd747c2bf0 Exception <a 'java/lang/NoSuchMethodError'{0x00000000cbf2d808}: 'void java.lang.invoke.DelegatingMethodHandle$Holder.reinvoke_L(java.lang.Object, java.lang.Object, int)'> (0x00000000cbf2d808) 
thrown [s\open\src\hotspot\share\interpreter\linkResolver.cpp, line 774]

ZGC Phase Switch (0 events):
No events

VM Operations (20 events):
Event: 3.667 Executing VM operation: G1PauseCleanup
Event: 3.668 Executing VM operation: G1PauseCleanup done
Event: 4.119 Executing VM operation: ICBufferFull
Event: 4.119 Executing VM operation: ICBufferFull done
Event: 4.313 Executing VM operation: G1CollectForAllocation (G1 Evacuation Pause)
Event: 4.325 Executing VM operation: G1CollectForAllocation (G1 Evacuation Pause) done
Event: 4.481 Executing VM operation: HandshakeAllThreads (Deoptimize)
Event: 4.481 Executing VM operation: HandshakeAllThreads (Deoptimize) done
Event: 4.489 Executing VM operation: HandshakeAllThreads (Deoptimize)
Event: 4.489 Executing VM operation: HandshakeAllThreads (Deoptimize) done
Event: 4.490 Executing VM operation: HandshakeAllThreads (Deoptimize)
Event: 4.490 Executing VM operation: HandshakeAllThreads (Deoptimize) done
Event: 4.584 Executing VM operation: HandshakeAllThreads (Deoptimize)
Event: 4.584 Executing VM operation: HandshakeAllThreads (Deoptimize) done
Event: 4.908 Executing VM operation: HandshakeAllThreads (Deoptimize)
Event: 4.908 Executing VM operation: HandshakeAllThreads (Deoptimize) done
Event: 5.005 Executing VM operation: ICBufferFull
Event: 5.006 Executing VM operation: ICBufferFull done
Event: 5.116 Executing VM operation: HandshakeAllThreads (Deoptimize)
Event: 5.116 Executing VM operation: HandshakeAllThreads (Deoptimize) done

Memory protections (0 events):
No events

Nmethod flushes (0 events):
No events

Events (18 events):
Event: 0.040 Thread 0x000001fd10e7b630 Thread added: 0x000001fd10e7b630
Event: 0.060 Thread 0x000001fd10e7b630 Thread added: 0x000001fd2e659570
Event: 0.061 Thread 0x000001fd10e7b630 Thread added: 0x000001fd2e65b4f0
Event: 0.061 Thread 0x000001fd10e7b630 Thread added: 0x000001fd2e65d600
Event: 0.061 Thread 0x000001fd10e7b630 Thread added: 0x000001fd2e6601a0
Event: 0.061 Thread 0x000001fd10e7b630 Thread added: 0x000001fd2e664720
Event: 0.061 Thread 0x000001fd10e7b630 Thread added: 0x000001fd2e665180
Event: 0.061 Thread 0x000001fd10e7b630 Thread added: 0x000001fd2e6637d0
Event: 0.062 Thread 0x000001fd10e7b630 Thread added: 0x000001fd2e67c180
Event: 0.163 Thread 0x000001fd10e7b630 Thread added: 0x000001fd2e626230
Event: 0.999 Thread 0x000001fd10e7b630 Thread added: 0x000001fd7402a0e0
Event: 0.999 Thread 0x000001fd10e7b630 Thread added: 0x000001fd74045900
Event: 1.788 Thread 0x000001fd10e7b630 Thread added: 0x000001fd74142740
Event: 1.793 Thread 0x000001fd74142740 Thread added: 0x000001fd747c2bf0
Event: 2.544 Thread 0x000001fd747c2bf0 Thread added: 0x000001fd74a39f50
Event: 3.384 Thread 0x000001fd747c2bf0 Thread added: 0x000001fd75644640
Event: 3.520 Thread 0x000001fd75644640 Thread exited: 0x000001fd75644640
Event: 3.707 Thread 0x000001fd74a39f50 Thread exited: 0x000001fd74a39f50


Dynamic libraries:
0x00007ff739cf0000 - 0x00007ff739d00000 	C:\Program Files\Java\jdk-22\bin\java.exe
0x00007fff4a9d0000 - 0x00007fff4abe7000 	C:\Windows\SYSTEM32\ntdll.dll
0x00007fff49880000 - 0x00007fff49944000 	C:\Windows\System32\KERNEL32.DLL
0x00007fff47d50000 - 0x00007fff4810a000 	C:\Windows\System32\KERNELBASE.dll
0x00007fff481b0000 - 0x00007fff482c1000 	C:\Windows\System32\ucrtbase.dll
0x00007fff1de20000 - 0x00007fff1de3b000 	C:\Program Files\Java\jdk-22\bin\VCRUNTIME140.dll
0x00007fff1e160000 - 0x00007fff1e177000 	C:\Program Files\Java\jdk-22\bin\jli.dll
0x00007fff4a480000 - 0x00007fff4a62e000 	C:\Windows\System32\USER32.dll
0x00007fff2ce70000 - 0x00007fff2d102000 	C:\Windows\WinSxS\amd64_microsoft.windows.common-controls_6595b64144ccf1df_6.0.22621.4541_none_2710d1c57384c085\COMCTL32.dll
0x00007fff482d0000 - 0x00007fff482f6000 	C:\Windows\System32\win32u.dll
0x00007fff49fe0000 - 0x00007fff4a087000 	C:\Windows\System32\msvcrt.dll
0x00007fff48d40000 - 0x00007fff48d69000 	C:\Windows\System32\GDI32.dll
0x00007fff48470000 - 0x00007fff4858b000 	C:\Windows\System32\gdi32full.dll
0x00007fff48110000 - 0x00007fff481aa000 	C:\Windows\System32\msvcp_win.dll
0x00007fff48880000 - 0x00007fff488b1000 	C:\Windows\System32\IMM32.DLL
0x00007fff44150000 - 0x00007fff4415c000 	C:\Program Files\Java\jdk-22\bin\vcruntime140_1.dll
0x00007fff1dd90000 - 0x00007fff1de1e000 	C:\Program Files\Java\jdk-22\bin\msvcp140.dll
0x00007fff1cc30000 - 0x00007fff1d979000 	C:\Program Files\Java\jdk-22\bin\server\jvm.dll
0x00007fff49a10000 - 0x00007fff49ac2000 	C:\Windows\System32\ADVAPI32.dll
0x00007fff49960000 - 0x00007fff49a07000 	C:\Windows\System32\sechost.dll
0x00007fff48590000 - 0x00007fff485b8000 	C:\Windows\System32\bcrypt.dll
0x00007fff48e70000 - 0x00007fff48f84000 	C:\Windows\System32\RPCRT4.dll
0x00007fff4a2e0000 - 0x00007fff4a351000 	C:\Windows\System32\WS2_32.dll
0x00007fff47b60000 - 0x00007fff47bad000 	C:\Windows\SYSTEM32\POWRPROF.dll
0x00007fff42800000 - 0x00007fff42834000 	C:\Windows\SYSTEM32\WINMM.dll
0x00007fff41d90000 - 0x00007fff41d9a000 	C:\Windows\SYSTEM32\VERSION.dll
0x00007fff47b40000 - 0x00007fff47b53000 	C:\Windows\SYSTEM32\UMPDC.dll
0x00007fff46c90000 - 0x00007fff46ca8000 	C:\Windows\SYSTEM32\kernel.appcore.dll
0x00007fff44060000 - 0x00007fff4406a000 	C:\Program Files\Java\jdk-22\bin\jimage.dll
0x00007fff3eb90000 - 0x00007fff3edc2000 	C:\Windows\SYSTEM32\DBGHELP.DLL
0x00007fff48930000 - 0x00007fff48cc1000 	C:\Windows\System32\combase.dll
0x00007fff4a090000 - 0x00007fff4a167000 	C:\Windows\System32\OLEAUT32.dll
0x00007fff335c0000 - 0x00007fff335f2000 	C:\Windows\SYSTEM32\dbgcore.DLL
0x00007fff485c0000 - 0x00007fff4863b000 	C:\Windows\System32\bcryptPrimitives.dll
0x00007fff08320000 - 0x00007fff0832f000 	C:\Program Files\Java\jdk-22\bin\instrument.dll
0x00007fff1dd70000 - 0x00007fff1dd8e000 	C:\Program Files\Java\jdk-22\bin\java.dll
0x00007fff48ff0000 - 0x00007fff49869000 	C:\Windows\System32\SHELL32.dll
0x00007fff4a7e0000 - 0x00007fff4a985000 	C:\Windows\System32\ole32.dll
0x00007fff45b80000 - 0x00007fff46489000 	C:\Windows\SYSTEM32\windows.storage.dll
0x00007fff45a40000 - 0x00007fff45b7f000 	C:\Windows\SYSTEM32\wintypes.dll
0x00007fff4a360000 - 0x00007fff4a45a000 	C:\Windows\System32\SHCORE.dll
0x00007fff48cd0000 - 0x00007fff48d2e000 	C:\Windows\System32\shlwapi.dll
0x00007fff47bc0000 - 0x00007fff47beb000 	C:\Windows\SYSTEM32\profapi.dll
0x00007fff1cb50000 - 0x00007fff1cc27000 	C:\Program Files\Java\jdk-22\bin\jsvml.dll
0x00007fff1dd30000 - 0x00007fff1dd47000 	C:\Program Files\Java\jdk-22\bin\zip.dll
0x00007fff2f9c0000 - 0x00007fff2f9d0000 	C:\Program Files\Java\jdk-22\bin\net.dll
0x00007fff47100000 - 0x00007fff47169000 	C:\Windows\system32\mswsock.dll
0x00007fff1dd50000 - 0x00007fff1dd66000 	C:\Program Files\Java\jdk-22\bin\nio.dll
0x00007ffef2630000 - 0x00007ffef264a000 	D:\IntelliJ IDEA Community Edition 2024.3.1\bin\breakgen64.dll
0x00007fff1dce0000 - 0x00007fff1dce9000 	C:\Program Files\Java\jdk-22\bin\extnet.dll
0x00007fff07940000 - 0x00007fff0794a000 	C:\Program Files\Java\jdk-22\bin\management.dll
0x00007fff07930000 - 0x00007fff0793b000 	C:\Program Files\Java\jdk-22\bin\management_ext.dll
0x00007fff48d30000 - 0x00007fff48d38000 	C:\Windows\System32\PSAPI.DLL
0x00007fff07820000 - 0x00007fff0782b000 	C:\Program Files\Java\jdk-22\bin\le.dll
0x00007fff1dcf0000 - 0x00007fff1dcfe000 	C:\Program Files\Java\jdk-22\bin\sunmscapi.dll
0x00007fff48300000 - 0x00007fff48466000 	C:\Windows\System32\CRYPT32.dll
0x00007fff47560000 - 0x00007fff4758d000 	C:\Windows\SYSTEM32\ncrypt.dll
0x00007fff47520000 - 0x00007fff47557000 	C:\Windows\SYSTEM32\NTASN1.dll

dbghelp: loaded successfully - version: 4.0.5 - missing functions: none
symbol engine: initialized successfully - sym options: 0x614 - pdb path: .;C:\Program Files\Java\jdk-22\bin;C:\Windows\SYSTEM32;C:\Windows\WinSxS\amd64_microsoft.windows.common-controls_6595b64144ccf1df_6.0.22621.4541_none_2710d1c57384c085;C:\Program Files\Java\jdk-22\bin\server;D:\IntelliJ IDEA Community Edition 2024.3.1\bin

VM Arguments:
jvm_args: -javaagent:D:\IntelliJ IDEA Community Edition 2024.3.1\lib\idea_rt.jar=51558:D:\IntelliJ IDEA Community Edition 2024.3.1\bin -Dfile.encoding=UTF-8 -Dsun.stdout.encoding=UTF-8 -Dsun.stderr.encoding=UTF-8 
java_command: com.jobportal.BackendApplication
java_class_path (initial): D:\Hustlr\jobportal\target\classes;C:\Users\Namra\.m2\repository\org\springframework\boot\spring-boot-starter-data-mongodb\3.4.1\spring-boot-starter-data-mongodb-3.4.1.jar;C:\Users\Namra\.m2\repository\org\springframework\boot\spring-boot-starter\3.4.1\spring-boot-starter-3.4.1.jar;C:\Users\Namra\.m2\repository\org\springframework\boot\spring-boot-starter-logging\3.4.1\spring-boot-starter-logging-3.4.1.jar;C:\Users\Namra\.m2\repository\ch\qos\logback\logback-classic\1.5.12\logback-classic-1.5.12.jar;C:\Users\Namra\.m2\repository\ch\qos\logback\logback-core\1.5.12\logback-core-1.5.12.jar;C:\Users\Namra\.m2\repository\org\apache\logging\log4j\log4j-to-slf4j\2.24.3\log4j-to-slf4j-2.24.3.jar;C:\Users\Namra\.m2\repository\org\apache\logging\log4j\log4j-api\2.24.3\log4j-api-2.24.3.jar;C:\Users\Namra\.m2\repository\org\slf4j\jul-to-slf4j\2.0.16\jul-to-slf4j-2.0.16.jar;C:\Users\Namra\.m2\repository\jakarta\annotation\jakarta.annotation-api\2.1.1\jakarta.annotation-api-2.1.1.jar;C:\Users\Namra\.m2\repository\org\yaml\snakeyaml\2.3\snakeyaml-2.3.jar;C:\Users\Namra\.m2\repository\org\mongodb\mongodb-driver-sync\5.2.1\mongodb-driver-sync-5.2.1.jar;C:\Users\Namra\.m2\repository\org\mongodb\bson\5.2.1\bson-5.2.1.jar;C:\Users\Namra\.m2\repository\org\mongodb\mongodb-driver-core\5.2.1\mongodb-driver-core-5.2.1.jar;C:\Users\Namra\.m2\repository\org\mongodb\bson-record-codec\5.2.1\bson-record-codec-5.2.1.jar;C:\Users\Namra\.m2\repository\org\springframework\data\spring-data-mongodb\4.4.1\spring-data-mongodb-4.4.1.jar;C:\Users\Namra\.m2\repository\org\springframework\spring-tx\6.2.1\spring-tx-6.2.1.jar;C:\Users\Namra\.m2\repository\org\springframework\spring-context\6.2.1\spring-context-6.2.1.jar;C:\Users\Namra\.m2\repository\org\springframework\spring-beans\6.2.1\spring-beans-6.2.1.jar;C:\Users\Namra\.m2\repository\org\springframework\spring-expression\6.2.1\spring-expression-6.2.1.jar;C:\Users\Namra\.m2\repository\org\springframework\data\spring-data-commons\3.4.1\spring-data-commons-3.4.1.jar;C:\Users\Namra\.m2\repository\org\slf4j\slf4j-api\2.0.16\slf4j-api-2.0.16.jar;C:\Users\Namra\.m2\repository\org\springframework\boot\spring-boot-starter-thymeleaf\3.4.1\spring-boot-starter-thymeleaf-3.4.1.jar;C:\Users\Namra\.m2\repository\org\thymeleaf\thymeleaf-spring6\3.1.3.RELEASE\thymeleaf-spring6-3.1.3.RELEASE.jar;C:\Users\Namra\.m2\repository\org\thymeleaf\thymeleaf\3.1.3.RELEASE\thymeleaf-3.1.3.RELEASE.jar;C:\Users\Namra\.m2\repository\org\attoparser\attoparser\2.0.7.RELEASE\attoparser-2.0.7.RELEASE.jar;C:\Users\Namra\.m2\repository\org\unbescape\unbescape\1.1.6.RELEASE\unbescape-1.1.6.RELEASE.jar;C:\Users\Namra\.m2\repository\org\springframework\boot\spring-boot-starter-web\3.4.1\spring-boot-starter-web-3.4.1.jar;C:\Users\Namra\.m2\repository\org\springframework\boot\spring-boot-starter-json\3.4.1\spring-boot-starter-json-3.4.1.jar;C:\Users\Namra\.m2\repository\com\fasterxml\jackson\core\jackson-databind\2.18.2\jackson-databind-2.18.2.jar;C:\Users\Namra\.m2\repository\com\fasterxml\jackson\core\jackson-annotations\2.18.2\jackson-annotations-2.18.2.jar;C:\Users\Namra\.m2\repository\com\fasterxml\jackson\core\jackson-core\2.18.2\jackson-core-2.18.2.jar;C:\Users\Namra\.m2\repository\com\fasterxml\jackson\datatype\jackson-datatype-jdk8\2.18.2\jackson-datatype-jdk8-2.18.2.jar;C:\Users\Namra\.m2\repository\com\fasterxml\jackson\datatype\jackson-datatype-jsr310\2.18.2\jackson-datatype-jsr310-2.18.2.jar;C:\Users\Namra\.m2\repository\com\fasterxml\jackson\module\jackson-module-parameter-names\2.18.2\jackson-module-parameter-names-2.18.2.jar;C:\Users\Namra\.m2\repository\org\springframework\boot\spring-boot-starter-tomcat\3.4.1\spring-boot-starter-tomcat-3.4.1.jar;C:\Users\Namra\.m2\repository\org\apache\tomcat\embed\tomcat-embed-core\10.1.34\tomcat-embed-core-10.1.34.jar;C:\Users\Namra\.m2\repository\org\apache\tomcat\embed\tomcat-embed-websocket\10.1.34\tomcat-embed-websocket-10.1.34.jar;C:\Users\Namra\.m2\repository\org\springframework\spring-web\6.2.1\spring-web-6.2.1.jar;C:\Users\Namra\.m2\repository\io\micrometer\micrometer-observation\1.14.2\micrometer-observation-1.14.2.jar;C:\Users\Namra\.m2\repository\io\micrometer\micrometer-commons\1.14.2\micrometer-commons-1.14.2.jar;C:\Users\Namra\.m2\repository\org\springframework\spring-webmvc\6.2.1\spring-webmvc-6.2.1.jar;C:\Users\Namra\.m2\repository\org\springframework\boot\spring-boot-devtools\3.4.1\spring-boot-devtools-3.4.1.jar;C:\Users\Namra\.m2\repository\org\springframework\boot\spring-boot\3.4.1\spring-boot-3.4.1.jar;C:\Users\Namra\.m2\repository\org\springframework\boot\spring-boot-autoconfigure\3.4.1\spring-boot-autoconfigure-3.4.1.jar;C:\Users\Namra\.m2\repository\org\projectlombok\lombok\1.18.30\lombok-1.18.30.jar;C:\Users\Namra\.m2\repository\jakarta\activation\jakarta.activation-api\2.1.3\jakarta.activation-api-2.1.3.jar;C:\Users\Namra\.m2\repository\org\springframework\spring-core\6.2.1\spring-core-6.2.1.jar;C:\Users\Namra\.m2\repository\org\springframework\spring-jcl\6.2.1\spring-jcl-6.2.1.jar;C:\Users\Namra\.m2\repository\org\springframework\boot\spring-boot-starter-security\3.4.1\spring-boot-starter-security-3.4.1.jar;C:\Users\Namra\.m2\repository\org\springframework\spring-aop\6.2.1\spring-aop-6.2.1.jar;C:\Users\Namra\.m2\repository\org\springframework\security\spring-security-config\6.4.2\spring-security-config-6.4.2.jar;C:\Users\Namra\.m2\repository\org\springframework\security\spring-security-core\6.4.2\spring-security-core-6.4.2.jar;C:\Users\Namra\.m2\repository\org\springframework\security\spring-security-crypto\6.4.2\spring-security-crypto-6.4.2.jar;C:\Users\Namra\.m2\repository\org\springframework\security\spring-security-web\6.4.2\spring-security-web-6.4.2.jar;C:\Users\Namra\.m2\repository\org\springframework\boot\spring-boot-starter-validation\3.4.1\spring-boot-starter-validation-3.4.1.jar;C:\Users\Namra\.m2\repository\org\apache\tomcat\embed\tomcat-embed-el\10.1.34\tomcat-embed-el-10.1.34.jar;C:\Users\Namra\.m2\repository\org\hibernate\validator\hibernate-validator\8.0.2.Final\hibernate-validator-8.0.2.Final.jar;C:\Users\Namra\.m2\repository\jakarta\validation\jakarta.validation-api\3.0.2\jakarta.validation-api-3.0.2.jar;C:\Users\Namra\.m2\repository\org\jboss\logging\jboss-logging\3.6.1.Final\jboss-logging-3.6.1.Final.jar;C:\Users\Namra\.m2\repository\com\fasterxml\classmate\1.7.0\classmate-1.7.0.jar;C:\Users\Namra\.m2\repository\org\springframework\boot\spring-boot-starter-mail\3.4.1\spring-boot-starter-mail-3.4.1.jar;C:\Users\Namra\.m2\repository\org\springframework\spring-context-support\6.2.1\spring-context-support-6.2.1.jar;C:\Users\Namra\.m2\repository\org\eclipse\angus\jakarta.mail\2.0.3\jakarta.mail-2.0.3.jar;C:\Users\Namra\.m2\repository\org\eclipse\angus\angus-activation\2.0.2\angus-activation-2.0.2.jar
Launcher Type: SUN_STANDARD

[Global flags]
     intx CICompilerCount                          = 4                                         {product} {ergonomic}
     uint ConcGCThreads                            = 3                                         {product} {ergonomic}
     uint G1ConcRefinementThreads                  = 10                                        {product} {ergonomic}
   size_t G1HeapRegionSize                         = 1048576                                   {product} {ergonomic}
   size_t InitialHeapSize                          = 56623104                                  {product} {ergonomic}
   size_t MarkStackSize                            = 4194304                                   {product} {ergonomic}
   size_t MaxHeapSize                              = 897581056                                 {product} {ergonomic}
   size_t MaxNewSize                               = 537919488                                 {product} {ergonomic}
   size_t MinHeapDeltaBytes                        = 1048576                                   {product} {ergonomic}
   size_t MinHeapSize                              = 8388608                                   {product} {ergonomic}
    uintx NonNMethodCodeHeapSize                   = 5839372                                {pd product} {ergonomic}
    uintx NonProfiledCodeHeapSize                  = 122909434                              {pd product} {ergonomic}
    uintx ProfiledCodeHeapSize                     = 122909434                              {pd product} {ergonomic}
    uintx ReservedCodeCacheSize                    = 251658240                              {pd product} {ergonomic}
     bool SegmentedCodeCache                       = true                                      {product} {ergonomic}
   size_t SoftMaxHeapSize                          = 897581056                              {manageable} {ergonomic}
     bool UseCompressedOops                        = true                           {product lp64_product} {ergonomic}
     bool UseG1GC                                  = true                                      {product} {ergonomic}
     bool UseLargePagesIndividualAllocation        = false                                  {pd product} {ergonomic}

Logging:
Log output configuration:
 #0: stdout all=warning uptime,level,tags foldmultilines=false
 #1: stderr all=off uptime,level,tags foldmultilines=false

Environment Variables:
PATH=C:\Program Files\Common Files\Oracle\Java\javapath;C:\Windows\system32;C:\Windows;C:\Windows\System32\Wbem;C:\Windows\System32\WindowsPowerShell\v1.0\;C:\Windows\System32\OpenSSH\;C:\Program Files\Java\jdk-22\bin;C:\Program Files\Git\cmd;C:\Program Files\nodejs\;C:\Program Files\Git LFS;C:\Users\Namra\Downloads\apache-maven-3.9.9-bin\apache-maven-3.9.9\bin;C:\Users\Namra\AppData\Local\Microsoft\WindowsApps;C:\Users\Namra\AppData\Local\Programs\Microsoft VS Code\bin;C:\Users\Namra\AppData\Roaming\npm;C:\Program Files\JetBrains\IntelliJ IDEA 2024.2\bin;;C:\Program Files\JetBrains\IntelliJ IDEA Community Edition 2024.2.0.1\bin;
USERNAME=Namra
OS=Windows_NT
PROCESSOR_IDENTIFIER=AMD64 Family 25 Model 80 Stepping 0, AuthenticAMD
TMP=C:\Users\Namra\AppData\Local\Temp
TEMP=C:\Users\Namra\AppData\Local\Temp




Periodic native trim disabled

---------------  S Y S T E M  ---------------

OS:
 Windows 11 , 64 bit Build 22621 (10.0.22621.4391)
OS uptime: 0 days 0:28 hours
Hyper-V role detected

CPU: total 12 (initial active 12) (12 cores per cpu, 2 threads per core) family 25 model 80 stepping 0 microcode 0x0, cx8, cmov, fxsr, ht, mmx, 3dnowpref, sse, sse2, sse3, ssse3, sse4a, sse4.1, sse4.2, popcnt, lzcnt, tsc, tscinvbit, avx, avx2, aes, erms, clmul, bmi1, bmi2, adx, sha, fma, vzeroupper, clflush, clflushopt, hv, rdtscp, rdpid, fsrm, f16c, cet_ss
Processor Information for processor 0
  Max Mhz: 3301, Current Mhz: 1805, Mhz Limit: 3301
Processor Information for processor 1
  Max Mhz: 3301, Current Mhz: 1805, Mhz Limit: 3301
Processor Information for processor 2
  Max Mhz: 3301, Current Mhz: 1908, Mhz Limit: 3301
Processor Information for processor 3
  Max Mhz: 3301, Current Mhz: 1908, Mhz Limit: 3301
Processor Information for processor 4
  Max Mhz: 3301, Current Mhz: 1908, Mhz Limit: 3301
Processor Information for processor 5
  Max Mhz: 3301, Current Mhz: 1908, Mhz Limit: 3301
Processor Information for processor 6
  Max Mhz: 3301, Current Mhz: 1908, Mhz Limit: 3301
Processor Information for processor 7
  Max Mhz: 3301, Current Mhz: 1805, Mhz Limit: 3301
Processor Information for processor 8
  Max Mhz: 3301, Current Mhz: 1908, Mhz Limit: 3301
Processor Information for processor 9
  Max Mhz: 3301, Current Mhz: 1908, Mhz Limit: 3301
Processor Information for processor 10
  Max Mhz: 3301, Current Mhz: 1805, Mhz Limit: 3301
Processor Information for processor 11
  Max Mhz: 3301, Current Mhz: 1805, Mhz Limit: 3301

Memory: 4k page, system-wide physical 3423M (83M free)
TotalPageFile size 14175M (AvailPageFile size 5M)
current process WorkingSet (physical memory assigned to process): 149M, peak: 149M
current process commit charge ("private bytes"): 195M, peak: 195M

vm_info: Java HotSpot(TM) 64-Bit Server VM (22.0.2+9-70) for windows-amd64 JRE (22.0.2+9-70), built on 2024-06-04T16:52:23Z by "mach5one" with MS VC++ 17.6 (VS2022)

END.
