#
# There is insufficient memory for the Java Runtime Environment to continue.
# Native memory allocation (malloc) failed to allocate 1493904 bytes. Error detail: Chunk::new
# Possible reasons:
#   The system is out of physical RAM or swap space
#   This process is running with CompressedOops enabled, and the Java Heap may be blocking the growth of the native heap
# Possible solutions:
#   Reduce memory load on the system
#   Increase physical memory or swap space
#   Check if swap backing store is full
#   Decrease Java heap size (-Xmx/-Xms)
#   Decrease number of Java threads
#   Decrease Java thread stack sizes (-Xss)
#   Set larger code cache with -XX:ReservedCodeCacheSize=
#   JVM is running with Unscaled Compressed Oops mode in which the Java heap is
#     placed in the first 4GB address space. The Java Heap base address is the
#     maximum limit for the native heap growth. Please use -XX:HeapBaseMinAddress
#     to set the Java Heap base and to place the Java Heap above 4GB virtual address.
# This output file may be truncated or incomplete.
#
#  Out of Memory Error (arena.cpp:150), pid=17116, tid=15444
#
# JRE version: Java(TM) SE Runtime Environment (22.0.2+9) (build 22.0.2+9-70)
# Java VM: Java HotSpot(TM) 64-Bit Server VM (22.0.2+9-70, mixed mode, sharing, tiered, compressed oops, compressed class ptrs, g1 gc, windows-amd64)
# No core dump will be written. Minidumps are not enabled by default on client versions of Windows
#

---------------  S U M M A R Y ------------

Command Line: -javaagent:D:\IntelliJ IDEA Community Edition 2024.3.1\lib\idea_rt.jar=51573:D:\IntelliJ IDEA Community Edition 2024.3.1\bin -Dfile.encoding=UTF-8 -Dsun.stdout.encoding=UTF-8 -Dsun.stderr.encoding=UTF-8 com.jobportal.BackendApplication

Host: AMD Ryzen 5 5600H with Radeon Graphics         , 12 cores, 3G,  Windows 11 , 64 bit Build 22621 (10.0.22621.4391)
Time: Thu Jan 30 17:42:03 2025 India Standard Time elapsed time: 3.895301 seconds (0d 0h 0m 3s)

---------------  T H R E A D  ---------------

Current thread (0x0000026012a4ccf0):  JavaThread "C2 CompilerThread0" daemon [_thread_in_native, id=15444, stack(0x00000060c5900000,0x00000060c5a00000) (1024K)]


Current CompileTask:
C2:3895 3353   !   4       jdk.internal.loader.BuiltinClassLoader::loadClassOrNull (143 bytes)

Stack: [0x00000060c5900000,0x00000060c5a00000]
Native frames: (J=compiled Java code, j=interpreted, Vv=VM code, C=native code)
V  [jvm.dll+0x6e26e9]  (no source info available)
V  [jvm.dll+0x875753]  (no source info available)
V  [jvm.dll+0x877b7e]  (no source info available)
V  [jvm.dll+0x878253]  (no source info available)
V  [jvm.dll+0x27fc86]  (no source info available)
V  [jvm.dll+0xc3d0f]  (no source info available)
V  [jvm.dll+0xc3f6b]  (no source info available)
V  [jvm.dll+0x3bb47c]  (no source info available)
V  [jvm.dll+0x1df6ae]  (no source info available)
V  [jvm.dll+0x24793c]  (no source info available)
V  [jvm.dll+0x246e9f]  (no source info available)
V  [jvm.dll+0x1c4e80]  (no source info available)
V  [jvm.dll+0x2568f3]  (no source info available)
V  [jvm.dll+0x254baa]  (no source info available)
V  [jvm.dll+0x3f57a6]  (no source info available)
V  [jvm.dll+0x81dc0b]  (no source info available)
V  [jvm.dll+0x6e0d85]  (no source info available)
C  [ucrtbase.dll+0x29333]  (no source info available)
C  [KERNEL32.DLL+0x1259d]  (no source info available)
C  [ntdll.dll+0x5af38]  (no source info available)


---------------  P R O C E S S  ---------------

Threads class SMR info:
_java_thread_list=0x0000026058cd5790, length=14, elements={
0x000002607528b820, 0x0000026012a3adb0, 0x0000026012a3cb80, 0x0000026012a3f5c0,
0x0000026012a42030, 0x0000026012a43230, 0x0000026012a46570, 0x0000026012a4ccf0,
0x0000026012a54d30, 0x0000026012c6be60, 0x0000026012ef2300, 0x0000026012e321c0,
0x000002605842d550, 0x00000260589b5060
}

Java Threads: ( => current thread )
  0x000002607528b820 JavaThread "main"                              [_thread_blocked, id=13556, stack(0x00000060c4b00000,0x00000060c4c00000) (1024K)]
  0x0000026012a3adb0 JavaThread "Reference Handler"          daemon [_thread_blocked, id=6164, stack(0x00000060c5300000,0x00000060c5400000) (1024K)]
  0x0000026012a3cb80 JavaThread "Finalizer"                  daemon [_thread_blocked, id=16160, stack(0x00000060c5400000,0x00000060c5500000) (1024K)]
  0x0000026012a3f5c0 JavaThread "Signal Dispatcher"          daemon [_thread_blocked, id=4820, stack(0x00000060c5500000,0x00000060c5600000) (1024K)]
  0x0000026012a42030 JavaThread "Attach Listener"            daemon [_thread_blocked, id=1044, stack(0x00000060c5600000,0x00000060c5700000) (1024K)]
  0x0000026012a43230 JavaThread "Service Thread"             daemon [_thread_blocked, id=1804, stack(0x00000060c5700000,0x00000060c5800000) (1024K)]
  0x0000026012a46570 JavaThread "Monitor Deflation Thread"   daemon [_thread_blocked, id=17192, stack(0x00000060c5800000,0x00000060c5900000) (1024K)]
=>0x0000026012a4ccf0 JavaThread "C2 CompilerThread0"         daemon [_thread_in_native, id=15444, stack(0x00000060c5900000,0x00000060c5a00000) (1024K)]
  0x0000026012a54d30 JavaThread "C1 CompilerThread0"         daemon [_thread_blocked, id=3784, stack(0x00000060c5a00000,0x00000060c5b00000) (1024K)]
  0x0000026012c6be60 JavaThread "Common-Cleaner"             daemon [_thread_blocked, id=15824, stack(0x00000060c5b00000,0x00000060c5c00000) (1024K)]
  0x0000026012ef2300 JavaThread "Monitor Ctrl-Break"         daemon [_thread_in_native, id=2052, stack(0x00000060c5c00000,0x00000060c5d00000) (1024K)]
  0x0000026012e321c0 JavaThread "Notification Thread"        daemon [_thread_blocked, id=15764, stack(0x00000060c5d00000,0x00000060c5e00000) (1024K)]
  0x000002605842d550 JavaThread "Thread-0"                          [_thread_blocked, id=16392, stack(0x00000060c5e00000,0x00000060c5f00000) (1024K)]
  0x00000260589b5060 JavaThread "restartedMain"                     [_thread_in_vm, id=17604, stack(0x00000060c5f00000,0x00000060c6000000) (1024K)]
Total: 14

Other Threads:
  0x0000026012a1de60 VMThread "VM Thread"                           [id=12360, stack(0x00000060c5200000,0x00000060c5300000) (1024K)]
  0x0000026012a021d0 WatcherThread "VM Periodic Task Thread"        [id=17548, stack(0x00000060c5100000,0x00000060c5200000) (1024K)]
  0x000002607745e200 WorkerThread "GC Thread#0"                     [id=14780, stack(0x00000060c4c00000,0x00000060c4d00000) (1024K)]
  0x000002605867c3c0 WorkerThread "GC Thread#1"                     [id=17460, stack(0x00000060c6000000,0x00000060c6100000) (1024K)]
  0x000002605867c770 WorkerThread "GC Thread#2"                     [id=12344, stack(0x00000060c6100000,0x00000060c6200000) (1024K)]
  0x0000026058a388f0 WorkerThread "GC Thread#3"                     [id=16888, stack(0x00000060c6200000,0x00000060c6300000) (1024K)]
  0x0000026058a38ca0 WorkerThread "GC Thread#4"                     [id=16396, stack(0x00000060c6300000,0x00000060c6400000) (1024K)]
  0x0000026058a597e0 WorkerThread "GC Thread#5"                     [id=5132, stack(0x00000060c6400000,0x00000060c6500000) (1024K)]
  0x0000026058eaa380 WorkerThread "GC Thread#6"                     [id=5084, stack(0x00000060c6600000,0x00000060c6700000) (1024K)]
  0x0000026058eab240 WorkerThread "GC Thread#7"                     [id=16564, stack(0x00000060c6700000,0x00000060c6800000) (1024K)]
  0x0000026058ea9c20 WorkerThread "GC Thread#8"                     [id=16588, stack(0x00000060c6800000,0x00000060c6900000) (1024K)]
  0x0000026058ea9870 WorkerThread "GC Thread#9"                     [id=9236, stack(0x00000060c6900000,0x00000060c6a00000) (1024K)]
  0x0000026077465c00 ConcurrentGCThread "G1 Main Marker"            [id=13204, stack(0x00000060c4d00000,0x00000060c4e00000) (1024K)]
  0x00000260774667d0 WorkerThread "G1 Conc#0"                       [id=16352, stack(0x00000060c4e00000,0x00000060c4f00000) (1024K)]
  0x0000026058eaaae0 WorkerThread "G1 Conc#1"                       [id=18332, stack(0x00000060c6a00000,0x00000060c6b00000) (1024K)]
  0x0000026058eaae90 WorkerThread "G1 Conc#2"                       [id=16548, stack(0x00000060c6b00000,0x00000060c6c00000) (1024K)]
  0x00000260774d7ef0 ConcurrentGCThread "G1 Refine#0"               [id=17504, stack(0x00000060c4f00000,0x00000060c5000000) (1024K)]
  0x00000260774d8980 ConcurrentGCThread "G1 Service"                [id=17840, stack(0x00000060c5000000,0x00000060c5100000) (1024K)]
Total: 18

Threads with active compile tasks:
C2 CompilerThread0  3970 3353   !   4       jdk.internal.loader.BuiltinClassLoader::loadClassOrNull (143 bytes)
Total: 1

VM state: not at safepoint (normal execution)

VM Mutex/Monitor currently owned by a thread: None

Heap address: 0x00000000ca800000, size: 856 MB, Compressed Oops mode: 32-bit

CDS archive(s) mapped at: [0x0000026013000000-0x0000026013c60000-0x0000026013c60000), size 12976128, SharedBaseAddress: 0x0000026013000000, ArchiveRelocationMode: 1.
Compressed class space mapped at: 0x0000026014000000-0x0000026054000000, reserved size: 1073741824
Narrow klass base: 0x0000026013000000, Narrow klass shift: 0, Narrow klass range: 0x41000000

GC Precious Log:
 CardTable entry size: 512
 Card Set container configuration: InlinePtr #cards 5 size 8 Array Of Cards #cards 12 size 40 Howl #buckets 4 coarsen threshold 1843 Howl Bitmap #cards 512 size 80 coarsen threshold 460 Card regions per heap region 1 cards per card region 2048
 CPUs: 12 total, 12 available
 Memory: 3423M
 Large Page Support: Disabled
 NUMA Support: Disabled
 Compressed Oops: Enabled (32-bit)
 Heap Region Size: 1M
 Heap Min Capacity: 8M
 Heap Initial Capacity: 54M
 Heap Max Capacity: 856M
 Pre-touch: Disabled
 Parallel Workers: 10
 Concurrent Workers: 3
 Concurrent Refinement Workers: 10
 Periodic GC: Disabled

Heap:
 garbage-first heap   total reserved 876544K, committed 40960K, used 27963K [0x00000000ca800000, 0x0000000100000000)
  region size 1024K, 18 young (18432K), 3 survivors (3072K)
 Metaspace       used 25784K, committed 26176K, reserved 1114112K
  class space    used 3329K, committed 3520K, reserved 1048576K

Heap Regions: E=young(eden), S=young(survivor), O=old, HS=humongous(starts), HC=humongous(continues), CS=collection set, F=free, TAMS=top-at-mark-start, PB=parsable bottom
|   0|0x00000000ca800000, 0x00000000ca900000, 0x00000000ca900000|100%| O|  |TAMS 0x00000000ca800000| PB 0x00000000ca800000| Untracked |  0
|   1|0x00000000ca900000, 0x00000000caa00000, 0x00000000caa00000|100%| O|  |TAMS 0x00000000ca900000| PB 0x00000000ca900000| Untracked |  0
|   2|0x00000000caa00000, 0x00000000cab00000, 0x00000000cab00000|100%| O|  |TAMS 0x00000000caa00000| PB 0x00000000caa00000| Untracked |  0
|   3|0x00000000cab00000, 0x00000000cac00000, 0x00000000cac00000|100%| O|  |TAMS 0x00000000cab00000| PB 0x00000000cab00000| Untracked |  0
|   4|0x00000000cac00000, 0x00000000cad00000, 0x00000000cad00000|100%| O|  |TAMS 0x00000000cac00000| PB 0x00000000cac00000| Untracked |  0
|   5|0x00000000cad00000, 0x00000000cae00000, 0x00000000cae00000|100%| O|Cm|TAMS 0x00000000cad00000| PB 0x00000000cad00000| Complete |  0
|   6|0x00000000cae00000, 0x00000000caf00000, 0x00000000caf00000|100%| O|  |TAMS 0x00000000cae00000| PB 0x00000000cae00000| Untracked |  0
|   7|0x00000000caf00000, 0x00000000cb000000, 0x00000000cb000000|100%| O|  |TAMS 0x00000000caf00000| PB 0x00000000caf00000| Untracked |  0
|   8|0x00000000cb000000, 0x00000000cb100000, 0x00000000cb100000|100%| O|  |TAMS 0x00000000cb000000| PB 0x00000000cb000000| Untracked |  0
|   9|0x00000000cb100000, 0x00000000cb1e2ba8, 0x00000000cb200000| 88%| O|  |TAMS 0x00000000cb100000| PB 0x00000000cb100000| Untracked |  0
|  10|0x00000000cb200000, 0x00000000cb26c098, 0x00000000cb300000| 42%| O|  |TAMS 0x00000000cb200000| PB 0x00000000cb200000| Untracked |  0
|  11|0x00000000cb300000, 0x00000000cb300000, 0x00000000cb400000|  0%| F|  |TAMS 0x00000000cb300000| PB 0x00000000cb300000| Untracked |  0
|  12|0x00000000cb400000, 0x00000000cb400000, 0x00000000cb500000|  0%| F|  |TAMS 0x00000000cb400000| PB 0x00000000cb400000| Untracked |  0
|  13|0x00000000cb500000, 0x00000000cb600000, 0x00000000cb600000|100%| S|CS|TAMS 0x00000000cb500000| PB 0x00000000cb500000| Complete |  0
|  14|0x00000000cb600000, 0x00000000cb700000, 0x00000000cb700000|100%| S|CS|TAMS 0x00000000cb600000| PB 0x00000000cb600000| Complete |  0
|  15|0x00000000cb700000, 0x00000000cb800000, 0x00000000cb800000|100%| S|CS|TAMS 0x00000000cb700000| PB 0x00000000cb700000| Complete |  0
|  16|0x00000000cb800000, 0x00000000cb800000, 0x00000000cb900000|  0%| F|  |TAMS 0x00000000cb800000| PB 0x00000000cb800000| Untracked |  0
|  17|0x00000000cb900000, 0x00000000cb900000, 0x00000000cba00000|  0%| F|  |TAMS 0x00000000cb900000| PB 0x00000000cb900000| Untracked |  0
|  18|0x00000000cba00000, 0x00000000cba00000, 0x00000000cbb00000|  0%| F|  |TAMS 0x00000000cba00000| PB 0x00000000cba00000| Untracked |  0
|  19|0x00000000cbb00000, 0x00000000cbb00000, 0x00000000cbc00000|  0%| F|  |TAMS 0x00000000cbb00000| PB 0x00000000cbb00000| Untracked |  0
|  20|0x00000000cbc00000, 0x00000000cbc00000, 0x00000000cbd00000|  0%| F|  |TAMS 0x00000000cbc00000| PB 0x00000000cbc00000| Untracked |  0
|  21|0x00000000cbd00000, 0x00000000cbd00000, 0x00000000cbe00000|  0%| F|  |TAMS 0x00000000cbd00000| PB 0x00000000cbd00000| Untracked |  0
|  22|0x00000000cbe00000, 0x00000000cbe00000, 0x00000000cbf00000|  0%| F|  |TAMS 0x00000000cbe00000| PB 0x00000000cbe00000| Untracked |  0
|  23|0x00000000cbf00000, 0x00000000cbf00000, 0x00000000cc000000|  0%| F|  |TAMS 0x00000000cbf00000| PB 0x00000000cbf00000| Untracked |  0
|  24|0x00000000cc000000, 0x00000000cc000000, 0x00000000cc100000|  0%| F|  |TAMS 0x00000000cc000000| PB 0x00000000cc000000| Untracked |  0
|  25|0x00000000cc100000, 0x00000000cc200000, 0x00000000cc200000|100%| E|  |TAMS 0x00000000cc100000| PB 0x00000000cc100000| Complete |  0
|  26|0x00000000cc200000, 0x00000000cc300000, 0x00000000cc300000|100%| E|CS|TAMS 0x00000000cc200000| PB 0x00000000cc200000| Complete |  0
|  27|0x00000000cc300000, 0x00000000cc400000, 0x00000000cc400000|100%| E|CS|TAMS 0x00000000cc300000| PB 0x00000000cc300000| Complete |  0
|  28|0x00000000cc400000, 0x00000000cc500000, 0x00000000cc500000|100%| E|CS|TAMS 0x00000000cc400000| PB 0x00000000cc400000| Complete |  0
|  29|0x00000000cc500000, 0x00000000cc600000, 0x00000000cc600000|100%| E|CS|TAMS 0x00000000cc500000| PB 0x00000000cc500000| Complete |  0
|  30|0x00000000cc600000, 0x00000000cc700000, 0x00000000cc700000|100%| E|CS|TAMS 0x00000000cc600000| PB 0x00000000cc600000| Complete |  0
|  31|0x00000000cc700000, 0x00000000cc800000, 0x00000000cc800000|100%| E|CS|TAMS 0x00000000cc700000| PB 0x00000000cc700000| Complete |  0
|  32|0x00000000cc800000, 0x00000000cc900000, 0x00000000cc900000|100%| E|CS|TAMS 0x00000000cc800000| PB 0x00000000cc800000| Complete |  0
|  33|0x00000000cc900000, 0x00000000cca00000, 0x00000000cca00000|100%| E|CS|TAMS 0x00000000cc900000| PB 0x00000000cc900000| Complete |  0
|  34|0x00000000cca00000, 0x00000000ccb00000, 0x00000000ccb00000|100%| E|CS|TAMS 0x00000000cca00000| PB 0x00000000cca00000| Complete |  0
|  35|0x00000000ccb00000, 0x00000000ccc00000, 0x00000000ccc00000|100%| E|CS|TAMS 0x00000000ccb00000| PB 0x00000000ccb00000| Complete |  0
|  36|0x00000000ccc00000, 0x00000000ccd00000, 0x00000000ccd00000|100%| E|CS|TAMS 0x00000000ccc00000| PB 0x00000000ccc00000| Complete |  0
|  40|0x00000000cd000000, 0x00000000cd100000, 0x00000000cd100000|100%| E|CS|TAMS 0x00000000cd000000| PB 0x00000000cd000000| Complete |  0
|  41|0x00000000cd100000, 0x00000000cd200000, 0x00000000cd200000|100%| E|CS|TAMS 0x00000000cd100000| PB 0x00000000cd100000| Complete |  0
|  53|0x00000000cdd00000, 0x00000000cde00000, 0x00000000cde00000|100%| E|CS|TAMS 0x00000000cdd00000| PB 0x00000000cdd00000| Complete |  0

Card table byte_map: [0x000002600f000000,0x000002600f1b0000] _byte_map_base: 0x000002600e9ac000

Marking Bits: (CMBitMap*) 0x000002607745e820
 Bits: [0x000002600f1b0000, 0x000002600ff10000)

Polling page: 0x00000260753a0000

Metaspace:

Usage:
  Non-class:     21.94 MB used.
      Class:      3.25 MB used.
       Both:     25.19 MB used.

Virtual space:
  Non-class space:       64.00 MB reserved,      22.19 MB ( 35%) committed,  1 nodes.
      Class space:        1.00 GB reserved,       3.44 MB ( <1%) committed,  1 nodes.
             Both:        1.06 GB reserved,      25.62 MB (  2%) committed. 

Chunk freelists:
   Non-Class:  9.86 MB
       Class:  12.42 MB
        Both:  22.28 MB

MaxMetaspaceSize: unlimited
CompressedClassSpaceSize: 1.00 GB
Initial GC threshold: 21.00 MB
Current GC threshold: 35.25 MB
CDS: on
 - commit_granule_bytes: 65536.
 - commit_granule_words: 8192.
 - virtual_space_node_default_size: 8388608.
 - enlarge_chunks_in_place: 1.
 - use_allocation_guard: 0.


Internal statistics:

num_allocs_failed_limit: 3.
num_arena_births: 450.
num_arena_deaths: 0.
num_vsnodes_births: 2.
num_vsnodes_deaths: 0.
num_space_committed: 410.
num_space_uncommitted: 0.
num_chunks_returned_to_freelist: 3.
num_chunks_taken_from_freelist: 1357.
num_chunk_merges: 3.
num_chunk_splits: 928.
num_chunks_enlarged: 650.
num_inconsistent_stats: 0.

CodeHeap 'non-profiled nmethods': size=120000Kb used=1249Kb max_used=1249Kb free=118751Kb
 bounds [0x0000026007ad0000, 0x0000026007d40000, 0x000002600f000000]
CodeHeap 'profiled nmethods': size=120000Kb used=6819Kb max_used=6819Kb free=113180Kb
 bounds [0x0000026000000000, 0x00000260006b0000, 0x0000026007530000]
CodeHeap 'non-nmethods': size=5760Kb used=1475Kb max_used=1492Kb free=4285Kb
 bounds [0x0000026007530000, 0x00000260077a0000, 0x0000026007ad0000]
 total_blobs=4114 nmethods=3563 adapters=455
 compilation: enabled
              stopped_count=0, restarted_count=0
 full_count=0

Compilation events (20 events):
Event: 3.884 Thread 0x0000026012a54d30 3545   !   2       org.springframework.core.annotation.AnnotationsScanner::processElement (40 bytes)
Event: 3.884 Thread 0x0000026012a54d30 nmethod 3545 0x0000026000696010 code [0x00000260006961e0, 0x0000026000696420]
Event: 3.884 Thread 0x0000026012a54d30 3546       2       org.springframework.core.annotation.TypeMappedAnnotations$IsPresent::get (60 bytes)
Event: 3.885 Thread 0x0000026012a54d30 nmethod 3546 0x0000026000696590 code [0x0000026000696740, 0x0000026000696a18]
Event: 3.885 Thread 0x0000026012a54d30 3547       2       org.springframework.core.type.StandardAnnotationMetadata::getAnnotationAttributes (25 bytes)
Event: 3.885 Thread 0x0000026012a54d30 nmethod 3547 0x0000026000696b10 code [0x0000026000696cc0, 0x0000026000696e40]
Event: 3.885 Thread 0x0000026012a54d30 3548   !   2       org.springframework.context.annotation.ConfigurationClassUtils::checkConfigurationClassCandidate (315 bytes)
Event: 3.887 Thread 0x0000026012a54d30 nmethod 3548 0x0000026000696f10 code [0x00000260006972e0, 0x0000026000698360]
Event: 3.887 Thread 0x0000026012a54d30 3550       2       org.springframework.core.type.StandardAnnotationMetadata::isAnnotatedMethod (29 bytes)
Event: 3.888 Thread 0x0000026012a54d30 nmethod 3550 0x0000026000698d10 code [0x0000026000698f00, 0x00000260006991c0]
Event: 3.888 Thread 0x0000026012a54d30 3551       2       java.lang.reflect.ProxyGenerator::typeNames (61 bytes)
Event: 3.888 Thread 0x0000026012a54d30 nmethod 3551 0x0000026000699390 code [0x00000260006995a0, 0x0000026000699a18]
Event: 3.888 Thread 0x0000026012a54d30 3549       2       java.lang.Boolean::equals (29 bytes)
Event: 3.888 Thread 0x0000026012a54d30 nmethod 3549 0x0000026000699c90 code [0x0000026000699e40, 0x000002600069a018]
Event: 3.888 Thread 0x0000026012a54d30 3553       2       java.lang.reflect.ProxyGenerator$ProxyMethod::codeClassForName (35 bytes)
Event: 3.889 Thread 0x0000026012a54d30 nmethod 3553 0x000002600069a110 code [0x000002600069a300, 0x000002600069a548]
Event: 3.889 Thread 0x0000026012a54d30 3552       2       java.lang.reflect.Method::isVarArgs (5 bytes)
Event: 3.889 Thread 0x0000026012a54d30 nmethod 3552 0x000002600069a690 code [0x000002600069a820, 0x000002600069a940]
Event: 3.889 Thread 0x0000026012a54d30 3554   !   2       java.lang.invoke.BoundMethodHandle$Species_L::copyWithExtendL (31 bytes)
Event: 3.889 Thread 0x0000026012a54d30 nmethod 3554 0x000002600069aa10 code [0x000002600069ac00, 0x000002600069ae60]

GC Heap History (10 events):
Event: 1.351 GC heap before
{Heap before GC invocations=0 (full 0):
 garbage-first heap   total reserved 876544K, committed 55296K, used 23552K [0x00000000ca800000, 0x0000000100000000)
  region size 1024K, 24 young (24576K), 0 survivors (0K)
 Metaspace       used 6519K, committed 6720K, reserved 1114112K
  class space    used 757K, committed 832K, reserved 1048576K
}
Event: 1.358 GC heap after
{Heap after GC invocations=1 (full 0):
 garbage-first heap   total reserved 876544K, committed 55296K, used 5866K [0x00000000ca800000, 0x0000000100000000)
  region size 1024K, 3 young (3072K), 3 survivors (3072K)
 Metaspace       used 6519K, committed 6720K, reserved 1114112K
  class space    used 757K, committed 832K, reserved 1048576K
}
Event: 2.129 GC heap before
{Heap before GC invocations=1 (full 0):
 garbage-first heap   total reserved 876544K, committed 55296K, used 31466K [0x00000000ca800000, 0x0000000100000000)
  region size 1024K, 28 young (28672K), 3 survivors (3072K)
 Metaspace       used 12650K, committed 12992K, reserved 1114112K
  class space    used 1660K, committed 1792K, reserved 1048576K
}
Event: 2.135 GC heap after
{Heap after GC invocations=2 (full 0):
 garbage-first heap   total reserved 876544K, committed 55296K, used 7964K [0x00000000ca800000, 0x0000000100000000)
  region size 1024K, 3 young (3072K), 3 survivors (3072K)
 Metaspace       used 12650K, committed 12992K, reserved 1114112K
  class space    used 1660K, committed 1792K, reserved 1048576K
}
Event: 2.623 GC heap before
{Heap before GC invocations=2 (full 0):
 garbage-first heap   total reserved 876544K, committed 55296K, used 34588K [0x00000000ca800000, 0x0000000100000000)
  region size 1024K, 30 young (30720K), 3 survivors (3072K)
 Metaspace       used 18985K, committed 19264K, reserved 1114112K
  class space    used 2413K, committed 2560K, reserved 1048576K
}
Event: 2.628 GC heap after
{Heap after GC invocations=3 (full 0):
 garbage-first heap   total reserved 876544K, committed 55296K, used 10059K [0x00000000ca800000, 0x0000000100000000)
  region size 1024K, 4 young (4096K), 4 survivors (4096K)
 Metaspace       used 18985K, committed 19264K, reserved 1114112K
  class space    used 2413K, committed 2560K, reserved 1048576K
}
Event: 2.856 GC heap before
{Heap before GC invocations=3 (full 0):
 garbage-first heap   total reserved 876544K, committed 55296K, used 21323K [0x00000000ca800000, 0x0000000100000000)
  region size 1024K, 16 young (16384K), 4 survivors (4096K)
 Metaspace       used 21225K, committed 21504K, reserved 1114112K
  class space    used 2719K, committed 2880K, reserved 1048576K
}
Event: 2.862 GC heap after
{Heap after GC invocations=4 (full 0):
 garbage-first heap   total reserved 876544K, committed 55296K, used 11834K [0x00000000ca800000, 0x0000000100000000)
  region size 1024K, 2 young (2048K), 2 survivors (2048K)
 Metaspace       used 21225K, committed 21504K, reserved 1114112K
  class space    used 2719K, committed 2880K, reserved 1048576K
}
Event: 3.473 GC heap before
{Heap before GC invocations=5 (full 0):
 garbage-first heap   total reserved 876544K, committed 40960K, used 34362K [0x00000000ca800000, 0x0000000100000000)
  region size 1024K, 24 young (24576K), 2 survivors (2048K)
 Metaspace       used 23443K, committed 23744K, reserved 1114112K
  class space    used 2994K, committed 3136K, reserved 1048576K
}
Event: 3.479 GC heap after
{Heap after GC invocations=6 (full 0):
 garbage-first heap   total reserved 876544K, committed 40960K, used 13627K [0x00000000ca800000, 0x0000000100000000)
  region size 1024K, 3 young (3072K), 3 survivors (3072K)
 Metaspace       used 23443K, committed 23744K, reserved 1114112K
  class space    used 2994K, committed 3136K, reserved 1048576K
}

Dll operation events (14 events):
Event: 0.018 Loaded shared library C:\Program Files\Java\jdk-22\bin\java.dll
Event: 0.074 Loaded shared library C:\Program Files\Java\jdk-22\bin\jsvml.dll
Event: 0.218 Loaded shared library C:\Program Files\Java\jdk-22\bin\zip.dll
Event: 0.224 Loaded shared library C:\Program Files\Java\jdk-22\bin\instrument.dll
Event: 0.230 Loaded shared library C:\Program Files\Java\jdk-22\bin\net.dll
Event: 0.232 Loaded shared library C:\Program Files\Java\jdk-22\bin\nio.dll
Event: 0.237 Loaded shared library C:\Program Files\Java\jdk-22\bin\zip.dll
Event: 0.466 Loaded shared library D:\IntelliJ IDEA Community Edition 2024.3.1\bin\breakgen64.dll
Event: 0.486 Loaded shared library C:\Program Files\Java\jdk-22\bin\extnet.dll
Event: 0.547 Loaded shared library C:\Program Files\Java\jdk-22\bin\jimage.dll
Event: 1.052 Loaded shared library C:\Program Files\Java\jdk-22\bin\management.dll
Event: 1.055 Loaded shared library C:\Program Files\Java\jdk-22\bin\management_ext.dll
Event: 1.863 Loaded shared library C:\Program Files\Java\jdk-22\bin\le.dll
Event: 2.903 Loaded shared library C:\Program Files\Java\jdk-22\bin\sunmscapi.dll

Deoptimization events (20 events):
Event: 3.225 Thread 0x00000260589b5060 Uncommon trap: trap_request=0xffffffde fr.pc=0x0000026007ae15c8 relative=0x00000000000001a8
Event: 3.225 Thread 0x00000260589b5060 Uncommon trap: reason=class_check action=maybe_recompile pc=0x0000026007ae15c8 method=java.lang.String.equals(Ljava/lang/Object;)Z @ 8 c2
Event: 3.225 Thread 0x00000260589b5060 DEOPT PACKING pc=0x0000026007ae15c8 sp=0x00000060c5ffe320
Event: 3.225 Thread 0x00000260589b5060 DEOPT UNPACKING pc=0x00000260075846a2 sp=0x00000060c5ffe2a8 mode 2
Event: 3.225 Thread 0x00000260589b5060 Uncommon trap: trap_request=0xffffffde fr.pc=0x0000026007ae15c8 relative=0x00000000000001a8
Event: 3.225 Thread 0x00000260589b5060 Uncommon trap: reason=class_check action=maybe_recompile pc=0x0000026007ae15c8 method=java.lang.String.equals(Ljava/lang/Object;)Z @ 8 c2
Event: 3.225 Thread 0x00000260589b5060 DEOPT PACKING pc=0x0000026007ae15c8 sp=0x00000060c5ffe320
Event: 3.225 Thread 0x00000260589b5060 DEOPT UNPACKING pc=0x00000260075846a2 sp=0x00000060c5ffe2a8 mode 2
Event: 3.225 Thread 0x00000260589b5060 Uncommon trap: trap_request=0xffffffde fr.pc=0x0000026007ae15c8 relative=0x00000000000001a8
Event: 3.225 Thread 0x00000260589b5060 Uncommon trap: reason=class_check action=maybe_recompile pc=0x0000026007ae15c8 method=java.lang.String.equals(Ljava/lang/Object;)Z @ 8 c2
Event: 3.225 Thread 0x00000260589b5060 DEOPT PACKING pc=0x0000026007ae15c8 sp=0x00000060c5ffe320
Event: 3.225 Thread 0x00000260589b5060 DEOPT UNPACKING pc=0x00000260075846a2 sp=0x00000060c5ffe2a8 mode 2
Event: 3.226 Thread 0x00000260589b5060 Uncommon trap: trap_request=0xffffffde fr.pc=0x0000026007ae15c8 relative=0x00000000000001a8
Event: 3.226 Thread 0x00000260589b5060 Uncommon trap: reason=class_check action=maybe_recompile pc=0x0000026007ae15c8 method=java.lang.String.equals(Ljava/lang/Object;)Z @ 8 c2
Event: 3.226 Thread 0x00000260589b5060 DEOPT PACKING pc=0x0000026007ae15c8 sp=0x00000060c5ffe000
Event: 3.226 Thread 0x00000260589b5060 DEOPT UNPACKING pc=0x00000260075846a2 sp=0x00000060c5ffdf88 mode 2
Event: 3.596 Thread 0x00000260589b5060 Uncommon trap: trap_request=0xffffff45 fr.pc=0x0000026007bf5d84 relative=0x0000000000000304
Event: 3.596 Thread 0x00000260589b5060 Uncommon trap: reason=unstable_if action=reinterpret pc=0x0000026007bf5d84 method=org.springframework.beans.factory.support.AbstractBeanFactory.getMergedLocalBeanDefinition(Ljava/lang/String;)Lorg/springframework/beans/factory/support/RootBeanDefinition; 
Event: 3.596 Thread 0x00000260589b5060 DEOPT PACKING pc=0x0000026007bf5d84 sp=0x00000060c5ffdd70
Event: 3.596 Thread 0x00000260589b5060 DEOPT UNPACKING pc=0x00000260075846a2 sp=0x00000060c5ffdd18 mode 2

Classes loaded (20 events):
Event: 2.910 Loading class com/sun/security/sasl/Provider$1
Event: 2.910 Loading class com/sun/security/sasl/Provider$1 done
Event: 2.910 Loading class com/sun/security/sasl/Provider$ProviderService
Event: 2.910 Loading class com/sun/security/sasl/Provider$ProviderService done
Event: 3.600 Loading class java/util/Collections$UnmodifiableMap$UnmodifiableEntrySet$1
Event: 3.600 Loading class java/util/Collections$UnmodifiableMap$UnmodifiableEntrySet$1 done
Event: 3.652 Loading class java/util/stream/Streams$ConcatSpliterator$OfRef
Event: 3.652 Loading class java/util/stream/Streams$ConcatSpliterator
Event: 3.652 Loading class java/util/stream/Streams$ConcatSpliterator done
Event: 3.652 Loading class java/util/stream/Streams$ConcatSpliterator$OfRef done
Event: 3.652 Loading class java/util/stream/Streams$2
Event: 3.653 Loading class java/util/stream/Streams$2 done
Event: 3.679 Loading class java/util/stream/ReferencePipeline$15
Event: 3.679 Loading class java/util/stream/ReferencePipeline$15 done
Event: 3.680 Loading class java/util/stream/ReferencePipeline$15$1
Event: 3.680 Loading class java/util/stream/ReferencePipeline$15$1 done
Event: 3.863 Loading class java/io/FileFilter
Event: 3.863 Loading class java/io/FileFilter done
Event: 3.878 Loading class java/net/SocketException
Event: 3.878 Loading class java/net/SocketException done

Classes unloaded (0 events):
No events

Classes redefined (0 events):
No events

Internal exceptions (20 events):
Event: 1.826 Thread 0x00000260589b5060 Exception <a 'java/lang/IncompatibleClassChangeError'{0x00000000cd2ed6f8}: Found class java.lang.Object, but interface was expected> (0x00000000cd2ed6f8) 
thrown [s\open\src\hotspot\share\interpreter\linkResolver.cpp, line 841]
Event: 1.832 Thread 0x00000260589b5060 Exception <a 'java/lang/NoSuchMethodError'{0x00000000cd123490}: 'java.lang.Object java.lang.invoke.DirectMethodHandle$Holder.invokeStaticInit(java.lang.Object, int)'> (0x00000000cd123490) 
thrown [s\open\src\hotspot\share\interpreter\linkResolver.cpp, line 774]
Event: 1.836 Thread 0x00000260589b5060 Exception <a 'java/lang/NoSuchMethodError'{0x00000000cd12d7f8}: 'java.lang.Object java.lang.invoke.DirectMethodHandle$Holder.invokeStatic(java.lang.Object, int, java.lang.Object)'> (0x00000000cd12d7f8) 
thrown [s\open\src\hotspot\share\interpreter\linkResolver.cpp, line 774]
Event: 1.837 Thread 0x00000260589b5060 Exception <a 'java/lang/NoSuchMethodError'{0x00000000cd130e78}: 'java.lang.Object java.lang.invoke.DirectMethodHandle$Holder.invokeStaticInit(java.lang.Object, int, java.lang.Object)'> (0x00000000cd130e78) 
thrown [s\open\src\hotspot\share\interpreter\linkResolver.cpp, line 774]
Event: 1.853 Thread 0x00000260589b5060 Exception <a 'sun/nio/fs/WindowsException'{0x00000000cd153210}> (0x00000000cd153210) 
thrown [s\open\src\hotspot\share\prims\jni.cpp, line 520]
Event: 1.867 Thread 0x00000260589b5060 Exception <a 'jdk/internal/org/jline/terminal/impl/jna/LastErrorException'{0x00000000cd01dcf0}> (0x00000000cd01dcf0) 
thrown [s\open\src\hotspot\share\prims\jni.cpp, line 520]
Event: 1.867 Thread 0x00000260589b5060 Exception <a 'jdk/internal/org/jline/terminal/impl/jna/LastErrorException'{0x00000000cd01e3b0}> (0x00000000cd01e3b0) 
thrown [s\open\src\hotspot\share\prims\jni.cpp, line 520]
Event: 1.867 Thread 0x00000260589b5060 Exception <a 'jdk/internal/org/jline/terminal/impl/jna/LastErrorException'{0x00000000cd01ea20}> (0x00000000cd01ea20) 
thrown [s\open\src\hotspot\share\prims\jni.cpp, line 520]
Event: 2.395 Thread 0x00000260589b5060 Exception <a 'java/lang/NoSuchMethodError'{0x00000000cd0745e0}: 'int java.lang.invoke.DirectMethodHandle$Holder.invokeSpecial(java.lang.Object, java.lang.Object, java.lang.Object, java.lang.Object, java.lang.Object)'> (0x00000000cd0745e0) 
thrown [s\open\src\hotspot\share\interpreter\linkResolver.cpp, line 774]
Event: 2.398 Thread 0x00000260589b5060 Exception <a 'java/lang/NoSuchMethodError'{0x00000000cd07c838}: 'void java.lang.invoke.DirectMethodHandle$Holder.invokeVirtual(java.lang.Object, java.lang.Object)'> (0x00000000cd07c838) 
thrown [s\open\src\hotspot\share\interpreter\linkResolver.cpp, line 774]
Event: 2.570 Thread 0x00000260589b5060 Exception <a 'java/lang/IncompatibleClassChangeError'{0x00000000cc617b10}: Found class java.lang.Object, but interface was expected> (0x00000000cc617b10) 
thrown [s\open\src\hotspot\share\interpreter\linkResolver.cpp, line 841]
Event: 2.724 Thread 0x0000026058aa6cf0 Exception <a 'java/lang/NoSuchMethodError'{0x00000000cd7223f8}: 'long java.lang.invoke.DirectMethodHandle$Holder.invokeSpecial(java.lang.Object, java.lang.Object)'> (0x00000000cd7223f8) 
thrown [s\open\src\hotspot\share\interpreter\linkResolver.cpp, line 774]
Event: 2.726 Thread 0x0000026058aa6cf0 Exception <a 'java/lang/NoSuchMethodError'{0x00000000cd72bff0}: 'long java.lang.invoke.DirectMethodHandle$Holder.invokeStatic(java.lang.Object, java.lang.Object)'> (0x00000000cd72bff0) 
thrown [s\open\src\hotspot\share\interpreter\linkResolver.cpp, line 774]
Event: 2.727 Thread 0x0000026058aa6cf0 Exception <a 'java/lang/NoSuchMethodError'{0x00000000cd72f0d8}: 'long java.lang.invoke.DirectMethodHandle$Holder.invokeStaticInit(java.lang.Object, java.lang.Object)'> (0x00000000cd72f0d8) 
thrown [s\open\src\hotspot\share\interpreter\linkResolver.cpp, line 774]
Event: 2.729 Thread 0x0000026058aa6cf0 Exception <a 'java/lang/NoSuchMethodError'{0x00000000cd73b2d0}: 'long java.lang.invoke.DirectMethodHandle$Holder.invokeInterface(java.lang.Object, java.lang.Object)'> (0x00000000cd73b2d0) 
thrown [s\open\src\hotspot\share\interpreter\linkResolver.cpp, line 774]
Event: 2.730 Thread 0x0000026058aa6cf0 Exception <a 'java/lang/IncompatibleClassChangeError'{0x00000000cd73e2e0}: Found class java.lang.Object, but interface was expected> (0x00000000cd73e2e0) 
thrown [s\open\src\hotspot\share\interpreter\linkResolver.cpp, line 841]
Event: 2.735 Thread 0x0000026058aa6cf0 Exception <a 'java/lang/NoSuchMethodError'{0x00000000cd7ba658}: 'java.lang.Object java.lang.invoke.DirectMethodHandle$Holder.invokeVirtual(java.lang.Object, java.lang.Object, java.lang.Object, java.lang.Object)'> (0x00000000cd7ba658) 
thrown [s\open\src\hotspot\share\interpreter\linkResolver.cpp, line 774]
Event: 2.740 Thread 0x00000260589b5060 Exception <a 'java/lang/IncompatibleClassChangeError'{0x00000000cd7f04b8}: Found class java.lang.Object, but interface was expected> (0x00000000cd7f04b8) 
thrown [s\open\src\hotspot\share\interpreter\linkResolver.cpp, line 841]
Event: 3.671 Thread 0x00000260589b5060 Exception <a 'java/lang/NoSuchMethodError'{0x00000000ccaa2c40}: 'java.lang.Object java.lang.invoke.DirectMethodHandle$Holder.invokeSpecialIFC(java.lang.Object, java.lang.Object, java.lang.Object)'> (0x00000000ccaa2c40) 
thrown [s\open\src\hotspot\share\interpreter\linkResolver.cpp, line 774]
Event: 3.891 Thread 0x00000260589b5060 Exception <a 'java/lang/NoSuchMethodError'{0x00000000cc369570}: 'java.lang.Object java.lang.invoke.DirectMethodHandle$Holder.newInvokeSpecial(java.lang.Object, java.lang.Object, java.lang.Object, java.lang.Object, java.lang.Object, java.lang.Object)'> (0x00000000cc369570) 
thrown [s\open\src\hotspot\share\interpreter\linkResolver.cpp, line 774]

ZGC Phase Switch (0 events):
No events

VM Operations (20 events):
Event: 2.862 Executing VM operation: HandshakeAllThreads (Deoptimize)
Event: 2.863 Executing VM operation: HandshakeAllThreads (Deoptimize) done
Event: 2.869 Executing VM operation: G1PauseRemark
Event: 2.872 Executing VM operation: G1PauseRemark done
Event: 2.875 Executing VM operation: G1PauseCleanup
Event: 2.876 Executing VM operation: G1PauseCleanup done
Event: 3.330 Executing VM operation: ICBufferFull
Event: 3.330 Executing VM operation: ICBufferFull done
Event: 3.473 Executing VM operation: G1CollectForAllocation (G1 Evacuation Pause)
Event: 3.479 Executing VM operation: G1CollectForAllocation (G1 Evacuation Pause) done
Event: 3.593 Executing VM operation: HandshakeAllThreads (Deoptimize)
Event: 3.593 Executing VM operation: HandshakeAllThreads (Deoptimize) done
Event: 3.593 Executing VM operation: HandshakeAllThreads (Deoptimize)
Event: 3.594 Executing VM operation: HandshakeAllThreads (Deoptimize) done
Event: 3.602 Executing VM operation: HandshakeAllThreads (Deoptimize)
Event: 3.602 Executing VM operation: HandshakeAllThreads (Deoptimize) done
Event: 3.603 Executing VM operation: HandshakeAllThreads (Deoptimize)
Event: 3.603 Executing VM operation: HandshakeAllThreads (Deoptimize) done
Event: 3.685 Executing VM operation: HandshakeAllThreads (Deoptimize)
Event: 3.685 Executing VM operation: HandshakeAllThreads (Deoptimize) done

Memory protections (0 events):
No events

Nmethod flushes (0 events):
No events

Events (18 events):
Event: 0.047 Thread 0x000002607528b820 Thread added: 0x000002607528b820
Event: 0.070 Thread 0x000002607528b820 Thread added: 0x0000026012a3adb0
Event: 0.070 Thread 0x000002607528b820 Thread added: 0x0000026012a3cb80
Event: 0.071 Thread 0x000002607528b820 Thread added: 0x0000026012a3f5c0
Event: 0.071 Thread 0x000002607528b820 Thread added: 0x0000026012a42030
Event: 0.071 Thread 0x000002607528b820 Thread added: 0x0000026012a43230
Event: 0.071 Thread 0x000002607528b820 Thread added: 0x0000026012a46570
Event: 0.071 Thread 0x000002607528b820 Thread added: 0x0000026012a4ccf0
Event: 0.071 Thread 0x000002607528b820 Thread added: 0x0000026012a54d30
Event: 0.184 Thread 0x000002607528b820 Thread added: 0x0000026012c6be60
Event: 0.467 Thread 0x000002607528b820 Thread added: 0x0000026012ef2300
Event: 0.467 Thread 0x000002607528b820 Thread added: 0x0000026012e321c0
Event: 1.118 Thread 0x000002607528b820 Thread added: 0x000002605842d550
Event: 1.121 Thread 0x000002605842d550 Thread added: 0x00000260589b5060
Event: 1.796 Thread 0x00000260589b5060 Thread added: 0x0000026058aa6cf0
Event: 2.582 Thread 0x00000260589b5060 Thread added: 0x0000026059455ea0
Event: 2.723 Thread 0x0000026059455ea0 Thread exited: 0x0000026059455ea0
Event: 2.912 Thread 0x0000026058aa6cf0 Thread exited: 0x0000026058aa6cf0


Dynamic libraries:
0x00007ff739cf0000 - 0x00007ff739d00000 	C:\Program Files\Java\jdk-22\bin\java.exe
0x00007fff4a9d0000 - 0x00007fff4abe7000 	C:\Windows\SYSTEM32\ntdll.dll
0x00007fff49880000 - 0x00007fff49944000 	C:\Windows\System32\KERNEL32.DLL
0x00007fff47d50000 - 0x00007fff4810a000 	C:\Windows\System32\KERNELBASE.dll
0x00007fff481b0000 - 0x00007fff482c1000 	C:\Windows\System32\ucrtbase.dll
0x00007fff1e160000 - 0x00007fff1e177000 	C:\Program Files\Java\jdk-22\bin\jli.dll
0x00007fff1de20000 - 0x00007fff1de3b000 	C:\Program Files\Java\jdk-22\bin\VCRUNTIME140.dll
0x00007fff4a480000 - 0x00007fff4a62e000 	C:\Windows\System32\USER32.dll
0x00007fff482d0000 - 0x00007fff482f6000 	C:\Windows\System32\win32u.dll
0x00007fff2ce70000 - 0x00007fff2d102000 	C:\Windows\WinSxS\amd64_microsoft.windows.common-controls_6595b64144ccf1df_6.0.22621.4541_none_2710d1c57384c085\COMCTL32.dll
0x00007fff48d40000 - 0x00007fff48d69000 	C:\Windows\System32\GDI32.dll
0x00007fff49fe0000 - 0x00007fff4a087000 	C:\Windows\System32\msvcrt.dll
0x00007fff48470000 - 0x00007fff4858b000 	C:\Windows\System32\gdi32full.dll
0x00007fff48110000 - 0x00007fff481aa000 	C:\Windows\System32\msvcp_win.dll
0x00007fff48880000 - 0x00007fff488b1000 	C:\Windows\System32\IMM32.DLL
0x00007fff44150000 - 0x00007fff4415c000 	C:\Program Files\Java\jdk-22\bin\vcruntime140_1.dll
0x00007fff1dd90000 - 0x00007fff1de1e000 	C:\Program Files\Java\jdk-22\bin\msvcp140.dll
0x00007fff1cc30000 - 0x00007fff1d979000 	C:\Program Files\Java\jdk-22\bin\server\jvm.dll
0x00007fff49a10000 - 0x00007fff49ac2000 	C:\Windows\System32\ADVAPI32.dll
0x00007fff49960000 - 0x00007fff49a07000 	C:\Windows\System32\sechost.dll
0x00007fff48590000 - 0x00007fff485b8000 	C:\Windows\System32\bcrypt.dll
0x00007fff48e70000 - 0x00007fff48f84000 	C:\Windows\System32\RPCRT4.dll
0x00007fff4a2e0000 - 0x00007fff4a351000 	C:\Windows\System32\WS2_32.dll
0x00007fff47b60000 - 0x00007fff47bad000 	C:\Windows\SYSTEM32\POWRPROF.dll
0x00007fff42800000 - 0x00007fff42834000 	C:\Windows\SYSTEM32\WINMM.dll
0x00007fff41d90000 - 0x00007fff41d9a000 	C:\Windows\SYSTEM32\VERSION.dll
0x00007fff47b40000 - 0x00007fff47b53000 	C:\Windows\SYSTEM32\UMPDC.dll
0x00007fff46c90000 - 0x00007fff46ca8000 	C:\Windows\SYSTEM32\kernel.appcore.dll
0x00007fff44060000 - 0x00007fff4406a000 	C:\Program Files\Java\jdk-22\bin\jimage.dll
0x00007fff3eb90000 - 0x00007fff3edc2000 	C:\Windows\SYSTEM32\DBGHELP.DLL
0x00007fff48930000 - 0x00007fff48cc1000 	C:\Windows\System32\combase.dll
0x00007fff4a090000 - 0x00007fff4a167000 	C:\Windows\System32\OLEAUT32.dll
0x00007fff335c0000 - 0x00007fff335f2000 	C:\Windows\SYSTEM32\dbgcore.DLL
0x00007fff485c0000 - 0x00007fff4863b000 	C:\Windows\System32\bcryptPrimitives.dll
0x00007fff2b370000 - 0x00007fff2b37f000 	C:\Program Files\Java\jdk-22\bin\instrument.dll
0x00007fff1dd70000 - 0x00007fff1dd8e000 	C:\Program Files\Java\jdk-22\bin\java.dll
0x00007fff48ff0000 - 0x00007fff49869000 	C:\Windows\System32\SHELL32.dll
0x00007fff4a7e0000 - 0x00007fff4a985000 	C:\Windows\System32\ole32.dll
0x00007fff45b80000 - 0x00007fff46489000 	C:\Windows\SYSTEM32\windows.storage.dll
0x00007fff45a40000 - 0x00007fff45b7f000 	C:\Windows\SYSTEM32\wintypes.dll
0x00007fff4a360000 - 0x00007fff4a45a000 	C:\Windows\System32\SHCORE.dll
0x00007fff48cd0000 - 0x00007fff48d2e000 	C:\Windows\System32\shlwapi.dll
0x00007fff47bc0000 - 0x00007fff47beb000 	C:\Windows\SYSTEM32\profapi.dll
0x00007fff1cb50000 - 0x00007fff1cc27000 	C:\Program Files\Java\jdk-22\bin\jsvml.dll
0x00007fff1dd30000 - 0x00007fff1dd47000 	C:\Program Files\Java\jdk-22\bin\zip.dll
0x00007fff2f9c0000 - 0x00007fff2f9d0000 	C:\Program Files\Java\jdk-22\bin\net.dll
0x00007fff47100000 - 0x00007fff47169000 	C:\Windows\system32\mswsock.dll
0x00007fff1dd50000 - 0x00007fff1dd66000 	C:\Program Files\Java\jdk-22\bin\nio.dll
0x00007fff2b350000 - 0x00007fff2b36a000 	D:\IntelliJ IDEA Community Edition 2024.3.1\bin\breakgen64.dll
0x00007fff1dce0000 - 0x00007fff1dce9000 	C:\Program Files\Java\jdk-22\bin\extnet.dll
0x00007fff2b1e0000 - 0x00007fff2b1ea000 	C:\Program Files\Java\jdk-22\bin\management.dll
0x00007fff2b1d0000 - 0x00007fff2b1db000 	C:\Program Files\Java\jdk-22\bin\management_ext.dll
0x00007fff48d30000 - 0x00007fff48d38000 	C:\Windows\System32\PSAPI.DLL
0x00007fff2b1c0000 - 0x00007fff2b1cb000 	C:\Program Files\Java\jdk-22\bin\le.dll
0x00007fff1dcf0000 - 0x00007fff1dcfe000 	C:\Program Files\Java\jdk-22\bin\sunmscapi.dll
0x00007fff48300000 - 0x00007fff48466000 	C:\Windows\System32\CRYPT32.dll
0x00007fff47560000 - 0x00007fff4758d000 	C:\Windows\SYSTEM32\ncrypt.dll
0x00007fff47520000 - 0x00007fff47557000 	C:\Windows\SYSTEM32\NTASN1.dll

dbghelp: loaded successfully - version: 4.0.5 - missing functions: none
symbol engine: initialized successfully - sym options: 0x614 - pdb path: .;C:\Program Files\Java\jdk-22\bin;C:\Windows\SYSTEM32;C:\Windows\WinSxS\amd64_microsoft.windows.common-controls_6595b64144ccf1df_6.0.22621.4541_none_2710d1c57384c085;C:\Program Files\Java\jdk-22\bin\server;D:\IntelliJ IDEA Community Edition 2024.3.1\bin

VM Arguments:
jvm_args: -javaagent:D:\IntelliJ IDEA Community Edition 2024.3.1\lib\idea_rt.jar=51573:D:\IntelliJ IDEA Community Edition 2024.3.1\bin -Dfile.encoding=UTF-8 -Dsun.stdout.encoding=UTF-8 -Dsun.stderr.encoding=UTF-8 
java_command: com.jobportal.BackendApplication
java_class_path (initial): D:\Hustlr\jobportal\target\classes;C:\Users\Namra\.m2\repository\org\springframework\boot\spring-boot-starter-data-mongodb\3.4.1\spring-boot-starter-data-mongodb-3.4.1.jar;C:\Users\Namra\.m2\repository\org\springframework\boot\spring-boot-starter\3.4.1\spring-boot-starter-3.4.1.jar;C:\Users\Namra\.m2\repository\org\springframework\boot\spring-boot-starter-logging\3.4.1\spring-boot-starter-logging-3.4.1.jar;C:\Users\Namra\.m2\repository\ch\qos\logback\logback-classic\1.5.12\logback-classic-1.5.12.jar;C:\Users\Namra\.m2\repository\ch\qos\logback\logback-core\1.5.12\logback-core-1.5.12.jar;C:\Users\Namra\.m2\repository\org\apache\logging\log4j\log4j-to-slf4j\2.24.3\log4j-to-slf4j-2.24.3.jar;C:\Users\Namra\.m2\repository\org\apache\logging\log4j\log4j-api\2.24.3\log4j-api-2.24.3.jar;C:\Users\Namra\.m2\repository\org\slf4j\jul-to-slf4j\2.0.16\jul-to-slf4j-2.0.16.jar;C:\Users\Namra\.m2\repository\jakarta\annotation\jakarta.annotation-api\2.1.1\jakarta.annotation-api-2.1.1.jar;C:\Users\Namra\.m2\repository\org\yaml\snakeyaml\2.3\snakeyaml-2.3.jar;C:\Users\Namra\.m2\repository\org\mongodb\mongodb-driver-sync\5.2.1\mongodb-driver-sync-5.2.1.jar;C:\Users\Namra\.m2\repository\org\mongodb\bson\5.2.1\bson-5.2.1.jar;C:\Users\Namra\.m2\repository\org\mongodb\mongodb-driver-core\5.2.1\mongodb-driver-core-5.2.1.jar;C:\Users\Namra\.m2\repository\org\mongodb\bson-record-codec\5.2.1\bson-record-codec-5.2.1.jar;C:\Users\Namra\.m2\repository\org\springframework\data\spring-data-mongodb\4.4.1\spring-data-mongodb-4.4.1.jar;C:\Users\Namra\.m2\repository\org\springframework\spring-tx\6.2.1\spring-tx-6.2.1.jar;C:\Users\Namra\.m2\repository\org\springframework\spring-context\6.2.1\spring-context-6.2.1.jar;C:\Users\Namra\.m2\repository\org\springframework\spring-beans\6.2.1\spring-beans-6.2.1.jar;C:\Users\Namra\.m2\repository\org\springframework\spring-expression\6.2.1\spring-expression-6.2.1.jar;C:\Users\Namra\.m2\repository\org\springframework\data\spring-data-commons\3.4.1\spring-data-commons-3.4.1.jar;C:\Users\Namra\.m2\repository\org\slf4j\slf4j-api\2.0.16\slf4j-api-2.0.16.jar;C:\Users\Namra\.m2\repository\org\springframework\boot\spring-boot-starter-thymeleaf\3.4.1\spring-boot-starter-thymeleaf-3.4.1.jar;C:\Users\Namra\.m2\repository\org\thymeleaf\thymeleaf-spring6\3.1.3.RELEASE\thymeleaf-spring6-3.1.3.RELEASE.jar;C:\Users\Namra\.m2\repository\org\thymeleaf\thymeleaf\3.1.3.RELEASE\thymeleaf-3.1.3.RELEASE.jar;C:\Users\Namra\.m2\repository\org\attoparser\attoparser\2.0.7.RELEASE\attoparser-2.0.7.RELEASE.jar;C:\Users\Namra\.m2\repository\org\unbescape\unbescape\1.1.6.RELEASE\unbescape-1.1.6.RELEASE.jar;C:\Users\Namra\.m2\repository\org\springframework\boot\spring-boot-starter-web\3.4.1\spring-boot-starter-web-3.4.1.jar;C:\Users\Namra\.m2\repository\org\springframework\boot\spring-boot-starter-json\3.4.1\spring-boot-starter-json-3.4.1.jar;C:\Users\Namra\.m2\repository\com\fasterxml\jackson\core\jackson-databind\2.18.2\jackson-databind-2.18.2.jar;C:\Users\Namra\.m2\repository\com\fasterxml\jackson\core\jackson-annotations\2.18.2\jackson-annotations-2.18.2.jar;C:\Users\Namra\.m2\repository\com\fasterxml\jackson\core\jackson-core\2.18.2\jackson-core-2.18.2.jar;C:\Users\Namra\.m2\repository\com\fasterxml\jackson\datatype\jackson-datatype-jdk8\2.18.2\jackson-datatype-jdk8-2.18.2.jar;C:\Users\Namra\.m2\repository\com\fasterxml\jackson\datatype\jackson-datatype-jsr310\2.18.2\jackson-datatype-jsr310-2.18.2.jar;C:\Users\Namra\.m2\repository\com\fasterxml\jackson\module\jackson-module-parameter-names\2.18.2\jackson-module-parameter-names-2.18.2.jar;C:\Users\Namra\.m2\repository\org\springframework\boot\spring-boot-starter-tomcat\3.4.1\spring-boot-starter-tomcat-3.4.1.jar;C:\Users\Namra\.m2\repository\org\apache\tomcat\embed\tomcat-embed-core\10.1.34\tomcat-embed-core-10.1.34.jar;C:\Users\Namra\.m2\repository\org\apache\tomcat\embed\tomcat-embed-websocket\10.1.34\tomcat-embed-websocket-10.1.34.jar;C:\Users\Namra\.m2\repository\org\springframework\spring-web\6.2.1\spring-web-6.2.1.jar;C:\Users\Namra\.m2\repository\io\micrometer\micrometer-observation\1.14.2\micrometer-observation-1.14.2.jar;C:\Users\Namra\.m2\repository\io\micrometer\micrometer-commons\1.14.2\micrometer-commons-1.14.2.jar;C:\Users\Namra\.m2\repository\org\springframework\spring-webmvc\6.2.1\spring-webmvc-6.2.1.jar;C:\Users\Namra\.m2\repository\org\springframework\boot\spring-boot-devtools\3.4.1\spring-boot-devtools-3.4.1.jar;C:\Users\Namra\.m2\repository\org\springframework\boot\spring-boot\3.4.1\spring-boot-3.4.1.jar;C:\Users\Namra\.m2\repository\org\springframework\boot\spring-boot-autoconfigure\3.4.1\spring-boot-autoconfigure-3.4.1.jar;C:\Users\Namra\.m2\repository\org\projectlombok\lombok\1.18.30\lombok-1.18.30.jar;C:\Users\Namra\.m2\repository\jakarta\activation\jakarta.activation-api\2.1.3\jakarta.activation-api-2.1.3.jar;C:\Users\Namra\.m2\repository\org\springframework\spring-core\6.2.1\spring-core-6.2.1.jar;C:\Users\Namra\.m2\repository\org\springframework\spring-jcl\6.2.1\spring-jcl-6.2.1.jar;C:\Users\Namra\.m2\repository\org\springframework\boot\spring-boot-starter-security\3.4.1\spring-boot-starter-security-3.4.1.jar;C:\Users\Namra\.m2\repository\org\springframework\spring-aop\6.2.1\spring-aop-6.2.1.jar;C:\Users\Namra\.m2\repository\org\springframework\security\spring-security-config\6.4.2\spring-security-config-6.4.2.jar;C:\Users\Namra\.m2\repository\org\springframework\security\spring-security-core\6.4.2\spring-security-core-6.4.2.jar;C:\Users\Namra\.m2\repository\org\springframework\security\spring-security-crypto\6.4.2\spring-security-crypto-6.4.2.jar;C:\Users\Namra\.m2\repository\org\springframework\security\spring-security-web\6.4.2\spring-security-web-6.4.2.jar;C:\Users\Namra\.m2\repository\org\springframework\boot\spring-boot-starter-validation\3.4.1\spring-boot-starter-validation-3.4.1.jar;C:\Users\Namra\.m2\repository\org\apache\tomcat\embed\tomcat-embed-el\10.1.34\tomcat-embed-el-10.1.34.jar;C:\Users\Namra\.m2\repository\org\hibernate\validator\hibernate-validator\8.0.2.Final\hibernate-validator-8.0.2.Final.jar;C:\Users\Namra\.m2\repository\jakarta\validation\jakarta.validation-api\3.0.2\jakarta.validation-api-3.0.2.jar;C:\Users\Namra\.m2\repository\org\jboss\logging\jboss-logging\3.6.1.Final\jboss-logging-3.6.1.Final.jar;C:\Users\Namra\.m2\repository\com\fasterxml\classmate\1.7.0\classmate-1.7.0.jar;C:\Users\Namra\.m2\repository\org\springframework\boot\spring-boot-starter-mail\3.4.1\spring-boot-starter-mail-3.4.1.jar;C:\Users\Namra\.m2\repository\org\springframework\spring-context-support\6.2.1\spring-context-support-6.2.1.jar;C:\Users\Namra\.m2\repository\org\eclipse\angus\jakarta.mail\2.0.3\jakarta.mail-2.0.3.jar;C:\Users\Namra\.m2\repository\org\eclipse\angus\angus-activation\2.0.2\angus-activation-2.0.2.jar
Launcher Type: SUN_STANDARD

[Global flags]
     intx CICompilerCount                          = 4                                         {product} {ergonomic}
     uint ConcGCThreads                            = 3                                         {product} {ergonomic}
     uint G1ConcRefinementThreads                  = 10                                        {product} {ergonomic}
   size_t G1HeapRegionSize                         = 1048576                                   {product} {ergonomic}
   size_t InitialHeapSize                          = 56623104                                  {product} {ergonomic}
   size_t MarkStackSize                            = 4194304                                   {product} {ergonomic}
   size_t MaxHeapSize                              = 897581056                                 {product} {ergonomic}
   size_t MaxNewSize                               = 537919488                                 {product} {ergonomic}
   size_t MinHeapDeltaBytes                        = 1048576                                   {product} {ergonomic}
   size_t MinHeapSize                              = 8388608                                   {product} {ergonomic}
    uintx NonNMethodCodeHeapSize                   = 5839372                                {pd product} {ergonomic}
    uintx NonProfiledCodeHeapSize                  = 122909434                              {pd product} {ergonomic}
    uintx ProfiledCodeHeapSize                     = 122909434                              {pd product} {ergonomic}
    uintx ReservedCodeCacheSize                    = 251658240                              {pd product} {ergonomic}
     bool SegmentedCodeCache                       = true                                      {product} {ergonomic}
   size_t SoftMaxHeapSize                          = 897581056                              {manageable} {ergonomic}
     bool UseCompressedOops                        = true                           {product lp64_product} {ergonomic}
     bool UseG1GC                                  = true                                      {product} {ergonomic}
     bool UseLargePagesIndividualAllocation        = false                                  {pd product} {ergonomic}

Logging:
Log output configuration:
 #0: stdout all=warning uptime,level,tags foldmultilines=false
 #1: stderr all=off uptime,level,tags foldmultilines=false

Environment Variables:
PATH=C:\Program Files\Common Files\Oracle\Java\javapath;C:\Windows\system32;C:\Windows;C:\Windows\System32\Wbem;C:\Windows\System32\WindowsPowerShell\v1.0\;C:\Windows\System32\OpenSSH\;C:\Program Files\Java\jdk-22\bin;C:\Program Files\Git\cmd;C:\Program Files\nodejs\;C:\Program Files\Git LFS;C:\Users\Namra\Downloads\apache-maven-3.9.9-bin\apache-maven-3.9.9\bin;C:\Users\Namra\AppData\Local\Microsoft\WindowsApps;C:\Users\Namra\AppData\Local\Programs\Microsoft VS Code\bin;C:\Users\Namra\AppData\Roaming\npm;C:\Program Files\JetBrains\IntelliJ IDEA 2024.2\bin;;C:\Program Files\JetBrains\IntelliJ IDEA Community Edition 2024.2.0.1\bin;
USERNAME=Namra
OS=Windows_NT
PROCESSOR_IDENTIFIER=AMD64 Family 25 Model 80 Stepping 0, AuthenticAMD
TMP=C:\Users\Namra\AppData\Local\Temp
TEMP=C:\Users\Namra\AppData\Local\Temp




Periodic native trim disabled

---------------  S Y S T E M  ---------------

OS:
 Windows 11 , 64 bit Build 22621 (10.0.22621.4391)
OS uptime: 0 days 0:29 hours
Hyper-V role detected

CPU: total 12 (initial active 12) (12 cores per cpu, 2 threads per core) family 25 model 80 stepping 0 microcode 0x0, cx8, cmov, fxsr, ht, mmx, 3dnowpref, sse, sse2, sse3, ssse3, sse4a, sse4.1, sse4.2, popcnt, lzcnt, tsc, tscinvbit, avx, avx2, aes, erms, clmul, bmi1, bmi2, adx, sha, fma, vzeroupper, clflush, clflushopt, hv, rdtscp, rdpid, fsrm, f16c, cet_ss
Processor Information for processor 0
  Max Mhz: 3301, Current Mhz: 1805, Mhz Limit: 3301
Processor Information for processor 1
  Max Mhz: 3301, Current Mhz: 1805, Mhz Limit: 3301
Processor Information for processor 2
  Max Mhz: 3301, Current Mhz: 1908, Mhz Limit: 3301
Processor Information for processor 3
  Max Mhz: 3301, Current Mhz: 1908, Mhz Limit: 3301
Processor Information for processor 4
  Max Mhz: 3301, Current Mhz: 1908, Mhz Limit: 3301
Processor Information for processor 5
  Max Mhz: 3301, Current Mhz: 1908, Mhz Limit: 3301
Processor Information for processor 6
  Max Mhz: 3301, Current Mhz: 1805, Mhz Limit: 3301
Processor Information for processor 7
  Max Mhz: 3301, Current Mhz: 1805, Mhz Limit: 3301
Processor Information for processor 8
  Max Mhz: 3301, Current Mhz: 1908, Mhz Limit: 3301
Processor Information for processor 9
  Max Mhz: 3301, Current Mhz: 1908, Mhz Limit: 3301
Processor Information for processor 10
  Max Mhz: 3301, Current Mhz: 1805, Mhz Limit: 3301
Processor Information for processor 11
  Max Mhz: 3301, Current Mhz: 1805, Mhz Limit: 3301

Memory: 4k page, system-wide physical 3423M (114M free)
TotalPageFile size 14175M (AvailPageFile size 3M)
current process WorkingSet (physical memory assigned to process): 147M, peak: 148M
current process commit charge ("private bytes"): 192M, peak: 193M

vm_info: Java HotSpot(TM) 64-Bit Server VM (22.0.2+9-70) for windows-amd64 JRE (22.0.2+9-70), built on 2024-06-04T16:52:23Z by "mach5one" with MS VC++ 17.6 (VS2022)

END.
